2026-02-10 11:54:04,374 [INFO] Env: init 28 node information:
10026:
	neigbor: ['9431', '9561', 'cluster_9563_9597', '9531']
	ilds_in: ['-10089#4_1', '-10089#4_2', 'gneE5_0', '10089#3_1', '10089#3_2', '-10046#0_1']
8794:
	neigbor: ['cluster_8985_9609', '9837', '9058', 'cluster_9563_9597']
	ilds_in: ['-10115#5_1', '-10104_1', '10115#4_1', '10106#3_1']
8940:
	neigbor: ['9007', '9429']
	ilds_in: ['10061#5_1', '10065#1_1', '-10065#2_1']
8996:
	neigbor: ['cluster_9389_9689', '9713']
	ilds_in: ['-10083#0_1', 'gneE19_0']
9007:
	neigbor: ['9309', '8940']
	ilds_in: ['10071#4_1', '-10071#5_1', '-10065#0_1']
9058:
	neigbor: ['cluster_8985_9609', '8794', 'joinedS_0']
	ilds_in: ['-10062_1', '-10043_1', '-10110_1', '10104_1']
9153:
	neigbor: ['9643']
	ilds_in: ['-10051#0_1', '10050#0_1']
9309:
	neigbor: ['9466', '9007', 'cluster_9043_9052']
	ilds_in: ['10071#5_1', '-10053#1_1', '10053#0_1', 'gneE10_0']
9413:
	neigbor: ['9721', '9837']
	ilds_in: ['-10106#2_1', '10106#1_1', '10109_1']
9429:
	neigbor: ['cluster_9043_9052', 'joinedS_1', '8940']
	ilds_in: ['-10064#4_1', '-10064#4_2', '10065#2_1', '10064#3_1', '10064#3_2', '-10059_1']
9431:
	neigbor: ['9721', '9884', '9561', '10026']
	ilds_in: ['-10089#3_1', '-10089#3_2', '10089#2_1', '10089#2_2', '10099#3_1']
9433:
	neigbor: ['joinedS_1']
	ilds_in: ['10052#5_1', '10180#3_1']
9466:
	neigbor: ['9309', 'joinedS_0', 'cluster_9043_9052']
	ilds_in: ['-10053#0_1', '10053#2_1', '-10067#0_1', '-10080#0_1']
9480:
	neigbor: ['8996', '9713']
	ilds_in: ['10183#13_1', '-10183#14_1', '-10185#0_1']
9531:
	neigbor: ['joinedS_1', '10026']
	ilds_in: ['10031#0_1', '10031#0_2', '10077_1']
9561:
	neigbor: ['cluster_9389_9689', '10026', '9431', '9884']
	ilds_in: ['10086_1', '10046#1_1', 'gneE13_0', 'gneE15_0']
9643:
	neigbor: ['9153']
	ilds_in: ['-10051#1_1', '10051#0_1', '-10178_1']
9713:
	neigbor: ['9721', '9884', '8996']
	ilds_in: ['-10094#2_1', '-10095_1', '10094#1_1']
9721:
	neigbor: ['9431', '9713', '9413']
	ilds_in: ['-10089#2_1', '-10089#2_2', '-10109_1', '10089#1_1', '10089#1_2', '10094#3_1']
9837:
	neigbor: ['9413', '8794', 'cluster_8985_9609']
	ilds_in: ['-10106#3_1', '10049_1', '10106#2_1']
9884:
	neigbor: ['9713', '9431', 'cluster_9389_9689', '9561']
	ilds_in: ['gneE20_0', '-10100_1']
cluster_8751_9630:
	neigbor: ['cluster_9389_9689']
	ilds_in: ['-10186_1', '-10078#2_1', '10083#2_1', '-10084#0_1']
cluster_8985_9609:
	neigbor: ['9837', '8794', '9058']
	ilds_in: ['-10115#4_1', '10110_1', '10115#2_1', '-10049_1']
cluster_9043_9052:
	neigbor: ['cluster_9563_9597', '9466', '9309', '10026', 'joinedS_1']
	ilds_in: ['gneE11_0', 'gneE11_1', 'gneE9_0', '-10090#0_1', '-10090#0_2', '10092_1', '10092_2']
cluster_9389_9689:
	neigbor: ['9884', '9561', 'cluster_8751_9630', '8996']
	ilds_in: ['-10085_1', 'gneE16_0', '10100_1', '-10046#5_1']
cluster_9563_9597:
	neigbor: ['10026', '8794', 'joinedS_0', 'cluster_9043_9052']
	ilds_in: ['10090#1_1', '10090#1_2', '10108#5_1', '10108#5_2', '10115#5_1', 'gneE4_0']
joinedS_0:
	neigbor: ['9058', 'cluster_9563_9597', '9466']
	ilds_in: ['10108#2_1', '10108#2_2', '10062_1', 'gneE7_0', 'gneE7_1', '10067#1_1', '10108#0_1', '10108#0_2', '10043_1', '-10108#2_1', '-10108#2_2']
joinedS_1:
	neigbor: ['9531', '9429']
	ilds_in: ['10102_1', '10102_2', 'gneE18_0', '-10116_1', '10181#2_1']

2026-02-10 11:54:04,375 [INFO] Training: s dim: 465, a dim 62620623175680, s dim ls: [24, 21, 12, 9, 10, 23, 5, 18, 12, 21, 23, 7, 26, 8, 14, 21, 5, 13, 17, 14, 18, 8, 15, 32, 16, 34, 25, 14], a dim ls: [6, 4, 2, 2, 2, 4, 2, 4, 2, 5, 2, 2, 4, 2, 2, 4, 2, 3, 6, 3, 2, 4, 4, 4, 4, 4, 6, 3]
