2026-04-06 10:12:18,310 - Reading configuration from: /home/sdc_joran/Journal/deeprl_signal_control/config/config_ma2c_real.ini
2026-04-06 10:12:18,310 - Using frozen controller run dir: /home/sdc_joran/Journal/deeprl_signal_control/runs/ma2c_real
2026-04-06 10:12:18,310 - Adversary output dir: /home/sdc_joran/Journal/deeprl_signal_control/output_adversary_monaco/ma2c_real_old
2026-04-06 10:12:18,311 - Initializing Adversarial Environment...
2026-04-06 10:12:28,698 - Initializing GCN Adversary...
2026-04-06 10:12:28,834 - Start Training...
2026-04-06 10:12:55,930 - Episode 0: Steps=11, Reward=24514.00
2026-04-06 10:13:18,288 - Episode 1: Steps=11, Reward=17177.00
2026-04-06 10:13:40,871 - Episode 2: Steps=11, Reward=15436.00
2026-04-06 10:14:03,671 - Episode 3: Steps=11, Reward=19384.00
2026-04-06 10:14:26,148 - Episode 4: Steps=11, Reward=16660.00
2026-04-06 10:14:49,087 - Episode 5: Steps=11, Reward=14412.00
2026-04-06 10:15:11,816 - Episode 6: Steps=11, Reward=19184.00
2026-04-06 10:15:34,991 - Episode 7: Steps=11, Reward=18299.00
2026-04-06 10:15:57,522 - Episode 8: Steps=11, Reward=15440.00
2026-04-06 10:16:20,311 - Episode 9: Steps=11, Reward=16362.00
2026-04-06 10:16:20,329 - Saved checkpoint at episode=9 to /home/sdc_joran/Journal/deeprl_signal_control/output_adversary_monaco/ma2c_real_old/model
2026-04-06 10:16:42,881 - Episode 10: Steps=11, Reward=16896.00
2026-04-06 10:17:05,064 - Episode 11: Steps=11, Reward=17122.00
2026-04-06 10:17:28,379 - Episode 12: Steps=11, Reward=23356.00
2026-04-06 10:17:50,836 - Episode 13: Steps=11, Reward=16894.00
2026-04-06 10:18:13,769 - Episode 14: Steps=11, Reward=14564.00
2026-04-06 10:18:36,516 - Episode 15: Steps=11, Reward=16115.00
2026-04-06 10:18:58,850 - Episode 16: Steps=11, Reward=16198.00
2026-04-06 10:19:21,578 - Episode 17: Steps=11, Reward=14798.00
2026-04-06 10:19:44,555 - Episode 18: Steps=11, Reward=18931.00
2026-04-06 10:20:07,077 - Episode 19: Steps=11, Reward=14112.00
2026-04-06 10:20:07,094 - Saved checkpoint at episode=19 to /home/sdc_joran/Journal/deeprl_signal_control/output_adversary_monaco/ma2c_real_old/model
2026-04-06 10:20:29,560 - Episode 20: Steps=11, Reward=16199.00
2026-04-06 10:20:52,107 - Episode 21: Steps=11, Reward=14333.00
2026-04-06 10:21:15,097 - Episode 22: Steps=11, Reward=16820.00
2026-04-06 10:21:37,859 - Episode 23: Steps=11, Reward=14330.00
2026-04-06 10:22:00,362 - Episode 24: Steps=11, Reward=18539.00
2026-04-06 10:22:23,069 - Episode 25: Steps=11, Reward=16848.00
2026-04-06 10:22:45,773 - Episode 26: Steps=11, Reward=15716.00
2026-04-06 10:23:08,606 - Episode 27: Steps=11, Reward=15570.00
2026-04-06 10:23:31,318 - Episode 28: Steps=11, Reward=14826.00
2026-04-06 10:23:54,055 - Episode 29: Steps=11, Reward=17774.00
2026-04-06 10:23:54,065 - Saved checkpoint at episode=29 to /home/sdc_joran/Journal/deeprl_signal_control/output_adversary_monaco/ma2c_real_old/model
2026-04-06 10:24:16,662 - Episode 30: Steps=11, Reward=15471.00
2026-04-06 10:24:39,822 - Episode 31: Steps=11, Reward=18456.00
2026-04-06 10:25:02,572 - Episode 32: Steps=11, Reward=13722.00
2026-04-06 10:25:25,599 - Episode 33: Steps=11, Reward=18177.00
2026-04-06 10:25:47,978 - Episode 34: Steps=11, Reward=17164.00
2026-04-06 10:26:10,387 - Episode 35: Steps=11, Reward=15362.00
2026-04-06 10:26:33,121 - Episode 36: Steps=11, Reward=16135.00
2026-04-06 10:26:56,160 - Episode 37: Steps=11, Reward=19594.00
2026-04-06 10:27:18,514 - Episode 38: Steps=11, Reward=14762.00
2026-04-06 10:27:41,121 - Episode 39: Steps=11, Reward=15857.00
2026-04-06 10:27:41,131 - Saved checkpoint at episode=39 to /home/sdc_joran/Journal/deeprl_signal_control/output_adversary_monaco/ma2c_real_old/model
2026-04-06 10:28:04,182 - Episode 40: Steps=11, Reward=19200.00
2026-04-06 10:28:27,118 - Episode 41: Steps=11, Reward=17101.00
2026-04-06 10:28:49,638 - Episode 42: Steps=11, Reward=16397.00
2026-04-06 10:29:12,455 - Episode 43: Steps=11, Reward=17972.00
2026-04-06 10:29:35,132 - Episode 44: Steps=11, Reward=20261.00
2026-04-06 10:29:58,143 - Episode 45: Steps=11, Reward=17063.00
2026-04-06 10:30:20,533 - Episode 46: Steps=11, Reward=15279.00
2026-04-06 10:30:43,113 - Episode 47: Steps=11, Reward=14559.00
2026-04-06 10:31:06,269 - Episode 48: Steps=11, Reward=15147.00
2026-04-06 10:31:29,115 - Episode 49: Steps=11, Reward=14699.00
2026-04-06 10:31:29,126 - Saved checkpoint at episode=49 to /home/sdc_joran/Journal/deeprl_signal_control/output_adversary_monaco/ma2c_real_old/model
2026-04-06 10:31:52,143 - Episode 50: Steps=11, Reward=16562.00
2026-04-06 10:32:15,009 - Episode 51: Steps=11, Reward=15339.00
2026-04-06 10:32:37,612 - Episode 52: Steps=11, Reward=15965.00
2026-04-06 10:33:00,133 - Episode 53: Steps=11, Reward=16678.00
2026-04-06 10:33:22,882 - Episode 54: Steps=11, Reward=15899.00
2026-04-06 10:33:45,581 - Episode 55: Steps=11, Reward=14514.00
2026-04-06 10:34:08,870 - Episode 56: Steps=11, Reward=22076.00
2026-04-06 10:34:31,718 - Episode 57: Steps=11, Reward=16837.00
2026-04-06 10:34:54,403 - Episode 58: Steps=11, Reward=13776.00
2026-04-06 10:35:17,139 - Episode 59: Steps=11, Reward=14231.00
2026-04-06 10:35:17,153 - Saved checkpoint at episode=59 to /home/sdc_joran/Journal/deeprl_signal_control/output_adversary_monaco/ma2c_real_old/model
2026-04-06 10:35:39,986 - Episode 60: Steps=11, Reward=17041.00
2026-04-06 10:36:02,528 - Episode 61: Steps=11, Reward=15975.00
2026-04-06 10:36:25,614 - Episode 62: Steps=11, Reward=18987.00
2026-04-06 10:36:48,475 - Episode 63: Steps=11, Reward=17708.00
2026-04-06 10:37:11,446 - Episode 64: Steps=11, Reward=16574.00
2026-04-06 10:37:33,517 - Episode 65: Steps=11, Reward=14525.00
2026-04-06 10:37:56,528 - Episode 66: Steps=11, Reward=16917.00
2026-04-06 10:38:20,134 - Episode 67: Steps=11, Reward=29780.00
2026-04-06 10:38:42,962 - Episode 68: Steps=11, Reward=17889.00
2026-04-06 10:39:05,674 - Episode 69: Steps=11, Reward=14955.00
2026-04-06 10:39:05,686 - Saved checkpoint at episode=69 to /home/sdc_joran/Journal/deeprl_signal_control/output_adversary_monaco/ma2c_real_old/model
2026-04-06 10:39:28,359 - Episode 70: Steps=11, Reward=14386.00
2026-04-06 10:39:51,158 - Episode 71: Steps=11, Reward=15116.00
2026-04-06 10:40:13,866 - Episode 72: Steps=11, Reward=15632.00
2026-04-06 10:40:37,033 - Episode 73: Steps=11, Reward=15510.00
2026-04-06 10:41:00,211 - Episode 74: Steps=11, Reward=16213.00
2026-04-06 10:41:22,946 - Episode 75: Steps=11, Reward=15907.00
2026-04-06 10:41:45,623 - Episode 76: Steps=11, Reward=17971.00
2026-04-06 10:42:08,307 - Episode 77: Steps=11, Reward=13357.00
2026-04-06 10:42:31,144 - Episode 78: Steps=11, Reward=15716.00
2026-04-06 10:42:53,623 - Episode 79: Steps=11, Reward=14488.00
2026-04-06 10:42:53,634 - Saved checkpoint at episode=79 to /home/sdc_joran/Journal/deeprl_signal_control/output_adversary_monaco/ma2c_real_old/model
2026-04-06 10:43:16,691 - Episode 80: Steps=11, Reward=16771.00
2026-04-06 10:43:39,180 - Episode 81: Steps=11, Reward=13370.00
2026-04-06 10:44:01,635 - Episode 82: Steps=11, Reward=15338.00
2026-04-06 10:44:24,425 - Episode 83: Steps=11, Reward=16601.00
2026-04-06 10:44:47,194 - Episode 84: Steps=11, Reward=16349.00
2026-04-06 10:45:09,973 - Episode 85: Steps=11, Reward=15413.00
2026-04-06 10:45:32,635 - Episode 86: Steps=11, Reward=14404.00
2026-04-06 10:45:55,285 - Episode 87: Steps=11, Reward=14477.00
2026-04-06 10:46:18,445 - Episode 88: Steps=11, Reward=19824.00
2026-04-06 10:46:40,922 - Episode 89: Steps=11, Reward=14332.00
2026-04-06 10:46:40,931 - Saved checkpoint at episode=89 to /home/sdc_joran/Journal/deeprl_signal_control/output_adversary_monaco/ma2c_real_old/model
2026-04-06 10:47:04,003 - Episode 90: Steps=11, Reward=17837.00
2026-04-06 10:47:27,177 - Episode 91: Steps=11, Reward=15725.00
2026-04-06 10:47:49,843 - Episode 92: Steps=11, Reward=13609.00
2026-04-06 10:48:16,201 - Episode 93: Steps=11, Reward=164502.00
2026-04-06 10:48:39,313 - Episode 94: Steps=11, Reward=18286.00
2026-04-06 10:49:02,309 - Episode 95: Steps=11, Reward=15872.00
2026-04-06 10:49:25,000 - Episode 96: Steps=11, Reward=19799.00
2026-04-06 10:49:47,930 - Episode 97: Steps=11, Reward=15677.00
2026-04-06 10:50:11,348 - Episode 98: Steps=11, Reward=22325.00
2026-04-06 10:50:34,246 - Episode 99: Steps=11, Reward=15399.00
2026-04-06 10:50:34,256 - Saved checkpoint at episode=99 to /home/sdc_joran/Journal/deeprl_signal_control/output_adversary_monaco/ma2c_real_old/model
2026-04-06 10:50:56,670 - Episode 100: Steps=11, Reward=17234.00
2026-04-06 10:51:18,999 - Episode 101: Steps=11, Reward=16041.00
2026-04-06 10:51:41,953 - Episode 102: Steps=11, Reward=17632.00
2026-04-06 10:52:04,894 - Episode 103: Steps=11, Reward=15813.00
2026-04-06 10:52:27,654 - Episode 104: Steps=11, Reward=15937.00
2026-04-06 10:52:50,266 - Episode 105: Steps=11, Reward=16927.00
2026-04-06 10:53:12,543 - Episode 106: Steps=11, Reward=15310.00
2026-04-06 10:53:35,415 - Episode 107: Steps=11, Reward=20242.00
2026-04-06 10:53:58,117 - Episode 108: Steps=11, Reward=15283.00
2026-04-06 10:54:21,056 - Episode 109: Steps=11, Reward=15711.00
2026-04-06 10:54:21,065 - Saved checkpoint at episode=109 to /home/sdc_joran/Journal/deeprl_signal_control/output_adversary_monaco/ma2c_real_old/model
2026-04-06 10:54:43,669 - Episode 110: Steps=11, Reward=17608.00
2026-04-06 10:55:06,632 - Episode 111: Steps=11, Reward=16516.00
2026-04-06 10:55:29,307 - Episode 112: Steps=11, Reward=14333.00
2026-04-06 10:55:52,213 - Episode 113: Steps=11, Reward=14198.00
2026-04-06 10:56:14,820 - Episode 114: Steps=11, Reward=14126.00
2026-04-06 10:56:37,695 - Episode 115: Steps=11, Reward=14780.00
2026-04-06 10:57:00,900 - Episode 116: Steps=11, Reward=15066.00
2026-04-06 10:57:23,578 - Episode 117: Steps=11, Reward=14376.00
2026-04-06 10:57:46,273 - Episode 118: Steps=11, Reward=15978.00
2026-04-06 10:58:08,627 - Episode 119: Steps=11, Reward=15075.00
2026-04-06 10:58:08,635 - Saved checkpoint at episode=119 to /home/sdc_joran/Journal/deeprl_signal_control/output_adversary_monaco/ma2c_real_old/model
2026-04-06 10:58:31,268 - Episode 120: Steps=11, Reward=14080.00
2026-04-06 10:58:58,376 - Episode 121: Steps=11, Reward=210466.00
2026-04-06 10:59:21,294 - Episode 122: Steps=11, Reward=18657.00
2026-04-06 10:59:43,947 - Episode 123: Steps=11, Reward=13871.00
2026-04-06 11:00:06,765 - Episode 124: Steps=11, Reward=15360.00
2026-04-06 11:00:29,457 - Episode 125: Steps=11, Reward=16795.00
2026-04-06 11:00:52,596 - Episode 126: Steps=11, Reward=19651.00
2026-04-06 11:01:15,334 - Episode 127: Steps=11, Reward=13360.00
2026-04-06 11:01:38,244 - Episode 128: Steps=11, Reward=18824.00
2026-04-06 11:02:01,054 - Episode 129: Steps=11, Reward=24955.00
2026-04-06 11:02:01,062 - Saved checkpoint at episode=129 to /home/sdc_joran/Journal/deeprl_signal_control/output_adversary_monaco/ma2c_real_old/model
2026-04-06 11:02:24,048 - Episode 130: Steps=11, Reward=15895.00
2026-04-06 11:02:46,772 - Episode 131: Steps=11, Reward=14394.00
2026-04-06 11:03:09,422 - Episode 132: Steps=11, Reward=13402.00
2026-04-06 11:03:32,107 - Episode 133: Steps=11, Reward=19156.00
2026-04-06 11:03:54,733 - Episode 134: Steps=11, Reward=17075.00
2026-04-06 11:04:17,520 - Episode 135: Steps=11, Reward=16664.00
2026-04-06 11:04:40,418 - Episode 136: Steps=11, Reward=15294.00
2026-04-06 11:05:03,064 - Episode 137: Steps=11, Reward=15012.00
2026-04-06 11:05:25,880 - Episode 138: Steps=11, Reward=15636.00
2026-04-06 11:05:48,856 - Episode 139: Steps=11, Reward=15749.00
2026-04-06 11:05:48,863 - Saved checkpoint at episode=139 to /home/sdc_joran/Journal/deeprl_signal_control/output_adversary_monaco/ma2c_real_old/model
2026-04-06 11:06:11,312 - Episode 140: Steps=11, Reward=13960.00
2026-04-06 11:06:34,184 - Episode 141: Steps=11, Reward=14648.00
2026-04-06 11:06:57,118 - Episode 142: Steps=11, Reward=16655.00
2026-04-06 11:07:20,074 - Episode 143: Steps=11, Reward=17533.00
2026-04-06 11:07:42,773 - Episode 144: Steps=11, Reward=16316.00
2026-04-06 11:08:05,756 - Episode 145: Steps=11, Reward=20217.00
2026-04-06 11:08:29,941 - Episode 146: Steps=11, Reward=65170.00
2026-04-06 11:08:52,676 - Episode 147: Steps=11, Reward=17084.00
2026-04-06 11:09:15,547 - Episode 148: Steps=11, Reward=16564.00
2026-04-06 11:09:39,136 - Episode 149: Steps=11, Reward=29480.00
2026-04-06 11:09:39,147 - Saved checkpoint at episode=149 to /home/sdc_joran/Journal/deeprl_signal_control/output_adversary_monaco/ma2c_real_old/model
2026-04-06 11:10:02,315 - Episode 150: Steps=11, Reward=16370.00
2026-04-06 11:10:25,254 - Episode 151: Steps=11, Reward=18556.00
2026-04-06 11:10:48,129 - Episode 152: Steps=11, Reward=16706.00
2026-04-06 11:11:10,982 - Episode 153: Steps=11, Reward=17210.00
2026-04-06 11:11:33,996 - Episode 154: Steps=11, Reward=16290.00
2026-04-06 11:11:56,454 - Episode 155: Steps=11, Reward=15127.00
2026-04-06 11:12:19,226 - Episode 156: Steps=11, Reward=15460.00
2026-04-06 11:12:42,039 - Episode 157: Steps=11, Reward=13496.00
2026-04-06 11:13:04,879 - Episode 158: Steps=11, Reward=15669.00
2026-04-06 11:13:27,936 - Episode 159: Steps=11, Reward=16822.00
2026-04-06 11:13:27,946 - Saved checkpoint at episode=159 to /home/sdc_joran/Journal/deeprl_signal_control/output_adversary_monaco/ma2c_real_old/model
2026-04-06 11:13:50,439 - Episode 160: Steps=11, Reward=16661.00
2026-04-06 11:14:13,257 - Episode 161: Steps=11, Reward=20896.00
2026-04-06 11:14:35,817 - Episode 162: Steps=11, Reward=14030.00
2026-04-06 11:14:58,146 - Episode 163: Steps=11, Reward=15640.00
2026-04-06 11:15:20,682 - Episode 164: Steps=11, Reward=13263.00
2026-04-06 11:15:43,863 - Episode 165: Steps=11, Reward=18991.00
2026-04-06 11:16:06,916 - Episode 166: Steps=11, Reward=19248.00
2026-04-06 11:16:29,406 - Episode 167: Steps=11, Reward=14284.00
2026-04-06 11:16:51,988 - Episode 168: Steps=11, Reward=13884.00
2026-04-06 11:17:15,339 - Episode 169: Steps=11, Reward=33915.00
2026-04-06 11:17:15,349 - Saved checkpoint at episode=169 to /home/sdc_joran/Journal/deeprl_signal_control/output_adversary_monaco/ma2c_real_old/model
2026-04-06 11:17:37,827 - Episode 170: Steps=11, Reward=15212.00
2026-04-06 11:18:00,287 - Episode 171: Steps=11, Reward=13393.00
2026-04-06 11:18:23,310 - Episode 172: Steps=11, Reward=17288.00
2026-04-06 11:18:46,234 - Episode 173: Steps=11, Reward=17187.00
2026-04-06 11:19:08,718 - Episode 174: Steps=11, Reward=15095.00
2026-04-06 11:19:31,053 - Episode 175: Steps=11, Reward=14281.00
2026-04-06 11:19:53,793 - Episode 176: Steps=11, Reward=15220.00
2026-04-06 11:20:16,792 - Episode 177: Steps=11, Reward=19369.00
2026-04-06 11:20:39,470 - Episode 178: Steps=11, Reward=17072.00
2026-04-06 11:21:01,882 - Episode 179: Steps=11, Reward=14373.00
2026-04-06 11:21:01,894 - Saved checkpoint at episode=179 to /home/sdc_joran/Journal/deeprl_signal_control/output_adversary_monaco/ma2c_real_old/model
2026-04-06 11:21:24,448 - Episode 180: Steps=11, Reward=16423.00
2026-04-06 11:21:46,869 - Episode 181: Steps=11, Reward=14407.00
2026-04-06 11:22:09,402 - Episode 182: Steps=11, Reward=14877.00
2026-04-06 11:22:32,302 - Episode 183: Steps=11, Reward=16254.00
2026-04-06 11:22:55,739 - Episode 184: Steps=11, Reward=57947.00
2026-04-06 11:23:18,197 - Episode 185: Steps=11, Reward=12672.00
2026-04-06 11:23:40,967 - Episode 186: Steps=11, Reward=14846.00
2026-04-06 11:24:03,580 - Episode 187: Steps=11, Reward=14786.00
2026-04-06 11:24:26,225 - Episode 188: Steps=11, Reward=14568.00
2026-04-06 11:24:49,195 - Episode 189: Steps=11, Reward=19320.00
2026-04-06 11:24:49,202 - Saved checkpoint at episode=189 to /home/sdc_joran/Journal/deeprl_signal_control/output_adversary_monaco/ma2c_real_old/model
2026-04-06 11:25:11,697 - Episode 190: Steps=11, Reward=16080.00
2026-04-06 11:25:34,280 - Episode 191: Steps=11, Reward=19089.00
2026-04-06 11:25:56,759 - Episode 192: Steps=11, Reward=13390.00
2026-04-06 11:26:19,050 - Episode 193: Steps=11, Reward=14389.00
2026-04-06 11:26:41,762 - Episode 194: Steps=11, Reward=14608.00
2026-04-06 11:27:04,226 - Episode 195: Steps=11, Reward=14732.00
2026-04-06 11:27:26,764 - Episode 196: Steps=11, Reward=15535.00
2026-04-06 11:27:49,404 - Episode 197: Steps=11, Reward=17531.00
2026-04-06 11:28:12,116 - Episode 198: Steps=11, Reward=17169.00
2026-04-06 11:28:34,923 - Episode 199: Steps=11, Reward=15126.00
2026-04-06 11:28:34,936 - Saved checkpoint at episode=199 to /home/sdc_joran/Journal/deeprl_signal_control/output_adversary_monaco/ma2c_real_old/model
2026-04-06 11:28:57,547 - Episode 200: Steps=11, Reward=15444.00
2026-04-06 11:29:20,268 - Episode 201: Steps=11, Reward=18315.00
2026-04-06 11:29:42,980 - Episode 202: Steps=11, Reward=15638.00
2026-04-06 11:30:05,652 - Episode 203: Steps=11, Reward=15441.00
2026-04-06 11:30:28,083 - Episode 204: Steps=11, Reward=17586.00
2026-04-06 11:30:51,038 - Episode 205: Steps=11, Reward=15942.00
2026-04-06 11:31:14,198 - Episode 206: Steps=11, Reward=16842.00
2026-04-06 11:31:36,797 - Episode 207: Steps=11, Reward=15499.00
2026-04-06 11:31:59,684 - Episode 208: Steps=11, Reward=13445.00
2026-04-06 11:32:22,856 - Episode 209: Steps=11, Reward=19470.00
2026-04-06 11:32:22,864 - Saved checkpoint at episode=209 to /home/sdc_joran/Journal/deeprl_signal_control/output_adversary_monaco/ma2c_real_old/model
2026-04-06 11:32:45,999 - Episode 210: Steps=11, Reward=18171.00
2026-04-06 11:33:09,110 - Episode 211: Steps=11, Reward=20158.00
2026-04-06 11:33:32,151 - Episode 212: Steps=11, Reward=17135.00
2026-04-06 11:33:54,985 - Episode 213: Steps=11, Reward=15757.00
2026-04-06 11:34:18,615 - Episode 214: Steps=11, Reward=61867.00
2026-04-06 11:34:41,394 - Episode 215: Steps=11, Reward=16661.00
2026-04-06 11:35:04,314 - Episode 216: Steps=11, Reward=13874.00
2026-04-06 11:35:27,234 - Episode 217: Steps=11, Reward=17030.00
2026-04-06 11:35:50,025 - Episode 218: Steps=11, Reward=16725.00
2026-04-06 11:36:12,686 - Episode 219: Steps=11, Reward=13131.00
2026-04-06 11:36:12,697 - Saved checkpoint at episode=219 to /home/sdc_joran/Journal/deeprl_signal_control/output_adversary_monaco/ma2c_real_old/model
2026-04-06 11:36:35,817 - Episode 220: Steps=11, Reward=16392.00
2026-04-06 11:36:58,403 - Episode 221: Steps=11, Reward=18204.00
2026-04-06 11:37:21,705 - Episode 222: Steps=11, Reward=19370.00
2026-04-06 11:37:44,215 - Episode 223: Steps=11, Reward=14344.00
2026-04-06 11:38:06,952 - Episode 224: Steps=11, Reward=15097.00
2026-04-06 11:38:29,879 - Episode 225: Steps=11, Reward=16318.00
2026-04-06 11:38:53,688 - Episode 226: Steps=11, Reward=74641.00
2026-04-06 11:39:16,418 - Episode 227: Steps=11, Reward=15563.00
2026-04-06 11:39:39,454 - Episode 228: Steps=11, Reward=20082.00
2026-04-06 11:40:02,039 - Episode 229: Steps=11, Reward=15470.00
2026-04-06 11:40:02,051 - Saved checkpoint at episode=229 to /home/sdc_joran/Journal/deeprl_signal_control/output_adversary_monaco/ma2c_real_old/model
2026-04-06 11:40:24,415 - Episode 230: Steps=11, Reward=14570.00
2026-04-06 11:40:47,245 - Episode 231: Steps=11, Reward=16599.00
2026-04-06 11:41:10,146 - Episode 232: Steps=11, Reward=17360.00
2026-04-06 11:41:32,576 - Episode 233: Steps=11, Reward=15714.00
2026-04-06 11:41:55,159 - Episode 234: Steps=11, Reward=14968.00
2026-04-06 11:42:17,961 - Episode 235: Steps=11, Reward=13790.00
2026-04-06 11:42:40,634 - Episode 236: Steps=11, Reward=13674.00
2026-04-06 11:43:03,551 - Episode 237: Steps=11, Reward=17076.00
2026-04-06 11:43:26,280 - Episode 238: Steps=11, Reward=14255.00
2026-04-06 11:43:49,146 - Episode 239: Steps=11, Reward=16894.00
2026-04-06 11:43:49,153 - Saved checkpoint at episode=239 to /home/sdc_joran/Journal/deeprl_signal_control/output_adversary_monaco/ma2c_real_old/model
2026-04-06 11:44:11,828 - Episode 240: Steps=11, Reward=17071.00
2026-04-06 11:44:34,409 - Episode 241: Steps=11, Reward=15551.00
2026-04-06 11:44:57,606 - Episode 242: Steps=11, Reward=16419.00
2026-04-06 11:45:20,846 - Episode 243: Steps=11, Reward=15320.00
2026-04-06 11:45:49,621 - Episode 244: Steps=11, Reward=280115.00
2026-04-06 11:46:12,651 - Episode 245: Steps=11, Reward=19382.00
2026-04-06 11:46:35,605 - Episode 246: Steps=11, Reward=18073.00
2026-04-06 11:46:58,112 - Episode 247: Steps=11, Reward=15757.00
2026-04-06 11:47:20,704 - Episode 248: Steps=11, Reward=14633.00
2026-04-06 11:47:43,504 - Episode 249: Steps=11, Reward=17219.00
2026-04-06 11:47:43,513 - Saved checkpoint at episode=249 to /home/sdc_joran/Journal/deeprl_signal_control/output_adversary_monaco/ma2c_real_old/model
2026-04-06 11:48:06,452 - Episode 250: Steps=11, Reward=14450.00
2026-04-06 11:48:28,985 - Episode 251: Steps=11, Reward=16090.00
2026-04-06 11:48:51,447 - Episode 252: Steps=11, Reward=14027.00
2026-04-06 11:49:14,517 - Episode 253: Steps=11, Reward=20640.00
2026-04-06 11:49:36,994 - Episode 254: Steps=11, Reward=15200.00
2026-04-06 11:49:59,493 - Episode 255: Steps=11, Reward=14997.00
2026-04-06 11:50:22,396 - Episode 256: Steps=11, Reward=16370.00
2026-04-06 11:50:45,202 - Episode 257: Steps=11, Reward=15527.00
2026-04-06 11:51:08,061 - Episode 258: Steps=11, Reward=16692.00
2026-04-06 11:51:30,704 - Episode 259: Steps=11, Reward=14662.00
2026-04-06 11:51:30,713 - Saved checkpoint at episode=259 to /home/sdc_joran/Journal/deeprl_signal_control/output_adversary_monaco/ma2c_real_old/model
2026-04-06 11:51:53,364 - Episode 260: Steps=11, Reward=14486.00
2026-04-06 11:52:16,302 - Episode 261: Steps=11, Reward=28301.00
2026-04-06 11:52:39,037 - Episode 262: Steps=11, Reward=15498.00
2026-04-06 11:53:02,243 - Episode 263: Steps=11, Reward=20489.00
2026-04-06 11:53:25,021 - Episode 264: Steps=11, Reward=14719.00
2026-04-06 11:53:47,936 - Episode 265: Steps=11, Reward=15645.00
2026-04-06 11:54:10,546 - Episode 266: Steps=11, Reward=17313.00
2026-04-06 11:54:33,133 - Episode 267: Steps=11, Reward=13809.00
2026-04-06 11:54:55,878 - Episode 268: Steps=11, Reward=15045.00
2026-04-06 11:55:18,725 - Episode 269: Steps=11, Reward=14916.00
2026-04-06 11:55:18,734 - Saved checkpoint at episode=269 to /home/sdc_joran/Journal/deeprl_signal_control/output_adversary_monaco/ma2c_real_old/model
2026-04-06 11:55:41,658 - Episode 270: Steps=11, Reward=16595.00
2026-04-06 11:56:04,575 - Episode 271: Steps=11, Reward=15054.00
2026-04-06 11:56:27,260 - Episode 272: Steps=11, Reward=16566.00
2026-04-06 11:56:49,819 - Episode 273: Steps=11, Reward=13082.00
2026-04-06 11:57:12,292 - Episode 274: Steps=11, Reward=15017.00
2026-04-06 11:57:34,824 - Episode 275: Steps=11, Reward=13747.00
2026-04-06 11:57:57,784 - Episode 276: Steps=11, Reward=16481.00
2026-04-06 11:58:20,177 - Episode 277: Steps=11, Reward=15645.00
2026-04-06 11:58:42,990 - Episode 278: Steps=11, Reward=15686.00
2026-04-06 11:59:05,738 - Episode 279: Steps=11, Reward=14289.00
2026-04-06 11:59:05,745 - Saved checkpoint at episode=279 to /home/sdc_joran/Journal/deeprl_signal_control/output_adversary_monaco/ma2c_real_old/model
2026-04-06 11:59:28,583 - Episode 280: Steps=11, Reward=14127.00
2026-04-06 11:59:51,215 - Episode 281: Steps=11, Reward=15491.00
2026-04-06 12:00:14,080 - Episode 282: Steps=11, Reward=14052.00
2026-04-06 12:00:37,184 - Episode 283: Steps=11, Reward=15497.00
2026-04-06 12:01:00,319 - Episode 284: Steps=11, Reward=17512.00
2026-04-06 12:01:22,920 - Episode 285: Steps=11, Reward=16226.00
2026-04-06 12:01:46,127 - Episode 286: Steps=11, Reward=18828.00
2026-04-06 12:02:09,515 - Episode 287: Steps=11, Reward=18238.00
2026-04-06 12:02:32,262 - Episode 288: Steps=11, Reward=13731.00
2026-04-06 12:02:55,488 - Episode 289: Steps=11, Reward=20850.00
2026-04-06 12:02:55,498 - Saved checkpoint at episode=289 to /home/sdc_joran/Journal/deeprl_signal_control/output_adversary_monaco/ma2c_real_old/model
2026-04-06 12:03:18,156 - Episode 290: Steps=11, Reward=17491.00
2026-04-06 12:03:40,689 - Episode 291: Steps=11, Reward=12735.00
2026-04-06 12:04:03,162 - Episode 292: Steps=11, Reward=14035.00
2026-04-06 12:04:25,713 - Episode 293: Steps=11, Reward=13583.00
2026-04-06 12:04:48,389 - Episode 294: Steps=11, Reward=13829.00
2026-04-06 12:05:10,700 - Episode 295: Steps=11, Reward=14258.00
2026-04-06 12:05:33,603 - Episode 296: Steps=11, Reward=17088.00
2026-04-06 12:05:56,499 - Episode 297: Steps=11, Reward=14802.00
2026-04-06 12:06:19,338 - Episode 298: Steps=11, Reward=14588.00
2026-04-06 12:06:42,000 - Episode 299: Steps=11, Reward=15239.00
2026-04-06 12:06:42,007 - Saved checkpoint at episode=299 to /home/sdc_joran/Journal/deeprl_signal_control/output_adversary_monaco/ma2c_real_old/model
2026-04-06 12:07:04,490 - Episode 300: Steps=11, Reward=13879.00
2026-04-06 12:07:27,659 - Episode 301: Steps=11, Reward=17831.00
2026-04-06 12:07:50,342 - Episode 302: Steps=11, Reward=14844.00
2026-04-06 12:08:13,375 - Episode 303: Steps=11, Reward=15968.00
2026-04-06 12:08:36,391 - Episode 304: Steps=11, Reward=16473.00
2026-04-06 12:08:59,625 - Episode 305: Steps=11, Reward=17075.00
2026-04-06 12:09:22,192 - Episode 306: Steps=11, Reward=15949.00
2026-04-06 12:09:45,217 - Episode 307: Steps=11, Reward=15426.00
2026-04-06 12:10:07,946 - Episode 308: Steps=11, Reward=14382.00
2026-04-06 12:10:30,283 - Episode 309: Steps=11, Reward=14452.00
2026-04-06 12:10:30,292 - Saved checkpoint at episode=309 to /home/sdc_joran/Journal/deeprl_signal_control/output_adversary_monaco/ma2c_real_old/model
2026-04-06 12:10:53,207 - Episode 310: Steps=11, Reward=15137.00
2026-04-06 12:11:16,062 - Episode 311: Steps=11, Reward=15667.00
2026-04-06 12:11:38,986 - Episode 312: Steps=11, Reward=17294.00
2026-04-06 12:12:01,964 - Episode 313: Steps=11, Reward=18908.00
2026-04-06 12:12:24,967 - Episode 314: Steps=11, Reward=17352.00
2026-04-06 12:12:47,403 - Episode 315: Steps=11, Reward=15087.00
2026-04-06 12:13:10,367 - Episode 316: Steps=11, Reward=17849.00
2026-04-06 12:13:33,025 - Episode 317: Steps=11, Reward=13568.00
2026-04-06 12:13:55,780 - Episode 318: Steps=11, Reward=13952.00
2026-04-06 12:14:18,522 - Episode 319: Steps=11, Reward=15324.00
2026-04-06 12:14:18,529 - Saved checkpoint at episode=319 to /home/sdc_joran/Journal/deeprl_signal_control/output_adversary_monaco/ma2c_real_old/model
2026-04-06 12:14:41,091 - Episode 320: Steps=11, Reward=13485.00
2026-04-06 12:15:04,204 - Episode 321: Steps=11, Reward=14572.00
2026-04-06 12:15:26,533 - Episode 322: Steps=11, Reward=15174.00
2026-04-06 12:15:49,336 - Episode 323: Steps=11, Reward=17681.00
2026-04-06 12:16:11,930 - Episode 324: Steps=11, Reward=14877.00
2026-04-06 12:16:34,978 - Episode 325: Steps=11, Reward=13969.00
2026-04-06 12:16:57,519 - Episode 326: Steps=11, Reward=16512.00
2026-04-06 12:17:19,893 - Episode 327: Steps=11, Reward=15253.00
2026-04-06 12:17:42,624 - Episode 328: Steps=11, Reward=13926.00
2026-04-06 12:18:05,510 - Episode 329: Steps=11, Reward=16270.00
2026-04-06 12:18:05,517 - Saved checkpoint at episode=329 to /home/sdc_joran/Journal/deeprl_signal_control/output_adversary_monaco/ma2c_real_old/model
2026-04-06 12:18:28,176 - Episode 330: Steps=11, Reward=14224.00
2026-04-06 12:18:51,242 - Episode 331: Steps=11, Reward=17892.00
2026-04-06 12:19:14,062 - Episode 332: Steps=11, Reward=15263.00
2026-04-06 12:19:36,804 - Episode 333: Steps=11, Reward=13547.00
2026-04-06 12:19:59,340 - Episode 334: Steps=11, Reward=14855.00
2026-04-06 12:20:22,028 - Episode 335: Steps=11, Reward=17036.00
2026-04-06 12:20:44,412 - Episode 336: Steps=11, Reward=14326.00
2026-04-06 12:21:06,912 - Episode 337: Steps=11, Reward=14533.00
2026-04-06 12:21:29,795 - Episode 338: Steps=11, Reward=13653.00
2026-04-06 12:21:52,489 - Episode 339: Steps=11, Reward=15239.00
2026-04-06 12:21:52,501 - Saved checkpoint at episode=339 to /home/sdc_joran/Journal/deeprl_signal_control/output_adversary_monaco/ma2c_real_old/model
2026-04-06 12:22:15,018 - Episode 340: Steps=11, Reward=13422.00
2026-04-06 12:22:37,486 - Episode 341: Steps=11, Reward=14867.00
2026-04-06 12:23:00,325 - Episode 342: Steps=11, Reward=15261.00
2026-04-06 12:23:22,956 - Episode 343: Steps=11, Reward=14692.00
2026-04-06 12:23:45,492 - Episode 344: Steps=11, Reward=13358.00
2026-04-06 12:24:08,503 - Episode 345: Steps=11, Reward=16519.00
2026-04-06 12:24:31,232 - Episode 346: Steps=11, Reward=15569.00
2026-04-06 12:24:54,053 - Episode 347: Steps=11, Reward=15839.00
2026-04-06 12:25:16,847 - Episode 348: Steps=11, Reward=16165.00
2026-04-06 12:25:39,370 - Episode 349: Steps=11, Reward=12453.00
2026-04-06 12:25:39,381 - Saved checkpoint at episode=349 to /home/sdc_joran/Journal/deeprl_signal_control/output_adversary_monaco/ma2c_real_old/model
2026-04-06 12:26:01,789 - Episode 350: Steps=11, Reward=15685.00
2026-04-06 12:26:24,627 - Episode 351: Steps=11, Reward=17280.00
2026-04-06 12:26:46,799 - Episode 352: Steps=11, Reward=11285.00
2026-04-06 12:27:09,211 - Episode 353: Steps=11, Reward=12702.00
2026-04-06 12:27:31,999 - Episode 354: Steps=11, Reward=15759.00
2026-04-06 12:27:54,738 - Episode 355: Steps=11, Reward=12990.00
2026-04-06 12:28:17,887 - Episode 356: Steps=11, Reward=15031.00
2026-04-06 12:28:39,894 - Episode 357: Steps=11, Reward=10958.00
2026-04-06 12:29:02,179 - Episode 358: Steps=11, Reward=12816.00
2026-04-06 12:29:25,116 - Episode 359: Steps=11, Reward=13720.00
2026-04-06 12:29:25,125 - Saved checkpoint at episode=359 to /home/sdc_joran/Journal/deeprl_signal_control/output_adversary_monaco/ma2c_real_old/model
2026-04-06 12:29:47,769 - Episode 360: Steps=11, Reward=13229.00
2026-04-06 12:30:10,698 - Episode 361: Steps=11, Reward=12953.00
2026-04-06 12:30:33,450 - Episode 362: Steps=11, Reward=14874.00
2026-04-06 12:30:55,797 - Episode 363: Steps=11, Reward=13305.00
2026-04-06 12:31:18,390 - Episode 364: Steps=11, Reward=14399.00
2026-04-06 12:31:41,041 - Episode 365: Steps=11, Reward=14941.00
2026-04-06 12:32:03,803 - Episode 366: Steps=11, Reward=13991.00
2026-04-06 12:32:26,352 - Episode 367: Steps=11, Reward=13170.00
2026-04-06 12:32:49,208 - Episode 368: Steps=11, Reward=17495.00
2026-04-06 12:33:12,210 - Episode 369: Steps=11, Reward=14162.00
2026-04-06 12:33:12,218 - Saved checkpoint at episode=369 to /home/sdc_joran/Journal/deeprl_signal_control/output_adversary_monaco/ma2c_real_old/model
2026-04-06 12:33:34,759 - Episode 370: Steps=11, Reward=13623.00
2026-04-06 12:33:57,736 - Episode 371: Steps=11, Reward=16245.00
2026-04-06 12:34:20,941 - Episode 372: Steps=11, Reward=15354.00
2026-04-06 12:34:43,618 - Episode 373: Steps=11, Reward=13552.00
2026-04-06 12:35:06,167 - Episode 374: Steps=11, Reward=14466.00
2026-04-06 12:35:28,753 - Episode 375: Steps=11, Reward=12878.00
2026-04-06 12:35:51,754 - Episode 376: Steps=11, Reward=17016.00
2026-04-06 12:36:14,216 - Episode 377: Steps=11, Reward=13566.00
2026-04-06 12:36:37,283 - Episode 378: Steps=11, Reward=15760.00
2026-04-06 12:37:00,149 - Episode 379: Steps=11, Reward=14089.00
2026-04-06 12:37:00,157 - Saved checkpoint at episode=379 to /home/sdc_joran/Journal/deeprl_signal_control/output_adversary_monaco/ma2c_real_old/model
2026-04-06 12:37:24,334 - Episode 380: Steps=11, Reward=16162.00
2026-04-06 12:37:47,094 - Episode 381: Steps=11, Reward=16747.00
2026-04-06 12:38:10,037 - Episode 382: Steps=11, Reward=15036.00
2026-04-06 12:38:32,379 - Episode 383: Steps=11, Reward=15290.00
2026-04-06 12:38:55,297 - Episode 384: Steps=11, Reward=16355.00
2026-04-06 12:39:18,160 - Episode 385: Steps=11, Reward=18069.00
2026-04-06 12:39:40,520 - Episode 386: Steps=11, Reward=14642.00
2026-04-06 12:40:02,742 - Episode 387: Steps=11, Reward=14517.00
2026-04-06 12:40:25,131 - Episode 388: Steps=11, Reward=14832.00
2026-04-06 12:40:47,553 - Episode 389: Steps=11, Reward=14352.00
2026-04-06 12:40:47,563 - Saved checkpoint at episode=389 to /home/sdc_joran/Journal/deeprl_signal_control/output_adversary_monaco/ma2c_real_old/model
2026-04-06 12:41:10,120 - Episode 390: Steps=11, Reward=16390.00
2026-04-06 12:41:32,706 - Episode 391: Steps=11, Reward=15911.00
2026-04-06 12:41:55,093 - Episode 392: Steps=11, Reward=16164.00
2026-04-06 12:42:18,009 - Episode 393: Steps=11, Reward=15782.00
2026-04-06 12:42:39,896 - Episode 394: Steps=11, Reward=13551.00
2026-04-06 12:43:02,284 - Episode 395: Steps=11, Reward=16624.00
2026-04-06 12:43:24,558 - Episode 396: Steps=11, Reward=16221.00
2026-04-06 12:43:46,803 - Episode 397: Steps=11, Reward=14863.00
2026-04-06 12:44:09,069 - Episode 398: Steps=11, Reward=15532.00
2026-04-06 12:44:31,390 - Episode 399: Steps=11, Reward=15598.00
2026-04-06 12:44:31,401 - Saved checkpoint at episode=399 to /home/sdc_joran/Journal/deeprl_signal_control/output_adversary_monaco/ma2c_real_old/model
2026-04-06 12:44:53,887 - Episode 400: Steps=11, Reward=15708.00
2026-04-06 12:45:16,412 - Episode 401: Steps=11, Reward=17479.00
2026-04-06 12:45:38,466 - Episode 402: Steps=11, Reward=14132.00
2026-04-06 12:46:00,493 - Episode 403: Steps=11, Reward=17374.00
2026-04-06 12:46:23,138 - Episode 404: Steps=11, Reward=16507.00
2026-04-06 12:46:45,295 - Episode 405: Steps=11, Reward=14909.00
2026-04-06 12:47:07,335 - Episode 406: Steps=11, Reward=14272.00
2026-04-06 12:47:29,468 - Episode 407: Steps=11, Reward=14414.00
2026-04-06 12:47:51,661 - Episode 408: Steps=11, Reward=15977.00
2026-04-06 12:48:13,795 - Episode 409: Steps=11, Reward=13923.00
2026-04-06 12:48:13,803 - Saved checkpoint at episode=409 to /home/sdc_joran/Journal/deeprl_signal_control/output_adversary_monaco/ma2c_real_old/model
2026-04-06 12:48:35,686 - Episode 410: Steps=11, Reward=13378.00
2026-04-06 12:48:58,181 - Episode 411: Steps=11, Reward=15749.00
2026-04-06 12:49:20,308 - Episode 412: Steps=11, Reward=14620.00
2026-04-06 12:49:42,650 - Episode 413: Steps=11, Reward=15799.00
2026-04-06 12:50:04,969 - Episode 414: Steps=11, Reward=14055.00
2026-04-06 12:50:27,298 - Episode 415: Steps=11, Reward=15811.00
2026-04-06 12:50:49,500 - Episode 416: Steps=11, Reward=14895.00
2026-04-06 12:51:11,996 - Episode 417: Steps=11, Reward=16718.00
2026-04-06 12:51:34,101 - Episode 418: Steps=11, Reward=14810.00
2026-04-06 12:51:56,453 - Episode 419: Steps=11, Reward=15548.00
2026-04-06 12:51:56,463 - Saved checkpoint at episode=419 to /home/sdc_joran/Journal/deeprl_signal_control/output_adversary_monaco/ma2c_real_old/model
2026-04-06 12:52:18,532 - Episode 420: Steps=11, Reward=14614.00
2026-04-06 12:52:40,740 - Episode 421: Steps=11, Reward=15295.00
2026-04-06 12:53:02,944 - Episode 422: Steps=11, Reward=15250.00
2026-04-06 12:53:25,220 - Episode 423: Steps=11, Reward=16403.00
2026-04-06 12:53:47,428 - Episode 424: Steps=11, Reward=13876.00
2026-04-06 12:54:09,383 - Episode 425: Steps=11, Reward=14526.00
2026-04-06 12:54:31,465 - Episode 426: Steps=11, Reward=14938.00
2026-04-06 12:54:53,780 - Episode 427: Steps=11, Reward=14584.00
2026-04-06 12:55:16,354 - Episode 428: Steps=11, Reward=14423.00
2026-04-06 12:55:38,423 - Episode 429: Steps=11, Reward=14444.00
2026-04-06 12:55:38,432 - Saved checkpoint at episode=429 to /home/sdc_joran/Journal/deeprl_signal_control/output_adversary_monaco/ma2c_real_old/model
2026-04-06 12:56:00,571 - Episode 430: Steps=11, Reward=14414.00
2026-04-06 12:56:22,599 - Episode 431: Steps=11, Reward=14351.00
2026-04-06 12:56:44,597 - Episode 432: Steps=11, Reward=15892.00
2026-04-06 12:57:06,903 - Episode 433: Steps=11, Reward=15270.00
2026-04-06 12:57:29,319 - Episode 434: Steps=11, Reward=15125.00
2026-04-06 12:57:51,454 - Episode 435: Steps=11, Reward=15215.00
2026-04-06 12:58:13,567 - Episode 436: Steps=11, Reward=14662.00
2026-04-06 12:58:35,875 - Episode 437: Steps=11, Reward=14655.00
2026-04-06 12:58:58,227 - Episode 438: Steps=11, Reward=14346.00
2026-04-06 12:59:20,289 - Episode 439: Steps=11, Reward=15508.00
2026-04-06 12:59:20,296 - Saved checkpoint at episode=439 to /home/sdc_joran/Journal/deeprl_signal_control/output_adversary_monaco/ma2c_real_old/model
2026-04-06 12:59:42,436 - Episode 440: Steps=11, Reward=14898.00
2026-04-06 13:00:04,815 - Episode 441: Steps=11, Reward=15240.00
2026-04-06 13:00:26,791 - Episode 442: Steps=11, Reward=14601.00
2026-04-06 13:00:49,170 - Episode 443: Steps=11, Reward=13770.00
2026-04-06 13:01:11,074 - Episode 444: Steps=11, Reward=14557.00
2026-04-06 13:01:33,183 - Episode 445: Steps=11, Reward=14329.00
2026-04-06 13:01:55,559 - Episode 446: Steps=11, Reward=16133.00
2026-04-06 13:02:18,195 - Episode 447: Steps=11, Reward=16336.00
2026-04-06 13:02:40,664 - Episode 448: Steps=11, Reward=13749.00
2026-04-06 13:03:02,782 - Episode 449: Steps=11, Reward=13922.00
2026-04-06 13:03:02,791 - Saved checkpoint at episode=449 to /home/sdc_joran/Journal/deeprl_signal_control/output_adversary_monaco/ma2c_real_old/model
2026-04-06 13:03:25,249 - Episode 450: Steps=11, Reward=16316.00
2026-04-06 13:03:47,633 - Episode 451: Steps=11, Reward=13974.00
2026-04-06 13:04:09,826 - Episode 452: Steps=11, Reward=14352.00
2026-04-06 13:04:32,032 - Episode 453: Steps=11, Reward=14509.00
2026-04-06 13:04:54,282 - Episode 454: Steps=11, Reward=15148.00
2026-04-06 13:05:16,539 - Episode 455: Steps=11, Reward=14621.00
2026-04-06 13:05:38,784 - Episode 456: Steps=11, Reward=15239.00
2026-04-06 13:06:01,319 - Episode 457: Steps=11, Reward=15783.00
2026-04-06 13:06:23,472 - Episode 458: Steps=11, Reward=13399.00
2026-04-06 13:06:45,683 - Episode 459: Steps=11, Reward=13921.00
2026-04-06 13:06:45,691 - Saved checkpoint at episode=459 to /home/sdc_joran/Journal/deeprl_signal_control/output_adversary_monaco/ma2c_real_old/model
2026-04-06 13:07:07,679 - Episode 460: Steps=11, Reward=13974.00
2026-04-06 13:07:29,740 - Episode 461: Steps=11, Reward=14539.00
2026-04-06 13:07:51,956 - Episode 462: Steps=11, Reward=15586.00
2026-04-06 13:08:13,801 - Episode 463: Steps=11, Reward=14091.00
2026-04-06 13:08:35,932 - Episode 464: Steps=11, Reward=15058.00
2026-04-06 13:08:58,434 - Episode 465: Steps=11, Reward=16207.00
2026-04-06 13:09:20,587 - Episode 466: Steps=11, Reward=14189.00
2026-04-06 13:09:42,438 - Episode 467: Steps=11, Reward=15334.00
2026-04-06 13:10:04,728 - Episode 468: Steps=11, Reward=14835.00
2026-04-06 13:10:26,855 - Episode 469: Steps=11, Reward=13910.00
2026-04-06 13:10:26,863 - Saved checkpoint at episode=469 to /home/sdc_joran/Journal/deeprl_signal_control/output_adversary_monaco/ma2c_real_old/model
2026-04-06 13:10:48,878 - Episode 470: Steps=11, Reward=15250.00
2026-04-06 13:11:11,242 - Episode 471: Steps=11, Reward=14297.00
2026-04-06 13:11:33,660 - Episode 472: Steps=11, Reward=15144.00
2026-04-06 13:11:55,634 - Episode 473: Steps=11, Reward=12841.00
2026-04-06 13:12:17,969 - Episode 474: Steps=11, Reward=14910.00
2026-04-06 13:12:39,947 - Episode 475: Steps=11, Reward=14061.00
2026-04-06 13:13:02,485 - Episode 476: Steps=11, Reward=14603.00
2026-04-06 13:13:24,835 - Episode 477: Steps=11, Reward=14244.00
2026-04-06 13:13:47,042 - Episode 478: Steps=11, Reward=15203.00
2026-04-06 13:14:09,114 - Episode 479: Steps=11, Reward=14620.00
2026-04-06 13:14:09,121 - Saved checkpoint at episode=479 to /home/sdc_joran/Journal/deeprl_signal_control/output_adversary_monaco/ma2c_real_old/model
2026-04-06 13:14:30,877 - Episode 480: Steps=11, Reward=13552.00
2026-04-06 13:14:52,814 - Episode 481: Steps=11, Reward=14024.00
2026-04-06 13:15:15,114 - Episode 482: Steps=11, Reward=14245.00
2026-04-06 13:15:37,074 - Episode 483: Steps=11, Reward=15147.00
2026-04-06 13:15:59,256 - Episode 484: Steps=11, Reward=13669.00
2026-04-06 13:16:21,557 - Episode 485: Steps=11, Reward=13937.00
2026-04-06 13:16:43,707 - Episode 486: Steps=11, Reward=14493.00
2026-04-06 13:17:06,051 - Episode 487: Steps=11, Reward=15732.00
2026-04-06 13:17:28,361 - Episode 488: Steps=11, Reward=14826.00
2026-04-06 13:17:50,404 - Episode 489: Steps=11, Reward=14280.00
2026-04-06 13:17:50,413 - Saved checkpoint at episode=489 to /home/sdc_joran/Journal/deeprl_signal_control/output_adversary_monaco/ma2c_real_old/model
2026-04-06 13:18:12,944 - Episode 490: Steps=11, Reward=14236.00
2026-04-06 13:18:34,747 - Episode 491: Steps=11, Reward=13898.00
2026-04-06 13:18:56,832 - Episode 492: Steps=11, Reward=14089.00
2026-04-06 13:19:19,240 - Episode 493: Steps=11, Reward=15038.00
2026-04-06 13:19:41,569 - Episode 494: Steps=11, Reward=14552.00
2026-04-06 13:20:03,724 - Episode 495: Steps=11, Reward=14518.00
2026-04-06 13:20:26,115 - Episode 496: Steps=11, Reward=14908.00
2026-04-06 13:20:48,315 - Episode 497: Steps=11, Reward=15153.00
2026-04-06 13:21:10,759 - Episode 498: Steps=11, Reward=15861.00
2026-04-06 13:21:33,403 - Episode 499: Steps=11, Reward=15560.00
2026-04-06 13:21:33,411 - Saved checkpoint at episode=499 to /home/sdc_joran/Journal/deeprl_signal_control/output_adversary_monaco/ma2c_real_old/model
2026-04-06 13:21:33,525 - Training Finished.
