2026-02-08 14:01:53,536 [INFO] Env: init 25 node information:
nt1:
	neigbor: ['nt6', 'nt2']
	ilds_in: ['nt6_nt1_0', 'nt2_nt1_0', 'nt2_nt1_1', 'np1_nt1_0', 'np20_nt1_0', 'np20_nt1_1']
nt10:
	neigbor: ['nt15', 'nt5', 'nt9']
	ilds_in: ['nt15_nt10_0', 'np7_nt10_0', 'np7_nt10_1', 'nt5_nt10_0', 'nt9_nt10_0', 'nt9_nt10_1']
nt11:
	neigbor: ['nt16', 'nt12', 'nt6']
	ilds_in: ['nt16_nt11_0', 'nt12_nt11_0', 'nt12_nt11_1', 'nt6_nt11_0', 'np18_nt11_0', 'np18_nt11_1']
nt12:
	neigbor: ['nt17', 'nt13', 'nt7', 'nt11']
	ilds_in: ['nt17_nt12_0', 'nt13_nt12_0', 'nt13_nt12_1', 'nt7_nt12_0', 'nt11_nt12_0', 'nt11_nt12_1']
nt13:
	neigbor: ['nt18', 'nt14', 'nt8', 'nt12']
	ilds_in: ['nt18_nt13_0', 'nt14_nt13_0', 'nt14_nt13_1', 'nt8_nt13_0', 'nt12_nt13_0', 'nt12_nt13_1']
nt14:
	neigbor: ['nt19', 'nt15', 'nt9', 'nt13']
	ilds_in: ['nt19_nt14_0', 'nt15_nt14_0', 'nt15_nt14_1', 'nt9_nt14_0', 'nt13_nt14_0', 'nt13_nt14_1']
nt15:
	neigbor: ['nt20', 'nt10', 'nt14']
	ilds_in: ['nt20_nt15_0', 'np8_nt15_0', 'np8_nt15_1', 'nt10_nt15_0', 'nt14_nt15_0', 'nt14_nt15_1']
nt16:
	neigbor: ['nt21', 'nt17', 'nt11']
	ilds_in: ['nt21_nt16_0', 'nt17_nt16_0', 'nt17_nt16_1', 'nt11_nt16_0', 'np17_nt16_0', 'np17_nt16_1']
nt17:
	neigbor: ['nt22', 'nt18', 'nt12', 'nt16']
	ilds_in: ['nt22_nt17_0', 'nt18_nt17_0', 'nt18_nt17_1', 'nt12_nt17_0', 'nt16_nt17_0', 'nt16_nt17_1']
nt18:
	neigbor: ['nt23', 'nt19', 'nt13', 'nt17']
	ilds_in: ['nt23_nt18_0', 'nt19_nt18_0', 'nt19_nt18_1', 'nt13_nt18_0', 'nt17_nt18_0', 'nt17_nt18_1']
nt19:
	neigbor: ['nt24', 'nt20', 'nt14', 'nt18']
	ilds_in: ['nt24_nt19_0', 'nt20_nt19_0', 'nt20_nt19_1', 'nt14_nt19_0', 'nt18_nt19_0', 'nt18_nt19_1']
nt2:
	neigbor: ['nt7', 'nt3', 'nt1']
	ilds_in: ['nt7_nt2_0', 'nt3_nt2_0', 'nt3_nt2_1', 'np2_nt2_0', 'nt1_nt2_0', 'nt1_nt2_1']
nt20:
	neigbor: ['nt25', 'nt15', 'nt19']
	ilds_in: ['nt25_nt20_0', 'np9_nt20_0', 'np9_nt20_1', 'nt15_nt20_0', 'nt19_nt20_0', 'nt19_nt20_1']
nt21:
	neigbor: ['nt22', 'nt16']
	ilds_in: ['np15_nt21_0', 'nt22_nt21_0', 'nt22_nt21_1', 'nt16_nt21_0', 'np16_nt21_0', 'np16_nt21_1']
nt22:
	neigbor: ['nt23', 'nt17', 'nt21']
	ilds_in: ['np14_nt22_0', 'nt23_nt22_0', 'nt23_nt22_1', 'nt17_nt22_0', 'nt21_nt22_0', 'nt21_nt22_1']
nt23:
	neigbor: ['nt24', 'nt18', 'nt22']
	ilds_in: ['np13_nt23_0', 'nt24_nt23_0', 'nt24_nt23_1', 'nt18_nt23_0', 'nt22_nt23_0', 'nt22_nt23_1']
nt24:
	neigbor: ['nt25', 'nt19', 'nt23']
	ilds_in: ['np12_nt24_0', 'nt25_nt24_0', 'nt25_nt24_1', 'nt19_nt24_0', 'nt23_nt24_0', 'nt23_nt24_1']
nt25:
	neigbor: ['nt20', 'nt24']
	ilds_in: ['np11_nt25_0', 'np10_nt25_0', 'np10_nt25_1', 'nt20_nt25_0', 'nt24_nt25_0', 'nt24_nt25_1']
nt3:
	neigbor: ['nt8', 'nt4', 'nt2']
	ilds_in: ['nt8_nt3_0', 'nt4_nt3_0', 'nt4_nt3_1', 'np3_nt3_0', 'nt2_nt3_0', 'nt2_nt3_1']
nt4:
	neigbor: ['nt9', 'nt5', 'nt3']
	ilds_in: ['nt9_nt4_0', 'nt5_nt4_0', 'nt5_nt4_1', 'np4_nt4_0', 'nt3_nt4_0', 'nt3_nt4_1']
nt5:
	neigbor: ['nt10', 'nt4']
	ilds_in: ['nt10_nt5_0', 'np6_nt5_0', 'np6_nt5_1', 'np5_nt5_0', 'nt4_nt5_0', 'nt4_nt5_1']
nt6:
	neigbor: ['nt11', 'nt7', 'nt1']
	ilds_in: ['nt11_nt6_0', 'nt7_nt6_0', 'nt7_nt6_1', 'nt1_nt6_0', 'np19_nt6_0', 'np19_nt6_1']
nt7:
	neigbor: ['nt12', 'nt8', 'nt2', 'nt6']
	ilds_in: ['nt12_nt7_0', 'nt8_nt7_0', 'nt8_nt7_1', 'nt2_nt7_0', 'nt6_nt7_0', 'nt6_nt7_1']
nt8:
	neigbor: ['nt13', 'nt9', 'nt3', 'nt7']
	ilds_in: ['nt13_nt8_0', 'nt9_nt8_0', 'nt9_nt8_1', 'nt3_nt8_0', 'nt7_nt8_0', 'nt7_nt8_1']
nt9:
	neigbor: ['nt14', 'nt10', 'nt4', 'nt8']
	ilds_in: ['nt14_nt9_0', 'nt10_nt9_0', 'nt10_nt9_1', 'nt4_nt9_0', 'nt8_nt9_0', 'nt8_nt9_1']

2026-02-08 14:01:53,537 [INFO] Found 11 adversarial scenarios: ['./data_traffic/demand_Center_to_Periphery.csv', './data_traffic/demand_E_to_W.csv', './data_traffic/demand_NE_to_SW.csv', './data_traffic/demand_NW_to_SE.csv', './data_traffic/demand_N_to_S.csv', './data_traffic/demand_Periphery_to_Center.csv', './data_traffic/demand_SE_to_NW.csv', './data_traffic/demand_SW_to_NE.csv', './data_traffic/demand_S_to_N.csv', './data_traffic/demand_Uniform.csv', './data_traffic/demand_W_to_E.csv']
2026-02-08 14:01:53,563 [INFO] Loaded Scenario 0 from demand_Center_to_Periphery.csv
2026-02-08 14:01:53,563 [INFO] Loaded 1 scenarios.
2026-02-08 14:01:53,563 [INFO] Updated Episode Duration: 600 seconds (10.0 mins).
2026-02-08 14:01:53,565 [INFO] Loaded Scenario 1 from demand_E_to_W.csv
2026-02-08 14:01:53,565 [INFO] Loaded 2 scenarios.
2026-02-08 14:01:53,565 [INFO] Updated Episode Duration: 1200 seconds (20.0 mins).
2026-02-08 14:01:53,567 [INFO] Loaded Scenario 2 from demand_NE_to_SW.csv
2026-02-08 14:01:53,567 [INFO] Loaded 3 scenarios.
2026-02-08 14:01:53,567 [INFO] Updated Episode Duration: 1800 seconds (30.0 mins).
2026-02-08 14:01:53,572 [INFO] Loaded Scenario 3 from demand_NW_to_SE.csv
2026-02-08 14:01:53,572 [INFO] Loaded 4 scenarios.
2026-02-08 14:01:53,572 [INFO] Updated Episode Duration: 2400 seconds (40.0 mins).
2026-02-08 14:01:53,573 [INFO] Loaded Scenario 4 from demand_N_to_S.csv
2026-02-08 14:01:53,573 [INFO] Loaded 5 scenarios.
2026-02-08 14:01:53,573 [INFO] Updated Episode Duration: 3000 seconds (50.0 mins).
2026-02-08 14:01:53,597 [INFO] Loaded Scenario 5 from demand_Periphery_to_Center.csv
2026-02-08 14:01:53,597 [INFO] Loaded 6 scenarios.
2026-02-08 14:01:53,597 [INFO] Updated Episode Duration: 3600 seconds (60.0 mins).
2026-02-08 14:01:53,601 [INFO] Loaded Scenario 6 from demand_SE_to_NW.csv
2026-02-08 14:01:53,601 [INFO] Loaded 7 scenarios.
2026-02-08 14:01:53,601 [INFO] Updated Episode Duration: 4200 seconds (70.0 mins).
2026-02-08 14:01:53,603 [INFO] Loaded Scenario 7 from demand_SW_to_NE.csv
2026-02-08 14:01:53,603 [INFO] Loaded 8 scenarios.
2026-02-08 14:01:53,603 [INFO] Updated Episode Duration: 4800 seconds (80.0 mins).
2026-02-08 14:01:53,605 [INFO] Loaded Scenario 8 from demand_S_to_N.csv
2026-02-08 14:01:53,605 [INFO] Loaded 9 scenarios.
2026-02-08 14:01:53,605 [INFO] Updated Episode Duration: 5400 seconds (90.0 mins).
2026-02-08 14:01:53,623 [INFO] Loaded Scenario 9 from demand_Uniform.csv
2026-02-08 14:01:53,623 [INFO] Loaded 10 scenarios.
2026-02-08 14:01:53,623 [INFO] Updated Episode Duration: 6000 seconds (100.0 mins).
2026-02-08 14:01:53,625 [INFO] Loaded Scenario 10 from demand_W_to_E.csv
2026-02-08 14:01:53,625 [INFO] Loaded 11 scenarios.
2026-02-08 14:01:53,625 [INFO] Updated Episode Duration: 6600 seconds (110.0 mins).
2026-02-08 14:01:53,625 [INFO] Training: s dim: 1100, a dim 298023223876953125, s dim ls: [32, 42, 42, 52, 52, 52, 42, 42, 52, 52, 52, 42, 42, 32, 42, 42, 42, 32, 42, 42, 32, 42, 52, 52, 52], a dim ls: [5, 5, 5, 5, 5, 5, 5, 5, 5, 5, 5, 5, 5, 5, 5, 5, 5, 5, 5, 5, 5, 5, 5, 5, 5]
2026-02-08 14:04:31,860 [INFO] Injecting traffic for Scenario 0 at t=0
2026-02-08 14:04:31,884 [INFO] Scenario 0: Scheduled 164 vehicles.
2026-02-08 14:09:00,183 [INFO] Injecting traffic for Scenario 1 at t=600
2026-02-08 14:09:00,193 [INFO] Scenario 1: Scheduled 169 vehicles.
2026-02-08 14:09:26,443 [INFO] Injecting traffic for Scenario 2 at t=1200
2026-02-08 14:09:26,456 [INFO] Scenario 2: Scheduled 215 vehicles.
2026-02-08 14:09:54,054 [INFO] Injecting traffic for Scenario 3 at t=1800
2026-02-08 14:09:54,067 [INFO] Scenario 3: Scheduled 142 vehicles.
