2026-02-09 09:57:03,636 [INFO] Env: init 25 node information:
nt1:
	neigbor: ['nt6', 'nt2']
	ilds_in: ['nt6_nt1_0', 'nt2_nt1_0', 'nt2_nt1_1', 'np1_nt1_0', 'np20_nt1_0', 'np20_nt1_1']
nt10:
	neigbor: ['nt15', 'nt5', 'nt9']
	ilds_in: ['nt15_nt10_0', 'np7_nt10_0', 'np7_nt10_1', 'nt5_nt10_0', 'nt9_nt10_0', 'nt9_nt10_1']
nt11:
	neigbor: ['nt16', 'nt12', 'nt6']
	ilds_in: ['nt16_nt11_0', 'nt12_nt11_0', 'nt12_nt11_1', 'nt6_nt11_0', 'np18_nt11_0', 'np18_nt11_1']
nt12:
	neigbor: ['nt17', 'nt13', 'nt7', 'nt11']
	ilds_in: ['nt17_nt12_0', 'nt13_nt12_0', 'nt13_nt12_1', 'nt7_nt12_0', 'nt11_nt12_0', 'nt11_nt12_1']
nt13:
	neigbor: ['nt18', 'nt14', 'nt8', 'nt12']
	ilds_in: ['nt18_nt13_0', 'nt14_nt13_0', 'nt14_nt13_1', 'nt8_nt13_0', 'nt12_nt13_0', 'nt12_nt13_1']
nt14:
	neigbor: ['nt19', 'nt15', 'nt9', 'nt13']
	ilds_in: ['nt19_nt14_0', 'nt15_nt14_0', 'nt15_nt14_1', 'nt9_nt14_0', 'nt13_nt14_0', 'nt13_nt14_1']
nt15:
	neigbor: ['nt20', 'nt10', 'nt14']
	ilds_in: ['nt20_nt15_0', 'np8_nt15_0', 'np8_nt15_1', 'nt10_nt15_0', 'nt14_nt15_0', 'nt14_nt15_1']
nt16:
	neigbor: ['nt21', 'nt17', 'nt11']
	ilds_in: ['nt21_nt16_0', 'nt17_nt16_0', 'nt17_nt16_1', 'nt11_nt16_0', 'np17_nt16_0', 'np17_nt16_1']
nt17:
	neigbor: ['nt22', 'nt18', 'nt12', 'nt16']
	ilds_in: ['nt22_nt17_0', 'nt18_nt17_0', 'nt18_nt17_1', 'nt12_nt17_0', 'nt16_nt17_0', 'nt16_nt17_1']
nt18:
	neigbor: ['nt23', 'nt19', 'nt13', 'nt17']
	ilds_in: ['nt23_nt18_0', 'nt19_nt18_0', 'nt19_nt18_1', 'nt13_nt18_0', 'nt17_nt18_0', 'nt17_nt18_1']
nt19:
	neigbor: ['nt24', 'nt20', 'nt14', 'nt18']
	ilds_in: ['nt24_nt19_0', 'nt20_nt19_0', 'nt20_nt19_1', 'nt14_nt19_0', 'nt18_nt19_0', 'nt18_nt19_1']
nt2:
	neigbor: ['nt7', 'nt3', 'nt1']
	ilds_in: ['nt7_nt2_0', 'nt3_nt2_0', 'nt3_nt2_1', 'np2_nt2_0', 'nt1_nt2_0', 'nt1_nt2_1']
nt20:
	neigbor: ['nt25', 'nt15', 'nt19']
	ilds_in: ['nt25_nt20_0', 'np9_nt20_0', 'np9_nt20_1', 'nt15_nt20_0', 'nt19_nt20_0', 'nt19_nt20_1']
nt21:
	neigbor: ['nt22', 'nt16']
	ilds_in: ['np15_nt21_0', 'nt22_nt21_0', 'nt22_nt21_1', 'nt16_nt21_0', 'np16_nt21_0', 'np16_nt21_1']
nt22:
	neigbor: ['nt23', 'nt17', 'nt21']
	ilds_in: ['np14_nt22_0', 'nt23_nt22_0', 'nt23_nt22_1', 'nt17_nt22_0', 'nt21_nt22_0', 'nt21_nt22_1']
nt23:
	neigbor: ['nt24', 'nt18', 'nt22']
	ilds_in: ['np13_nt23_0', 'nt24_nt23_0', 'nt24_nt23_1', 'nt18_nt23_0', 'nt22_nt23_0', 'nt22_nt23_1']
nt24:
	neigbor: ['nt25', 'nt19', 'nt23']
	ilds_in: ['np12_nt24_0', 'nt25_nt24_0', 'nt25_nt24_1', 'nt19_nt24_0', 'nt23_nt24_0', 'nt23_nt24_1']
nt25:
	neigbor: ['nt20', 'nt24']
	ilds_in: ['np11_nt25_0', 'np10_nt25_0', 'np10_nt25_1', 'nt20_nt25_0', 'nt24_nt25_0', 'nt24_nt25_1']
nt3:
	neigbor: ['nt8', 'nt4', 'nt2']
	ilds_in: ['nt8_nt3_0', 'nt4_nt3_0', 'nt4_nt3_1', 'np3_nt3_0', 'nt2_nt3_0', 'nt2_nt3_1']
nt4:
	neigbor: ['nt9', 'nt5', 'nt3']
	ilds_in: ['nt9_nt4_0', 'nt5_nt4_0', 'nt5_nt4_1', 'np4_nt4_0', 'nt3_nt4_0', 'nt3_nt4_1']
nt5:
	neigbor: ['nt10', 'nt4']
	ilds_in: ['nt10_nt5_0', 'np6_nt5_0', 'np6_nt5_1', 'np5_nt5_0', 'nt4_nt5_0', 'nt4_nt5_1']
nt6:
	neigbor: ['nt11', 'nt7', 'nt1']
	ilds_in: ['nt11_nt6_0', 'nt7_nt6_0', 'nt7_nt6_1', 'nt1_nt6_0', 'np19_nt6_0', 'np19_nt6_1']
nt7:
	neigbor: ['nt12', 'nt8', 'nt2', 'nt6']
	ilds_in: ['nt12_nt7_0', 'nt8_nt7_0', 'nt8_nt7_1', 'nt2_nt7_0', 'nt6_nt7_0', 'nt6_nt7_1']
nt8:
	neigbor: ['nt13', 'nt9', 'nt3', 'nt7']
	ilds_in: ['nt13_nt8_0', 'nt9_nt8_0', 'nt9_nt8_1', 'nt3_nt8_0', 'nt7_nt8_0', 'nt7_nt8_1']
nt9:
	neigbor: ['nt14', 'nt10', 'nt4', 'nt8']
	ilds_in: ['nt14_nt9_0', 'nt10_nt9_0', 'nt10_nt9_1', 'nt4_nt9_0', 'nt8_nt9_0', 'nt8_nt9_1']

2026-02-09 09:57:03,637 [INFO] Found 11 adversarial scenarios: ['./data_traffic/demand_Center_to_Periphery.csv', './data_traffic/demand_E_to_W.csv', './data_traffic/demand_NE_to_SW.csv', './data_traffic/demand_NW_to_SE.csv', './data_traffic/demand_N_to_S.csv', './data_traffic/demand_Periphery_to_Center.csv', './data_traffic/demand_SE_to_NW.csv', './data_traffic/demand_SW_to_NE.csv', './data_traffic/demand_S_to_N.csv', './data_traffic/demand_Uniform.csv', './data_traffic/demand_W_to_E.csv']
2026-02-09 09:57:03,668 [INFO] Loaded Scenario 0 from demand_Center_to_Periphery.csv
2026-02-09 09:57:03,668 [INFO] Loaded 1 scenarios.
2026-02-09 09:57:03,668 [INFO] Updated Episode Duration: 600 seconds (10.0 mins).
2026-02-09 09:57:03,670 [INFO] Loaded Scenario 1 from demand_E_to_W.csv
2026-02-09 09:57:03,670 [INFO] Loaded 2 scenarios.
2026-02-09 09:57:03,670 [INFO] Updated Episode Duration: 1200 seconds (20.0 mins).
2026-02-09 09:57:03,671 [INFO] Loaded Scenario 2 from demand_NE_to_SW.csv
2026-02-09 09:57:03,671 [INFO] Loaded 3 scenarios.
2026-02-09 09:57:03,671 [INFO] Updated Episode Duration: 1800 seconds (30.0 mins).
2026-02-09 09:57:03,673 [INFO] Loaded Scenario 3 from demand_NW_to_SE.csv
2026-02-09 09:57:03,673 [INFO] Loaded 4 scenarios.
2026-02-09 09:57:03,673 [INFO] Updated Episode Duration: 2400 seconds (40.0 mins).
2026-02-09 09:57:03,675 [INFO] Loaded Scenario 4 from demand_N_to_S.csv
2026-02-09 09:57:03,675 [INFO] Loaded 5 scenarios.
2026-02-09 09:57:03,675 [INFO] Updated Episode Duration: 3000 seconds (50.0 mins).
2026-02-09 09:57:03,699 [INFO] Loaded Scenario 5 from demand_Periphery_to_Center.csv
2026-02-09 09:57:03,699 [INFO] Loaded 6 scenarios.
2026-02-09 09:57:03,699 [INFO] Updated Episode Duration: 3600 seconds (60.0 mins).
2026-02-09 09:57:03,701 [INFO] Loaded Scenario 6 from demand_SE_to_NW.csv
2026-02-09 09:57:03,701 [INFO] Loaded 7 scenarios.
2026-02-09 09:57:03,701 [INFO] Updated Episode Duration: 4200 seconds (70.0 mins).
2026-02-09 09:57:03,703 [INFO] Loaded Scenario 7 from demand_SW_to_NE.csv
2026-02-09 09:57:03,703 [INFO] Loaded 8 scenarios.
2026-02-09 09:57:03,703 [INFO] Updated Episode Duration: 4800 seconds (80.0 mins).
2026-02-09 09:57:03,704 [INFO] Loaded Scenario 8 from demand_S_to_N.csv
2026-02-09 09:57:03,704 [INFO] Loaded 9 scenarios.
2026-02-09 09:57:03,704 [INFO] Updated Episode Duration: 5400 seconds (90.0 mins).
2026-02-09 09:57:03,717 [INFO] Loaded Scenario 9 from demand_Uniform.csv
2026-02-09 09:57:03,717 [INFO] Loaded 10 scenarios.
2026-02-09 09:57:03,717 [INFO] Updated Episode Duration: 6000 seconds (100.0 mins).
2026-02-09 09:57:03,719 [INFO] Loaded Scenario 10 from demand_W_to_E.csv
2026-02-09 09:57:03,719 [INFO] Loaded 11 scenarios.
2026-02-09 09:57:03,719 [INFO] Updated Episode Duration: 6600 seconds (110.0 mins).
2026-02-09 09:57:03,719 [INFO] Training: s dim: 780, a dim 298023223876953125, s dim ls: [24, 30, 30, 36, 36, 36, 30, 30, 36, 36, 36, 30, 30, 24, 30, 30, 30, 24, 30, 30, 24, 30, 36, 36, 36], a dim ls: [5, 5, 5, 5, 5, 5, 5, 5, 5, 5, 5, 5, 5, 5, 5, 5, 5, 5, 5, 5, 5, 5, 5, 5, 5]
2026-02-09 10:01:10,799 [INFO] Injecting traffic for Scenario 0 at t=0
2026-02-09 10:01:10,822 [INFO] Scenario 0: Scheduled 169 vehicles.
2026-02-09 10:05:37,850 [INFO] Injecting traffic for Scenario 1 at t=600
2026-02-09 10:05:37,862 [INFO] Scenario 1: Scheduled 168 vehicles.
2026-02-09 10:05:45,653 [INFO] Injecting traffic for Scenario 2 at t=1200
2026-02-09 10:05:45,665 [INFO] Scenario 2: Scheduled 162 vehicles.
2026-02-09 10:05:54,079 [INFO] Injecting traffic for Scenario 3 at t=1800
2026-02-09 10:05:54,097 [INFO] Scenario 3: Scheduled 166 vehicles.
2026-02-09 10:06:01,783 [INFO] Injecting traffic for Scenario 4 at t=2400
2026-02-09 10:06:01,793 [INFO] Scenario 4: Scheduled 173 vehicles.
2026-02-09 10:06:09,751 [INFO] Injecting traffic for Scenario 5 at t=3000
2026-02-09 10:06:09,775 [INFO] Scenario 5: Scheduled 172 vehicles.
2026-02-09 10:06:17,973 [INFO] Injecting traffic for Scenario 6 at t=3600
2026-02-09 10:06:17,985 [INFO] Scenario 6: Scheduled 175 vehicles.
2026-02-09 10:06:26,923 [INFO] Injecting traffic for Scenario 7 at t=4200
2026-02-09 10:06:26,936 [INFO] Scenario 7: Scheduled 151 vehicles.
2026-02-09 10:06:36,753 [INFO] Injecting traffic for Scenario 8 at t=4800
2026-02-09 10:06:36,762 [INFO] Scenario 8: Scheduled 169 vehicles.
2026-02-09 10:06:46,220 [INFO] Injecting traffic for Scenario 9 at t=5400
2026-02-09 10:06:46,242 [INFO] Scenario 9: Scheduled 182 vehicles.
2026-02-09 10:06:54,456 [INFO] Injecting traffic for Scenario 10 at t=6000
2026-02-09 10:06:54,466 [INFO] Scenario 10: Scheduled 168 vehicles.
2026-02-09 10:10:27,242 [INFO] Injecting traffic for Scenario 0 at t=0
2026-02-09 10:10:27,263 [INFO] Scenario 0: Scheduled 162 vehicles.
2026-02-09 10:10:41,603 [INFO] Injecting traffic for Scenario 1 at t=600
2026-02-09 10:10:41,612 [INFO] Scenario 1: Scheduled 155 vehicles.
2026-02-09 10:10:53,990 [INFO] Injecting traffic for Scenario 2 at t=1200
2026-02-09 10:10:54,001 [INFO] Scenario 2: Scheduled 152 vehicles.
2026-02-09 10:11:05,009 [INFO] Injecting traffic for Scenario 3 at t=1800
2026-02-09 10:11:05,020 [INFO] Scenario 3: Scheduled 160 vehicles.
2026-02-09 10:11:17,999 [INFO] Injecting traffic for Scenario 4 at t=2400
2026-02-09 10:11:18,009 [INFO] Scenario 4: Scheduled 157 vehicles.
2026-02-09 10:11:32,671 [INFO] Injecting traffic for Scenario 5 at t=3000
2026-02-09 10:11:32,698 [INFO] Scenario 5: Scheduled 162 vehicles.
2026-02-09 10:11:41,763 [INFO] Injecting traffic for Scenario 6 at t=3600
2026-02-09 10:11:41,776 [INFO] Scenario 6: Scheduled 152 vehicles.
2026-02-09 10:11:52,240 [INFO] Injecting traffic for Scenario 7 at t=4200
2026-02-09 10:11:52,252 [INFO] Scenario 7: Scheduled 188 vehicles.
2026-02-09 10:12:02,932 [INFO] Injecting traffic for Scenario 8 at t=4800
2026-02-09 10:12:02,946 [INFO] Scenario 8: Scheduled 168 vehicles.
2026-02-09 10:12:13,434 [INFO] Injecting traffic for Scenario 9 at t=5400
2026-02-09 10:12:13,457 [INFO] Scenario 9: Scheduled 169 vehicles.
2026-02-09 10:12:24,121 [INFO] Injecting traffic for Scenario 10 at t=6000
2026-02-09 10:12:24,129 [INFO] Scenario 10: Scheduled 151 vehicles.
2026-02-09 10:27:21,357 [INFO] Injecting traffic for Scenario 0 at t=0
2026-02-09 10:27:21,377 [INFO] Scenario 0: Scheduled 149 vehicles.
2026-02-09 10:27:30,836 [INFO] Injecting traffic for Scenario 1 at t=600
2026-02-09 10:27:30,847 [INFO] Scenario 1: Scheduled 168 vehicles.
2026-02-09 10:27:38,450 [INFO] Injecting traffic for Scenario 2 at t=1200
2026-02-09 10:27:38,461 [INFO] Scenario 2: Scheduled 166 vehicles.
2026-02-09 10:27:46,219 [INFO] Injecting traffic for Scenario 3 at t=1800
2026-02-09 10:27:46,232 [INFO] Scenario 3: Scheduled 157 vehicles.
2026-02-09 10:28:02,207 [INFO] Injecting traffic for Scenario 4 at t=2400
2026-02-09 10:28:02,218 [INFO] Scenario 4: Scheduled 178 vehicles.
2026-02-09 10:28:15,810 [INFO] Injecting traffic for Scenario 5 at t=3000
2026-02-09 10:28:15,833 [INFO] Scenario 5: Scheduled 164 vehicles.
2026-02-09 10:28:28,539 [INFO] Injecting traffic for Scenario 6 at t=3600
2026-02-09 10:28:28,548 [INFO] Scenario 6: Scheduled 147 vehicles.
2026-02-09 10:28:48,691 [INFO] Injecting traffic for Scenario 7 at t=4200
2026-02-09 10:28:48,702 [INFO] Scenario 7: Scheduled 184 vehicles.
2026-02-09 10:29:12,217 [INFO] Injecting traffic for Scenario 8 at t=4800
2026-02-09 10:29:12,235 [INFO] Scenario 8: Scheduled 190 vehicles.
2026-02-09 10:29:25,558 [INFO] Injecting traffic for Scenario 9 at t=5400
2026-02-09 10:29:25,579 [INFO] Scenario 9: Scheduled 180 vehicles.
2026-02-09 10:29:35,034 [INFO] Injecting traffic for Scenario 10 at t=6000
2026-02-09 10:29:35,044 [INFO] Scenario 10: Scheduled 164 vehicles.
2026-02-09 10:29:59,979 [INFO] Injecting traffic for Scenario 0 at t=0
2026-02-09 10:30:00,012 [INFO] Scenario 0: Scheduled 171 vehicles.
2026-02-09 10:30:23,613 [INFO] Injecting traffic for Scenario 1 at t=600
2026-02-09 10:30:23,625 [INFO] Scenario 1: Scheduled 158 vehicles.
2026-02-09 10:30:46,731 [INFO] Injecting traffic for Scenario 2 at t=1200
2026-02-09 10:30:46,746 [INFO] Scenario 2: Scheduled 187 vehicles.
