2026-03-10 17:04:01,938 - Reading configuration from: /home/sdc_joran/Journal/deeprl_signal_control/config/config_ppo_large.ini
2026-03-10 17:04:01,938 - Using frozen controller run dir: /home/sdc_joran/Journal/deeprl_signal_control/runs/ppo_large
2026-03-10 17:04:01,938 - Adversary output dir: /home/sdc_joran/Journal/deeprl_signal_control/output_adversary/ppo_large
2026-03-10 17:04:01,939 - Initializing Adversarial Environment...
2026-03-10 17:04:19,386 - WCE training overrides: reward_norm=500.0, reward_clip=5.0, batch_size=44 (base_config_batch=120, ~4.0 episodes/update)
2026-03-10 17:04:19,386 - Initializing CNN Adversary...
2026-03-10 17:04:19,521 - Resume requested but no checkpoint found in /home/sdc_joran/Journal/deeprl_signal_control/output_adversary/ppo_large/model. Starting fresh.
2026-03-10 17:04:19,521 - WCE setup: scenarios=11, episode_length_sec=6600, adversary_step_duration=600, macro_steps_per_episode~11, total_episodes=500, expected_total_macro_steps~5500, batch_size=44, checkpoint_interval=5, resume=True, model_dir=/home/sdc_joran/Journal/deeprl_signal_control/output_adversary/ppo_large/model
2026-03-10 17:04:19,521 - Manual stack dump enabled: `kill -USR1 263842` -> /home/sdc_joran/Journal/deeprl_signal_control/output_adversary/ppo_large/manual_signal_stacks.log
2026-03-10 17:04:19,522 - Start Training from episode 0 ...
2026-03-10 17:04:52,183 - Episode 0: Steps=11, Reward=1533.21
2026-03-10 17:05:18,907 - Episode 1: Steps=11, Reward=1561.75
2026-03-10 17:05:45,010 - Episode 2: Steps=11, Reward=1571.66
2026-03-10 17:06:10,909 - Episode 3: Steps=11, Reward=1552.05
2026-03-10 17:06:36,638 - Episode 4: Steps=11, Reward=1535.99
2026-03-10 17:06:36,654 - Saved checkpoint at episode=4 (global_step=55) to /home/sdc_joran/Journal/deeprl_signal_control/output_adversary/ppo_large/model
2026-03-10 17:07:03,592 - Episode 5: Steps=11, Reward=1696.77
2026-03-10 17:07:29,619 - Episode 6: Steps=11, Reward=1641.78
2026-03-10 17:07:55,669 - Episode 7: Steps=11, Reward=1607.95
2026-03-10 17:08:21,756 - Episode 8: Steps=11, Reward=1605.07
2026-03-10 17:08:47,598 - Episode 9: Steps=11, Reward=1572.10
2026-03-10 17:08:47,604 - Saved checkpoint at episode=9 (global_step=110) to /home/sdc_joran/Journal/deeprl_signal_control/output_adversary/ppo_large/model
2026-03-10 17:09:13,569 - Episode 10: Steps=11, Reward=1593.32
2026-03-10 17:09:39,456 - Episode 11: Steps=11, Reward=1704.70
2026-03-10 17:10:05,685 - Episode 12: Steps=11, Reward=1721.59
2026-03-10 17:10:31,661 - Episode 13: Steps=11, Reward=1522.52
2026-03-10 17:10:57,677 - Episode 14: Steps=11, Reward=1619.29
2026-03-10 17:10:57,685 - Saved checkpoint at episode=14 (global_step=165) to /home/sdc_joran/Journal/deeprl_signal_control/output_adversary/ppo_large/model
2026-03-10 17:11:23,548 - Episode 15: Steps=11, Reward=1520.26
2026-03-10 17:11:49,470 - Episode 16: Steps=11, Reward=1629.08
2026-03-10 17:12:15,558 - Episode 17: Steps=11, Reward=1618.96
2026-03-10 17:12:41,666 - Episode 18: Steps=11, Reward=1598.49
2026-03-10 17:13:07,757 - Episode 19: Steps=11, Reward=1663.25
2026-03-10 17:13:07,767 - Saved checkpoint at episode=19 (global_step=220) to /home/sdc_joran/Journal/deeprl_signal_control/output_adversary/ppo_large/model
2026-03-10 17:13:33,831 - Episode 20: Steps=11, Reward=1620.70
2026-03-10 17:13:59,743 - Episode 21: Steps=11, Reward=1600.38
2026-03-10 17:14:25,690 - Episode 22: Steps=11, Reward=1657.15
2026-03-10 17:14:51,645 - Episode 23: Steps=11, Reward=1568.61
2026-03-10 17:15:17,865 - Episode 24: Steps=11, Reward=1628.52
2026-03-10 17:15:17,873 - Saved checkpoint at episode=24 (global_step=275) to /home/sdc_joran/Journal/deeprl_signal_control/output_adversary/ppo_large/model
2026-03-10 17:15:43,800 - Episode 25: Steps=11, Reward=1595.64
2026-03-10 17:16:09,805 - Episode 26: Steps=11, Reward=1595.37
2026-03-10 17:16:35,887 - Episode 27: Steps=11, Reward=1728.72
2026-03-10 17:17:01,832 - Episode 28: Steps=11, Reward=1657.10
2026-03-10 17:17:27,934 - Episode 29: Steps=11, Reward=1584.61
2026-03-10 17:17:27,947 - Saved checkpoint at episode=29 (global_step=330) to /home/sdc_joran/Journal/deeprl_signal_control/output_adversary/ppo_large/model
2026-03-10 17:17:53,971 - Episode 30: Steps=11, Reward=1573.85
2026-03-10 17:18:20,114 - Episode 31: Steps=11, Reward=1613.26
2026-03-10 17:18:46,328 - Episode 32: Steps=11, Reward=1573.53
2026-03-10 17:19:12,379 - Episode 33: Steps=11, Reward=1596.08
2026-03-10 17:19:38,497 - Episode 34: Steps=11, Reward=1683.86
2026-03-10 17:19:38,510 - Saved checkpoint at episode=34 (global_step=385) to /home/sdc_joran/Journal/deeprl_signal_control/output_adversary/ppo_large/model
2026-03-10 17:20:04,559 - Episode 35: Steps=11, Reward=1601.56
2026-03-10 17:20:30,575 - Episode 36: Steps=11, Reward=1588.09
2026-03-10 17:20:56,706 - Episode 37: Steps=11, Reward=1637.14
2026-03-10 17:21:22,804 - Episode 38: Steps=11, Reward=1619.73
2026-03-10 17:21:49,064 - Episode 39: Steps=11, Reward=1700.06
2026-03-10 17:21:49,074 - Saved checkpoint at episode=39 (global_step=440) to /home/sdc_joran/Journal/deeprl_signal_control/output_adversary/ppo_large/model
2026-03-10 17:22:15,243 - Episode 40: Steps=11, Reward=1653.81
2026-03-10 17:22:41,265 - Episode 41: Steps=11, Reward=1641.35
2026-03-10 17:23:07,445 - Episode 42: Steps=11, Reward=1715.79
2026-03-10 17:23:33,524 - Episode 43: Steps=11, Reward=1575.17
2026-03-10 17:23:59,756 - Episode 44: Steps=11, Reward=1675.82
2026-03-10 17:23:59,766 - Saved checkpoint at episode=44 (global_step=495) to /home/sdc_joran/Journal/deeprl_signal_control/output_adversary/ppo_large/model
2026-03-10 17:24:25,788 - Episode 45: Steps=11, Reward=1585.81
2026-03-10 17:24:51,900 - Episode 46: Steps=11, Reward=1588.47
2026-03-10 17:25:17,900 - Episode 47: Steps=11, Reward=1622.23
2026-03-10 17:25:44,128 - Episode 48: Steps=11, Reward=1609.75
2026-03-10 17:26:10,201 - Episode 49: Steps=11, Reward=1670.90
2026-03-10 17:26:10,213 - Saved checkpoint at episode=49 (global_step=550) to /home/sdc_joran/Journal/deeprl_signal_control/output_adversary/ppo_large/model
2026-03-10 17:26:36,386 - Episode 50: Steps=11, Reward=1632.40
2026-03-10 17:27:02,558 - Episode 51: Steps=11, Reward=1663.75
2026-03-10 17:27:28,575 - Episode 52: Steps=11, Reward=1531.90
2026-03-10 17:27:54,601 - Episode 53: Steps=11, Reward=1637.27
2026-03-10 17:28:20,719 - Episode 54: Steps=11, Reward=1611.54
2026-03-10 17:28:20,729 - Saved checkpoint at episode=54 (global_step=605) to /home/sdc_joran/Journal/deeprl_signal_control/output_adversary/ppo_large/model
2026-03-10 17:28:46,935 - Episode 55: Steps=11, Reward=1659.22
2026-03-10 17:29:13,214 - Episode 56: Steps=11, Reward=1689.57
2026-03-10 17:29:39,166 - Episode 57: Steps=11, Reward=1581.93
2026-03-10 17:30:05,161 - Episode 58: Steps=11, Reward=1572.88
2026-03-10 17:30:31,328 - Episode 59: Steps=11, Reward=1675.17
2026-03-10 17:30:31,339 - Saved checkpoint at episode=59 (global_step=660) to /home/sdc_joran/Journal/deeprl_signal_control/output_adversary/ppo_large/model
2026-03-10 17:30:57,695 - Episode 60: Steps=11, Reward=1634.37
2026-03-10 17:31:23,630 - Episode 61: Steps=11, Reward=1622.69
2026-03-10 17:31:49,847 - Episode 62: Steps=11, Reward=1643.12
2026-03-10 17:32:16,008 - Episode 63: Steps=11, Reward=1610.69
2026-03-10 17:32:42,257 - Episode 64: Steps=11, Reward=1651.20
2026-03-10 17:32:42,267 - Saved checkpoint at episode=64 (global_step=715) to /home/sdc_joran/Journal/deeprl_signal_control/output_adversary/ppo_large/model
2026-03-10 17:33:08,326 - Episode 65: Steps=11, Reward=1714.70
2026-03-10 17:33:34,246 - Episode 66: Steps=11, Reward=1592.18
2026-03-10 17:34:00,210 - Episode 67: Steps=11, Reward=1602.81
2026-03-10 17:34:26,297 - Episode 68: Steps=11, Reward=1675.18
2026-03-10 17:34:52,376 - Episode 69: Steps=11, Reward=1683.15
2026-03-10 17:34:52,383 - Saved checkpoint at episode=69 (global_step=770) to /home/sdc_joran/Journal/deeprl_signal_control/output_adversary/ppo_large/model
2026-03-10 17:35:18,237 - Episode 70: Steps=11, Reward=1646.53
2026-03-10 17:35:44,192 - Episode 71: Steps=11, Reward=1604.12
2026-03-10 17:36:10,353 - Episode 72: Steps=11, Reward=1561.93
2026-03-10 17:36:36,574 - Episode 73: Steps=11, Reward=1691.22
2026-03-10 17:37:02,546 - Episode 74: Steps=11, Reward=1633.71
2026-03-10 17:37:02,557 - Saved checkpoint at episode=74 (global_step=825) to /home/sdc_joran/Journal/deeprl_signal_control/output_adversary/ppo_large/model
2026-03-10 17:37:28,486 - Episode 75: Steps=11, Reward=1610.73
2026-03-10 17:37:54,364 - Episode 76: Steps=11, Reward=1558.46
2026-03-10 17:38:20,366 - Episode 77: Steps=11, Reward=1649.57
2026-03-10 17:38:46,438 - Episode 78: Steps=11, Reward=1612.01
2026-03-10 17:39:12,585 - Episode 79: Steps=11, Reward=1679.60
2026-03-10 17:39:12,592 - Saved checkpoint at episode=79 (global_step=880) to /home/sdc_joran/Journal/deeprl_signal_control/output_adversary/ppo_large/model
2026-03-10 17:39:38,719 - Episode 80: Steps=11, Reward=1614.10
2026-03-10 17:40:04,925 - Episode 81: Steps=11, Reward=1647.44
2026-03-10 17:40:31,104 - Episode 82: Steps=11, Reward=1703.06
2026-03-10 17:40:57,018 - Episode 83: Steps=11, Reward=1628.48
2026-03-10 17:41:22,920 - Episode 84: Steps=11, Reward=1568.87
2026-03-10 17:41:22,928 - Saved checkpoint at episode=84 (global_step=935) to /home/sdc_joran/Journal/deeprl_signal_control/output_adversary/ppo_large/model
2026-03-10 17:41:49,036 - Episode 85: Steps=11, Reward=1592.60
2026-03-10 17:42:15,086 - Episode 86: Steps=11, Reward=1703.05
2026-03-10 17:42:41,293 - Episode 87: Steps=11, Reward=1665.46
2026-03-10 17:43:07,219 - Episode 88: Steps=11, Reward=1550.06
2026-03-10 17:43:33,416 - Episode 89: Steps=11, Reward=1653.88
2026-03-10 17:43:33,428 - Saved checkpoint at episode=89 (global_step=990) to /home/sdc_joran/Journal/deeprl_signal_control/output_adversary/ppo_large/model
2026-03-10 17:43:59,435 - Episode 90: Steps=11, Reward=1621.37
2026-03-10 17:44:25,533 - Episode 91: Steps=11, Reward=1620.62
2026-03-10 17:44:51,679 - Episode 92: Steps=11, Reward=1616.32
2026-03-10 17:45:17,625 - Episode 93: Steps=11, Reward=1542.05
2026-03-10 17:45:43,786 - Episode 94: Steps=11, Reward=1685.41
2026-03-10 17:45:43,795 - Saved checkpoint at episode=94 (global_step=1045) to /home/sdc_joran/Journal/deeprl_signal_control/output_adversary/ppo_large/model
2026-03-10 17:46:09,807 - Episode 95: Steps=11, Reward=1634.26
2026-03-10 17:46:35,885 - Episode 96: Steps=11, Reward=1652.02
2026-03-10 17:47:01,915 - Episode 97: Steps=11, Reward=1510.90
2026-03-10 17:47:27,922 - Episode 98: Steps=11, Reward=1594.80
2026-03-10 17:47:54,131 - Episode 99: Steps=11, Reward=1728.00
2026-03-10 17:47:54,138 - Saved checkpoint at episode=99 (global_step=1100) to /home/sdc_joran/Journal/deeprl_signal_control/output_adversary/ppo_large/model
2026-03-10 17:48:20,269 - Episode 100: Steps=11, Reward=1646.10
2026-03-10 17:48:46,236 - Episode 101: Steps=11, Reward=1620.54
2026-03-10 17:49:12,158 - Episode 102: Steps=11, Reward=1518.44
2026-03-10 17:49:38,389 - Episode 103: Steps=11, Reward=1548.25
2026-03-10 17:50:04,544 - Episode 104: Steps=11, Reward=1608.56
2026-03-10 17:50:04,554 - Saved checkpoint at episode=104 (global_step=1155) to /home/sdc_joran/Journal/deeprl_signal_control/output_adversary/ppo_large/model
2026-03-10 17:50:30,662 - Episode 105: Steps=11, Reward=1612.02
2026-03-10 17:50:56,731 - Episode 106: Steps=11, Reward=1599.49
2026-03-10 17:51:22,713 - Episode 107: Steps=11, Reward=1616.51
2026-03-10 17:51:48,867 - Episode 108: Steps=11, Reward=1671.84
2026-03-10 17:52:15,156 - Episode 109: Steps=11, Reward=1689.42
2026-03-10 17:52:15,164 - Saved checkpoint at episode=109 (global_step=1210) to /home/sdc_joran/Journal/deeprl_signal_control/output_adversary/ppo_large/model
2026-03-10 17:52:41,210 - Episode 110: Steps=11, Reward=1625.93
2026-03-10 17:53:07,387 - Episode 111: Steps=11, Reward=1627.10
2026-03-10 17:53:33,627 - Episode 112: Steps=11, Reward=1577.82
2026-03-10 17:53:59,582 - Episode 113: Steps=11, Reward=1612.76
2026-03-10 17:54:25,538 - Episode 114: Steps=11, Reward=1603.68
2026-03-10 17:54:25,548 - Saved checkpoint at episode=114 (global_step=1265) to /home/sdc_joran/Journal/deeprl_signal_control/output_adversary/ppo_large/model
2026-03-10 17:54:51,619 - Episode 115: Steps=11, Reward=1619.28
2026-03-10 17:55:17,709 - Episode 116: Steps=11, Reward=1596.18
2026-03-10 17:55:43,853 - Episode 117: Steps=11, Reward=1614.65
2026-03-10 17:56:09,761 - Episode 118: Steps=11, Reward=1547.20
2026-03-10 17:56:35,640 - Episode 119: Steps=11, Reward=1605.22
2026-03-10 17:56:35,646 - Saved checkpoint at episode=119 (global_step=1320) to /home/sdc_joran/Journal/deeprl_signal_control/output_adversary/ppo_large/model
2026-03-10 17:57:01,831 - Episode 120: Steps=11, Reward=1664.40
2026-03-10 17:57:28,013 - Episode 121: Steps=11, Reward=1634.52
2026-03-10 17:57:54,408 - Episode 122: Steps=11, Reward=1697.04
2026-03-10 17:58:20,520 - Episode 123: Steps=11, Reward=1642.02
2026-03-10 17:58:46,636 - Episode 124: Steps=11, Reward=1582.06
2026-03-10 17:58:46,645 - Saved checkpoint at episode=124 (global_step=1375) to /home/sdc_joran/Journal/deeprl_signal_control/output_adversary/ppo_large/model
2026-03-10 17:59:12,757 - Episode 125: Steps=11, Reward=1656.98
2026-03-10 17:59:38,703 - Episode 126: Steps=11, Reward=1576.46
2026-03-10 18:00:04,933 - Episode 127: Steps=11, Reward=1634.55
2026-03-10 18:00:31,011 - Episode 128: Steps=11, Reward=1593.67
2026-03-10 18:00:56,991 - Episode 129: Steps=11, Reward=1591.53
2026-03-10 18:00:57,000 - Saved checkpoint at episode=129 (global_step=1430) to /home/sdc_joran/Journal/deeprl_signal_control/output_adversary/ppo_large/model
2026-03-10 18:01:22,963 - Episode 130: Steps=11, Reward=1609.06
2026-03-10 18:01:49,015 - Episode 131: Steps=11, Reward=1561.09
2026-03-10 18:02:14,938 - Episode 132: Steps=11, Reward=1629.18
2026-03-10 18:02:41,094 - Episode 133: Steps=11, Reward=1634.27
2026-03-10 18:03:07,376 - Episode 134: Steps=11, Reward=1741.42
2026-03-10 18:03:07,386 - Saved checkpoint at episode=134 (global_step=1485) to /home/sdc_joran/Journal/deeprl_signal_control/output_adversary/ppo_large/model
2026-03-10 18:03:33,612 - Episode 135: Steps=11, Reward=1617.37
2026-03-10 18:03:59,656 - Episode 136: Steps=11, Reward=1605.13
2026-03-10 18:04:25,716 - Episode 137: Steps=11, Reward=1673.86
2026-03-10 18:04:51,860 - Episode 138: Steps=11, Reward=1712.82
2026-03-10 18:05:17,944 - Episode 139: Steps=11, Reward=1616.34
2026-03-10 18:05:17,951 - Saved checkpoint at episode=139 (global_step=1540) to /home/sdc_joran/Journal/deeprl_signal_control/output_adversary/ppo_large/model
2026-03-10 18:05:44,278 - Episode 140: Steps=11, Reward=1782.92
2026-03-10 18:06:10,545 - Episode 141: Steps=11, Reward=1655.77
2026-03-10 18:06:36,613 - Episode 142: Steps=11, Reward=1593.39
2026-03-10 18:07:02,745 - Episode 143: Steps=11, Reward=1603.09
2026-03-10 18:07:28,705 - Episode 144: Steps=11, Reward=1575.37
2026-03-10 18:07:28,713 - Saved checkpoint at episode=144 (global_step=1595) to /home/sdc_joran/Journal/deeprl_signal_control/output_adversary/ppo_large/model
2026-03-10 18:07:54,713 - Episode 145: Steps=11, Reward=1626.31
2026-03-10 18:08:20,669 - Episode 146: Steps=11, Reward=1579.62
2026-03-10 18:08:46,675 - Episode 147: Steps=11, Reward=1561.29
2026-03-10 18:09:12,810 - Episode 148: Steps=11, Reward=1633.59
2026-03-10 18:09:39,027 - Episode 149: Steps=11, Reward=1652.89
2026-03-10 18:09:39,039 - Saved checkpoint at episode=149 (global_step=1650) to /home/sdc_joran/Journal/deeprl_signal_control/output_adversary/ppo_large/model
2026-03-10 18:10:04,853 - Episode 150: Steps=11, Reward=1538.05
2026-03-10 18:10:31,154 - Episode 151: Steps=11, Reward=1680.76
2026-03-10 18:10:57,119 - Episode 152: Steps=11, Reward=1648.55
2026-03-10 18:11:23,245 - Episode 153: Steps=11, Reward=1611.64
2026-03-10 18:11:49,445 - Episode 154: Steps=11, Reward=1671.01
2026-03-10 18:11:49,453 - Saved checkpoint at episode=154 (global_step=1705) to /home/sdc_joran/Journal/deeprl_signal_control/output_adversary/ppo_large/model
2026-03-10 18:12:15,549 - Episode 155: Steps=11, Reward=1570.61
2026-03-10 18:12:41,869 - Episode 156: Steps=11, Reward=1605.63
2026-03-10 18:13:08,230 - Episode 157: Steps=11, Reward=1700.82
2026-03-10 18:13:34,407 - Episode 158: Steps=11, Reward=1655.74
2026-03-10 18:14:00,475 - Episode 159: Steps=11, Reward=1647.90
2026-03-10 18:14:00,483 - Saved checkpoint at episode=159 (global_step=1760) to /home/sdc_joran/Journal/deeprl_signal_control/output_adversary/ppo_large/model
2026-03-10 18:14:26,689 - Episode 160: Steps=11, Reward=1599.59
2026-03-10 18:14:52,899 - Episode 161: Steps=11, Reward=1672.99
2026-03-10 18:15:18,982 - Episode 162: Steps=11, Reward=1606.58
2026-03-10 18:15:45,115 - Episode 163: Steps=11, Reward=1613.53
2026-03-10 18:16:11,003 - Episode 164: Steps=11, Reward=1550.36
2026-03-10 18:16:11,014 - Saved checkpoint at episode=164 (global_step=1815) to /home/sdc_joran/Journal/deeprl_signal_control/output_adversary/ppo_large/model
2026-03-10 18:16:37,138 - Episode 165: Steps=11, Reward=1620.68
2026-03-10 18:17:03,277 - Episode 166: Steps=11, Reward=1609.21
2026-03-10 18:17:29,307 - Episode 167: Steps=11, Reward=1668.92
2026-03-10 18:17:55,356 - Episode 168: Steps=11, Reward=1605.60
2026-03-10 18:18:21,445 - Episode 169: Steps=11, Reward=1635.83
2026-03-10 18:18:21,454 - Saved checkpoint at episode=169 (global_step=1870) to /home/sdc_joran/Journal/deeprl_signal_control/output_adversary/ppo_large/model
2026-03-10 18:18:47,395 - Episode 170: Steps=11, Reward=1622.68
2026-03-10 18:19:13,424 - Episode 171: Steps=11, Reward=1563.96
2026-03-10 18:19:39,580 - Episode 172: Steps=11, Reward=1625.83
2026-03-10 18:20:05,562 - Episode 173: Steps=11, Reward=1617.39
2026-03-10 18:20:31,668 - Episode 174: Steps=11, Reward=1673.64
2026-03-10 18:20:31,675 - Saved checkpoint at episode=174 (global_step=1925) to /home/sdc_joran/Journal/deeprl_signal_control/output_adversary/ppo_large/model
2026-03-10 18:20:57,812 - Episode 175: Steps=11, Reward=1715.24
2026-03-10 18:21:23,898 - Episode 176: Steps=11, Reward=1653.86
2026-03-10 18:21:49,919 - Episode 177: Steps=11, Reward=1586.38
2026-03-10 18:22:15,864 - Episode 178: Steps=11, Reward=1593.57
2026-03-10 18:22:42,007 - Episode 179: Steps=11, Reward=1719.78
2026-03-10 18:22:42,016 - Saved checkpoint at episode=179 (global_step=1980) to /home/sdc_joran/Journal/deeprl_signal_control/output_adversary/ppo_large/model
2026-03-10 18:23:08,285 - Episode 180: Steps=11, Reward=1645.61
2026-03-10 18:23:34,230 - Episode 181: Steps=11, Reward=1595.95
2026-03-10 18:24:00,215 - Episode 182: Steps=11, Reward=1670.01
2026-03-10 18:24:26,242 - Episode 183: Steps=11, Reward=1602.80
2026-03-10 18:24:52,368 - Episode 184: Steps=11, Reward=1597.70
2026-03-10 18:24:52,380 - Saved checkpoint at episode=184 (global_step=2035) to /home/sdc_joran/Journal/deeprl_signal_control/output_adversary/ppo_large/model
2026-03-10 18:25:18,565 - Episode 185: Steps=11, Reward=1671.71
2026-03-10 18:25:44,670 - Episode 186: Steps=11, Reward=1612.30
2026-03-10 18:26:10,595 - Episode 187: Steps=11, Reward=1561.54
2026-03-10 18:26:36,687 - Episode 188: Steps=11, Reward=1605.30
2026-03-10 18:27:02,622 - Episode 189: Steps=11, Reward=1640.37
2026-03-10 18:27:02,632 - Saved checkpoint at episode=189 (global_step=2090) to /home/sdc_joran/Journal/deeprl_signal_control/output_adversary/ppo_large/model
2026-03-10 18:27:28,633 - Episode 190: Steps=11, Reward=1565.44
2026-03-10 18:27:54,798 - Episode 191: Steps=11, Reward=1639.67
2026-03-10 18:28:21,128 - Episode 192: Steps=11, Reward=1642.80
2026-03-10 18:28:47,431 - Episode 193: Steps=11, Reward=1651.30
2026-03-10 18:29:13,415 - Episode 194: Steps=11, Reward=1647.60
2026-03-10 18:29:13,423 - Saved checkpoint at episode=194 (global_step=2145) to /home/sdc_joran/Journal/deeprl_signal_control/output_adversary/ppo_large/model
2026-03-10 18:29:39,437 - Episode 195: Steps=11, Reward=1593.01
2026-03-10 18:30:05,337 - Episode 196: Steps=11, Reward=1582.30
2026-03-10 18:30:31,467 - Episode 197: Steps=11, Reward=1572.57
2026-03-10 18:30:57,675 - Episode 198: Steps=11, Reward=1619.01
2026-03-10 18:31:23,999 - Episode 199: Steps=11, Reward=1614.71
2026-03-10 18:31:24,009 - Saved checkpoint at episode=199 (global_step=2200) to /home/sdc_joran/Journal/deeprl_signal_control/output_adversary/ppo_large/model
2026-03-10 18:31:49,944 - Episode 200: Steps=11, Reward=1527.94
2026-03-10 18:32:15,854 - Episode 201: Steps=11, Reward=1552.28
2026-03-10 18:32:41,972 - Episode 202: Steps=11, Reward=1708.73
2026-03-10 18:33:08,193 - Episode 203: Steps=11, Reward=1661.44
2026-03-10 18:33:34,256 - Episode 204: Steps=11, Reward=1618.63
2026-03-10 18:33:34,265 - Saved checkpoint at episode=204 (global_step=2255) to /home/sdc_joran/Journal/deeprl_signal_control/output_adversary/ppo_large/model
2026-03-10 18:34:00,322 - Episode 205: Steps=11, Reward=1608.49
2026-03-10 18:34:26,498 - Episode 206: Steps=11, Reward=1621.81
2026-03-10 18:34:52,916 - Episode 207: Steps=11, Reward=1699.71
2026-03-10 18:35:18,867 - Episode 208: Steps=11, Reward=1626.96
2026-03-10 18:35:45,060 - Episode 209: Steps=11, Reward=1636.28
2026-03-10 18:35:45,070 - Saved checkpoint at episode=209 (global_step=2310) to /home/sdc_joran/Journal/deeprl_signal_control/output_adversary/ppo_large/model
2026-03-10 18:36:11,234 - Episode 210: Steps=11, Reward=1615.65
2026-03-10 18:36:37,316 - Episode 211: Steps=11, Reward=1543.31
2026-03-10 18:37:03,570 - Episode 212: Steps=11, Reward=1678.05
2026-03-10 18:37:29,636 - Episode 213: Steps=11, Reward=1707.88
2026-03-10 18:37:55,555 - Episode 214: Steps=11, Reward=1517.50
2026-03-10 18:37:55,564 - Saved checkpoint at episode=214 (global_step=2365) to /home/sdc_joran/Journal/deeprl_signal_control/output_adversary/ppo_large/model
2026-03-10 18:38:21,568 - Episode 215: Steps=11, Reward=1622.84
2026-03-10 18:38:47,579 - Episode 216: Steps=11, Reward=1571.85
2026-03-10 18:39:13,814 - Episode 217: Steps=11, Reward=1653.93
2026-03-10 18:39:39,661 - Episode 218: Steps=11, Reward=1602.10
2026-03-10 18:40:05,799 - Episode 219: Steps=11, Reward=1605.43
2026-03-10 18:40:05,805 - Saved checkpoint at episode=219 (global_step=2420) to /home/sdc_joran/Journal/deeprl_signal_control/output_adversary/ppo_large/model
2026-03-10 18:40:31,876 - Episode 220: Steps=11, Reward=1653.92
2026-03-10 18:40:57,833 - Episode 221: Steps=11, Reward=1566.49
2026-03-10 18:41:23,791 - Episode 222: Steps=11, Reward=1482.77
2026-03-10 18:41:49,721 - Episode 223: Steps=11, Reward=1586.53
2026-03-10 18:42:15,910 - Episode 224: Steps=11, Reward=1603.57
2026-03-10 18:42:15,921 - Saved checkpoint at episode=224 (global_step=2475) to /home/sdc_joran/Journal/deeprl_signal_control/output_adversary/ppo_large/model
2026-03-10 18:42:42,089 - Episode 225: Steps=11, Reward=1615.89
2026-03-10 18:43:08,204 - Episode 226: Steps=11, Reward=1599.32
2026-03-10 18:43:34,148 - Episode 227: Steps=11, Reward=1530.24
2026-03-10 18:44:00,058 - Episode 228: Steps=11, Reward=1632.01
2026-03-10 18:44:26,125 - Episode 229: Steps=11, Reward=1602.42
2026-03-10 18:44:26,133 - Saved checkpoint at episode=229 (global_step=2530) to /home/sdc_joran/Journal/deeprl_signal_control/output_adversary/ppo_large/model
2026-03-10 18:44:52,204 - Episode 230: Steps=11, Reward=1626.42
2026-03-10 18:45:18,450 - Episode 231: Steps=11, Reward=1649.80
2026-03-10 18:45:44,609 - Episode 232: Steps=11, Reward=1664.95
2026-03-10 18:46:10,848 - Episode 233: Steps=11, Reward=1658.59
2026-03-10 18:46:36,945 - Episode 234: Steps=11, Reward=1670.90
2026-03-10 18:46:36,954 - Saved checkpoint at episode=234 (global_step=2585) to /home/sdc_joran/Journal/deeprl_signal_control/output_adversary/ppo_large/model
2026-03-10 18:47:03,196 - Episode 235: Steps=11, Reward=1717.25
2026-03-10 18:47:29,387 - Episode 236: Steps=11, Reward=1590.79
2026-03-10 18:47:55,451 - Episode 237: Steps=11, Reward=1602.64
2026-03-10 18:48:21,487 - Episode 238: Steps=11, Reward=1556.59
2026-03-10 18:48:47,577 - Episode 239: Steps=11, Reward=1605.24
2026-03-10 18:48:47,588 - Saved checkpoint at episode=239 (global_step=2640) to /home/sdc_joran/Journal/deeprl_signal_control/output_adversary/ppo_large/model
2026-03-10 18:49:13,527 - Episode 240: Steps=11, Reward=1606.54
2026-03-10 18:49:39,801 - Episode 241: Steps=11, Reward=1684.54
2026-03-10 18:50:06,025 - Episode 242: Steps=11, Reward=1637.43
2026-03-10 18:50:31,939 - Episode 243: Steps=11, Reward=1533.06
2026-03-10 18:50:57,984 - Episode 244: Steps=11, Reward=1675.29
2026-03-10 18:50:57,995 - Saved checkpoint at episode=244 (global_step=2695) to /home/sdc_joran/Journal/deeprl_signal_control/output_adversary/ppo_large/model
2026-03-10 18:51:24,044 - Episode 245: Steps=11, Reward=1617.73
2026-03-10 18:51:49,944 - Episode 246: Steps=11, Reward=1537.13
2026-03-10 18:52:16,122 - Episode 247: Steps=11, Reward=1702.83
2026-03-10 18:52:42,291 - Episode 248: Steps=11, Reward=1622.17
2026-03-10 18:53:08,396 - Episode 249: Steps=11, Reward=1553.84
2026-03-10 18:53:08,406 - Saved checkpoint at episode=249 (global_step=2750) to /home/sdc_joran/Journal/deeprl_signal_control/output_adversary/ppo_large/model
2026-03-10 18:53:34,591 - Episode 250: Steps=11, Reward=1657.53
2026-03-10 18:54:00,684 - Episode 251: Steps=11, Reward=1675.17
2026-03-10 18:54:26,902 - Episode 252: Steps=11, Reward=1693.45
2026-03-10 18:54:53,060 - Episode 253: Steps=11, Reward=1678.89
2026-03-10 18:55:19,229 - Episode 254: Steps=11, Reward=1628.84
2026-03-10 18:55:19,238 - Saved checkpoint at episode=254 (global_step=2805) to /home/sdc_joran/Journal/deeprl_signal_control/output_adversary/ppo_large/model
2026-03-10 18:55:45,578 - Episode 255: Steps=11, Reward=1699.30
2026-03-10 18:56:11,580 - Episode 256: Steps=11, Reward=1604.14
2026-03-10 18:56:37,757 - Episode 257: Steps=11, Reward=1713.98
2026-03-10 18:57:03,705 - Episode 258: Steps=11, Reward=1599.65
2026-03-10 18:57:29,698 - Episode 259: Steps=11, Reward=1673.38
2026-03-10 18:57:29,706 - Saved checkpoint at episode=259 (global_step=2860) to /home/sdc_joran/Journal/deeprl_signal_control/output_adversary/ppo_large/model
2026-03-10 18:57:55,915 - Episode 260: Steps=11, Reward=1674.46
2026-03-10 18:58:22,289 - Episode 261: Steps=11, Reward=1654.38
2026-03-10 18:58:48,316 - Episode 262: Steps=11, Reward=1602.26
2026-03-10 18:59:14,337 - Episode 263: Steps=11, Reward=1631.76
2026-03-10 18:59:40,379 - Episode 264: Steps=11, Reward=1619.30
2026-03-10 18:59:40,388 - Saved checkpoint at episode=264 (global_step=2915) to /home/sdc_joran/Journal/deeprl_signal_control/output_adversary/ppo_large/model
2026-03-10 19:00:06,464 - Episode 265: Steps=11, Reward=1616.81
2026-03-10 19:00:32,470 - Episode 266: Steps=11, Reward=1667.81
2026-03-10 19:00:58,560 - Episode 267: Steps=11, Reward=1664.16
2026-03-10 19:01:24,628 - Episode 268: Steps=11, Reward=1623.31
2026-03-10 19:01:50,682 - Episode 269: Steps=11, Reward=1620.60
2026-03-10 19:01:50,691 - Saved checkpoint at episode=269 (global_step=2970) to /home/sdc_joran/Journal/deeprl_signal_control/output_adversary/ppo_large/model
2026-03-10 19:02:16,880 - Episode 270: Steps=11, Reward=1772.27
2026-03-10 19:02:43,214 - Episode 271: Steps=11, Reward=1757.10
2026-03-10 19:03:09,229 - Episode 272: Steps=11, Reward=1638.60
2026-03-10 19:03:35,186 - Episode 273: Steps=11, Reward=1519.21
2026-03-10 19:04:01,331 - Episode 274: Steps=11, Reward=1615.99
2026-03-10 19:04:01,338 - Saved checkpoint at episode=274 (global_step=3025) to /home/sdc_joran/Journal/deeprl_signal_control/output_adversary/ppo_large/model
2026-03-10 19:04:27,449 - Episode 275: Steps=11, Reward=1630.04
2026-03-10 19:04:53,489 - Episode 276: Steps=11, Reward=1612.83
2026-03-10 19:05:19,535 - Episode 277: Steps=11, Reward=1555.01
2026-03-10 19:05:45,532 - Episode 278: Steps=11, Reward=1568.89
2026-03-10 19:06:11,542 - Episode 279: Steps=11, Reward=1642.46
2026-03-10 19:06:11,550 - Saved checkpoint at episode=279 (global_step=3080) to /home/sdc_joran/Journal/deeprl_signal_control/output_adversary/ppo_large/model
2026-03-10 19:06:37,595 - Episode 280: Steps=11, Reward=1611.46
2026-03-10 19:07:03,612 - Episode 281: Steps=11, Reward=1523.48
2026-03-10 19:07:29,559 - Episode 282: Steps=11, Reward=1635.57
2026-03-10 19:07:55,554 - Episode 283: Steps=11, Reward=1599.30
2026-03-10 19:08:21,680 - Episode 284: Steps=11, Reward=1582.08
2026-03-10 19:08:21,689 - Saved checkpoint at episode=284 (global_step=3135) to /home/sdc_joran/Journal/deeprl_signal_control/output_adversary/ppo_large/model
2026-03-10 19:08:47,651 - Episode 285: Steps=11, Reward=1571.15
2026-03-10 19:09:13,738 - Episode 286: Steps=11, Reward=1590.27
2026-03-10 19:09:39,791 - Episode 287: Steps=11, Reward=1624.39
2026-03-10 19:10:05,852 - Episode 288: Steps=11, Reward=1581.01
2026-03-10 19:10:31,948 - Episode 289: Steps=11, Reward=1631.10
2026-03-10 19:10:31,955 - Saved checkpoint at episode=289 (global_step=3190) to /home/sdc_joran/Journal/deeprl_signal_control/output_adversary/ppo_large/model
2026-03-10 19:10:58,063 - Episode 290: Steps=11, Reward=1710.06
2026-03-10 19:11:23,995 - Episode 291: Steps=11, Reward=1656.62
2026-03-10 19:11:50,061 - Episode 292: Steps=11, Reward=1693.16
2026-03-10 19:12:16,219 - Episode 293: Steps=11, Reward=1583.14
2026-03-10 19:12:42,242 - Episode 294: Steps=11, Reward=1566.38
2026-03-10 19:12:42,251 - Saved checkpoint at episode=294 (global_step=3245) to /home/sdc_joran/Journal/deeprl_signal_control/output_adversary/ppo_large/model
2026-03-10 19:13:08,415 - Episode 295: Steps=11, Reward=1566.11
2026-03-10 19:13:34,611 - Episode 296: Steps=11, Reward=1554.73
2026-03-10 19:14:00,520 - Episode 297: Steps=11, Reward=1609.27
2026-03-10 19:14:26,839 - Episode 298: Steps=11, Reward=1787.69
2026-03-10 19:14:53,178 - Episode 299: Steps=11, Reward=1757.64
2026-03-10 19:14:53,187 - Saved checkpoint at episode=299 (global_step=3300) to /home/sdc_joran/Journal/deeprl_signal_control/output_adversary/ppo_large/model
2026-03-10 19:15:19,497 - Episode 300: Steps=11, Reward=1682.58
2026-03-10 19:15:45,508 - Episode 301: Steps=11, Reward=1598.62
2026-03-10 19:16:11,444 - Episode 302: Steps=11, Reward=1526.49
2026-03-10 19:16:37,632 - Episode 303: Steps=11, Reward=1701.30
2026-03-10 19:17:03,662 - Episode 304: Steps=11, Reward=1679.77
2026-03-10 19:17:03,671 - Saved checkpoint at episode=304 (global_step=3355) to /home/sdc_joran/Journal/deeprl_signal_control/output_adversary/ppo_large/model
2026-03-10 19:17:29,743 - Episode 305: Steps=11, Reward=1655.86
2026-03-10 19:17:55,947 - Episode 306: Steps=11, Reward=1623.38
2026-03-10 19:18:22,066 - Episode 307: Steps=11, Reward=1626.74
2026-03-10 19:18:48,234 - Episode 308: Steps=11, Reward=1784.35
2026-03-10 19:19:14,192 - Episode 309: Steps=11, Reward=1590.74
2026-03-10 19:19:14,200 - Saved checkpoint at episode=309 (global_step=3410) to /home/sdc_joran/Journal/deeprl_signal_control/output_adversary/ppo_large/model
2026-03-10 19:19:40,260 - Episode 310: Steps=11, Reward=1649.11
2026-03-10 19:20:06,636 - Episode 311: Steps=11, Reward=1699.18
2026-03-10 19:20:32,978 - Episode 312: Steps=11, Reward=1660.53
2026-03-10 19:20:59,074 - Episode 313: Steps=11, Reward=1586.88
2026-03-10 19:21:25,090 - Episode 314: Steps=11, Reward=1547.86
2026-03-10 19:21:25,098 - Saved checkpoint at episode=314 (global_step=3465) to /home/sdc_joran/Journal/deeprl_signal_control/output_adversary/ppo_large/model
2026-03-10 19:21:51,148 - Episode 315: Steps=11, Reward=1615.85
2026-03-10 19:22:17,371 - Episode 316: Steps=11, Reward=1572.56
2026-03-10 19:22:43,562 - Episode 317: Steps=11, Reward=1591.41
2026-03-10 19:23:09,845 - Episode 318: Steps=11, Reward=1697.42
2026-03-10 19:23:36,153 - Episode 319: Steps=11, Reward=1703.77
2026-03-10 19:23:36,161 - Saved checkpoint at episode=319 (global_step=3520) to /home/sdc_joran/Journal/deeprl_signal_control/output_adversary/ppo_large/model
2026-03-10 19:24:02,253 - Episode 320: Steps=11, Reward=1644.74
2026-03-10 19:24:28,293 - Episode 321: Steps=11, Reward=1646.93
2026-03-10 19:24:54,408 - Episode 322: Steps=11, Reward=1639.62
2026-03-10 19:25:20,393 - Episode 323: Steps=11, Reward=1494.23
2026-03-10 19:25:46,383 - Episode 324: Steps=11, Reward=1607.51
2026-03-10 19:25:46,389 - Saved checkpoint at episode=324 (global_step=3575) to /home/sdc_joran/Journal/deeprl_signal_control/output_adversary/ppo_large/model
2026-03-10 19:26:12,598 - Episode 325: Steps=11, Reward=1673.70
2026-03-10 19:26:38,712 - Episode 326: Steps=11, Reward=1696.97
2026-03-10 19:27:04,601 - Episode 327: Steps=11, Reward=1598.33
2026-03-10 19:27:30,505 - Episode 328: Steps=11, Reward=1577.76
2026-03-10 19:27:56,607 - Episode 329: Steps=11, Reward=1534.51
2026-03-10 19:27:56,614 - Saved checkpoint at episode=329 (global_step=3630) to /home/sdc_joran/Journal/deeprl_signal_control/output_adversary/ppo_large/model
2026-03-10 19:28:22,782 - Episode 330: Steps=11, Reward=1615.97
2026-03-10 19:28:48,898 - Episode 331: Steps=11, Reward=1557.73
2026-03-10 19:29:15,008 - Episode 332: Steps=11, Reward=1630.42
2026-03-10 19:29:41,079 - Episode 333: Steps=11, Reward=1584.83
2026-03-10 19:30:07,029 - Episode 334: Steps=11, Reward=1622.98
2026-03-10 19:30:07,039 - Saved checkpoint at episode=334 (global_step=3685) to /home/sdc_joran/Journal/deeprl_signal_control/output_adversary/ppo_large/model
2026-03-10 19:30:33,073 - Episode 335: Steps=11, Reward=1580.33
2026-03-10 19:30:59,091 - Episode 336: Steps=11, Reward=1692.20
2026-03-10 19:31:25,080 - Episode 337: Steps=11, Reward=1616.00
2026-03-10 19:31:51,175 - Episode 338: Steps=11, Reward=1646.62
2026-03-10 19:32:17,255 - Episode 339: Steps=11, Reward=1578.26
2026-03-10 19:32:17,263 - Saved checkpoint at episode=339 (global_step=3740) to /home/sdc_joran/Journal/deeprl_signal_control/output_adversary/ppo_large/model
2026-03-10 19:32:43,290 - Episode 340: Steps=11, Reward=1654.58
2026-03-10 19:33:09,423 - Episode 341: Steps=11, Reward=1639.54
2026-03-10 19:33:35,462 - Episode 342: Steps=11, Reward=1467.89
2026-03-10 19:34:01,695 - Episode 343: Steps=11, Reward=1604.56
2026-03-10 19:34:27,827 - Episode 344: Steps=11, Reward=1599.10
2026-03-10 19:34:27,834 - Saved checkpoint at episode=344 (global_step=3795) to /home/sdc_joran/Journal/deeprl_signal_control/output_adversary/ppo_large/model
2026-03-10 19:34:53,856 - Episode 345: Steps=11, Reward=1543.01
2026-03-10 19:35:19,722 - Episode 346: Steps=11, Reward=1545.23
2026-03-10 19:35:45,661 - Episode 347: Steps=11, Reward=1610.15
2026-03-10 19:36:11,735 - Episode 348: Steps=11, Reward=1583.50
2026-03-10 19:36:37,683 - Episode 349: Steps=11, Reward=1605.27
2026-03-10 19:36:37,692 - Saved checkpoint at episode=349 (global_step=3850) to /home/sdc_joran/Journal/deeprl_signal_control/output_adversary/ppo_large/model
2026-03-10 19:37:03,809 - Episode 350: Steps=11, Reward=1623.04
2026-03-10 19:37:29,811 - Episode 351: Steps=11, Reward=1636.40
2026-03-10 19:37:55,785 - Episode 352: Steps=11, Reward=1563.80
2026-03-10 19:38:21,646 - Episode 353: Steps=11, Reward=1506.04
2026-03-10 19:38:47,786 - Episode 354: Steps=11, Reward=1642.53
2026-03-10 19:38:47,795 - Saved checkpoint at episode=354 (global_step=3905) to /home/sdc_joran/Journal/deeprl_signal_control/output_adversary/ppo_large/model
2026-03-10 19:39:13,891 - Episode 355: Steps=11, Reward=1666.40
2026-03-10 19:39:40,027 - Episode 356: Steps=11, Reward=1616.66
2026-03-10 19:40:06,147 - Episode 357: Steps=11, Reward=1678.44
2026-03-10 19:40:32,123 - Episode 358: Steps=11, Reward=1543.48
2026-03-10 19:40:58,119 - Episode 359: Steps=11, Reward=1595.68
2026-03-10 19:40:58,128 - Saved checkpoint at episode=359 (global_step=3960) to /home/sdc_joran/Journal/deeprl_signal_control/output_adversary/ppo_large/model
2026-03-10 19:41:24,203 - Episode 360: Steps=11, Reward=1615.90
2026-03-10 19:41:50,345 - Episode 361: Steps=11, Reward=1606.82
2026-03-10 19:42:16,356 - Episode 362: Steps=11, Reward=1593.03
2026-03-10 19:42:42,486 - Episode 363: Steps=11, Reward=1687.66
2026-03-10 19:43:08,523 - Episode 364: Steps=11, Reward=1653.36
2026-03-10 19:43:08,532 - Saved checkpoint at episode=364 (global_step=4015) to /home/sdc_joran/Journal/deeprl_signal_control/output_adversary/ppo_large/model
2026-03-10 19:43:34,611 - Episode 365: Steps=11, Reward=1636.79
2026-03-10 19:44:00,707 - Episode 366: Steps=11, Reward=1639.66
2026-03-10 19:44:26,572 - Episode 367: Steps=11, Reward=1561.27
2026-03-10 19:44:52,678 - Episode 368: Steps=11, Reward=1564.38
2026-03-10 19:45:18,937 - Episode 369: Steps=11, Reward=1629.92
2026-03-10 19:45:18,945 - Saved checkpoint at episode=369 (global_step=4070) to /home/sdc_joran/Journal/deeprl_signal_control/output_adversary/ppo_large/model
2026-03-10 19:45:45,075 - Episode 370: Steps=11, Reward=1630.88
2026-03-10 19:46:11,415 - Episode 371: Steps=11, Reward=1577.04
2026-03-10 19:46:37,674 - Episode 372: Steps=11, Reward=1655.12
2026-03-10 19:47:03,978 - Episode 373: Steps=11, Reward=1679.28
2026-03-10 19:47:29,980 - Episode 374: Steps=11, Reward=1555.50
2026-03-10 19:47:29,989 - Saved checkpoint at episode=374 (global_step=4125) to /home/sdc_joran/Journal/deeprl_signal_control/output_adversary/ppo_large/model
2026-03-10 19:47:56,083 - Episode 375: Steps=11, Reward=1716.29
2026-03-10 19:48:22,128 - Episode 376: Steps=11, Reward=1569.10
2026-03-10 19:48:48,453 - Episode 377: Steps=11, Reward=1656.63
2026-03-10 19:49:14,947 - Episode 378: Steps=11, Reward=1694.01
2026-03-10 19:49:41,010 - Episode 379: Steps=11, Reward=1630.08
2026-03-10 19:49:41,018 - Saved checkpoint at episode=379 (global_step=4180) to /home/sdc_joran/Journal/deeprl_signal_control/output_adversary/ppo_large/model
2026-03-10 19:50:07,045 - Episode 380: Steps=11, Reward=1550.74
2026-03-10 19:50:33,174 - Episode 381: Steps=11, Reward=1696.55
2026-03-10 19:50:59,162 - Episode 382: Steps=11, Reward=1611.34
2026-03-10 19:51:25,349 - Episode 383: Steps=11, Reward=1647.47
2026-03-10 19:51:51,569 - Episode 384: Steps=11, Reward=1617.38
2026-03-10 19:51:51,577 - Saved checkpoint at episode=384 (global_step=4235) to /home/sdc_joran/Journal/deeprl_signal_control/output_adversary/ppo_large/model
2026-03-10 19:52:17,855 - Episode 385: Steps=11, Reward=1641.16
2026-03-10 19:52:43,975 - Episode 386: Steps=11, Reward=1664.58
2026-03-10 19:53:09,960 - Episode 387: Steps=11, Reward=1587.67
2026-03-10 19:53:35,976 - Episode 388: Steps=11, Reward=1673.08
2026-03-10 19:54:02,168 - Episode 389: Steps=11, Reward=1618.95
2026-03-10 19:54:02,177 - Saved checkpoint at episode=389 (global_step=4290) to /home/sdc_joran/Journal/deeprl_signal_control/output_adversary/ppo_large/model
2026-03-10 19:54:28,179 - Episode 390: Steps=11, Reward=1548.14
2026-03-10 19:54:54,474 - Episode 391: Steps=11, Reward=1724.59
2026-03-10 19:55:20,651 - Episode 392: Steps=11, Reward=1637.91
2026-03-10 19:55:46,721 - Episode 393: Steps=11, Reward=1593.61
2026-03-10 19:56:12,643 - Episode 394: Steps=11, Reward=1544.45
2026-03-10 19:56:12,652 - Saved checkpoint at episode=394 (global_step=4345) to /home/sdc_joran/Journal/deeprl_signal_control/output_adversary/ppo_large/model
2026-03-10 19:56:38,687 - Episode 395: Steps=11, Reward=1599.36
2026-03-10 19:57:04,816 - Episode 396: Steps=11, Reward=1634.11
2026-03-10 19:57:30,831 - Episode 397: Steps=11, Reward=1588.05
2026-03-10 19:57:57,017 - Episode 398: Steps=11, Reward=1521.01
2026-03-10 19:58:23,289 - Episode 399: Steps=11, Reward=1658.89
2026-03-10 19:58:23,297 - Saved checkpoint at episode=399 (global_step=4400) to /home/sdc_joran/Journal/deeprl_signal_control/output_adversary/ppo_large/model
2026-03-10 19:58:49,452 - Episode 400: Steps=11, Reward=1653.11
2026-03-10 19:59:15,283 - Episode 401: Steps=11, Reward=1535.38
2026-03-10 19:59:41,333 - Episode 402: Steps=11, Reward=1609.56
2026-03-10 20:00:07,425 - Episode 403: Steps=11, Reward=1600.35
2026-03-10 20:00:33,500 - Episode 404: Steps=11, Reward=1645.75
2026-03-10 20:00:33,510 - Saved checkpoint at episode=404 (global_step=4455) to /home/sdc_joran/Journal/deeprl_signal_control/output_adversary/ppo_large/model
2026-03-10 20:00:59,517 - Episode 405: Steps=11, Reward=1635.38
2026-03-10 20:01:25,501 - Episode 406: Steps=11, Reward=1595.26
2026-03-10 20:01:51,650 - Episode 407: Steps=11, Reward=1675.31
2026-03-10 20:02:17,683 - Episode 408: Steps=11, Reward=1629.00
2026-03-10 20:02:43,731 - Episode 409: Steps=11, Reward=1647.85
2026-03-10 20:02:43,739 - Saved checkpoint at episode=409 (global_step=4510) to /home/sdc_joran/Journal/deeprl_signal_control/output_adversary/ppo_large/model
2026-03-10 20:03:09,853 - Episode 410: Steps=11, Reward=1631.68
2026-03-10 20:03:35,942 - Episode 411: Steps=11, Reward=1595.02
2026-03-10 20:04:02,407 - Episode 412: Steps=11, Reward=1725.04
2026-03-10 20:04:28,377 - Episode 413: Steps=11, Reward=1550.07
2026-03-10 20:04:54,371 - Episode 414: Steps=11, Reward=1593.52
2026-03-10 20:04:54,380 - Saved checkpoint at episode=414 (global_step=4565) to /home/sdc_joran/Journal/deeprl_signal_control/output_adversary/ppo_large/model
2026-03-10 20:05:20,546 - Episode 415: Steps=11, Reward=1576.43
2026-03-10 20:05:46,586 - Episode 416: Steps=11, Reward=1548.16
2026-03-10 20:06:12,809 - Episode 417: Steps=11, Reward=1634.20
2026-03-10 20:06:38,912 - Episode 418: Steps=11, Reward=1552.04
2026-03-10 20:07:05,060 - Episode 419: Steps=11, Reward=1626.34
2026-03-10 20:07:05,070 - Saved checkpoint at episode=419 (global_step=4620) to /home/sdc_joran/Journal/deeprl_signal_control/output_adversary/ppo_large/model
2026-03-10 20:07:31,020 - Episode 420: Steps=11, Reward=1646.13
2026-03-10 20:07:57,121 - Episode 421: Steps=11, Reward=1585.64
2026-03-10 20:08:23,023 - Episode 422: Steps=11, Reward=1609.92
2026-03-10 20:08:49,108 - Episode 423: Steps=11, Reward=1663.02
2026-03-10 20:09:15,128 - Episode 424: Steps=11, Reward=1675.21
2026-03-10 20:09:15,135 - Saved checkpoint at episode=424 (global_step=4675) to /home/sdc_joran/Journal/deeprl_signal_control/output_adversary/ppo_large/model
2026-03-10 20:09:41,187 - Episode 425: Steps=11, Reward=1632.58
2026-03-10 20:10:07,071 - Episode 426: Steps=11, Reward=1608.48
2026-03-10 20:10:33,231 - Episode 427: Steps=11, Reward=1556.01
2026-03-10 20:10:59,153 - Episode 428: Steps=11, Reward=1500.04
2026-03-10 20:11:25,288 - Episode 429: Steps=11, Reward=1631.81
2026-03-10 20:11:25,298 - Saved checkpoint at episode=429 (global_step=4730) to /home/sdc_joran/Journal/deeprl_signal_control/output_adversary/ppo_large/model
2026-03-10 20:11:51,292 - Episode 430: Steps=11, Reward=1620.27
2026-03-10 20:12:17,410 - Episode 431: Steps=11, Reward=1638.16
2026-03-10 20:12:43,344 - Episode 432: Steps=11, Reward=1607.45
2026-03-10 20:13:09,609 - Episode 433: Steps=11, Reward=1661.76
2026-03-10 20:13:35,766 - Episode 434: Steps=11, Reward=1595.85
2026-03-10 20:13:35,772 - Saved checkpoint at episode=434 (global_step=4785) to /home/sdc_joran/Journal/deeprl_signal_control/output_adversary/ppo_large/model
2026-03-10 20:14:01,767 - Episode 435: Steps=11, Reward=1616.20
2026-03-10 20:14:28,047 - Episode 436: Steps=11, Reward=1660.45
2026-03-10 20:14:54,049 - Episode 437: Steps=11, Reward=1536.12
2026-03-10 20:15:20,216 - Episode 438: Steps=11, Reward=1670.33
2026-03-10 20:15:46,324 - Episode 439: Steps=11, Reward=1628.00
2026-03-10 20:15:46,330 - Saved checkpoint at episode=439 (global_step=4840) to /home/sdc_joran/Journal/deeprl_signal_control/output_adversary/ppo_large/model
2026-03-10 20:16:12,808 - Episode 440: Steps=11, Reward=1623.68
2026-03-10 20:16:39,236 - Episode 441: Steps=11, Reward=1750.06
2026-03-10 20:17:05,351 - Episode 442: Steps=11, Reward=1611.99
2026-03-10 20:17:31,497 - Episode 443: Steps=11, Reward=1649.83
2026-03-10 20:17:57,375 - Episode 444: Steps=11, Reward=1641.97
2026-03-10 20:17:57,385 - Saved checkpoint at episode=444 (global_step=4895) to /home/sdc_joran/Journal/deeprl_signal_control/output_adversary/ppo_large/model
2026-03-10 20:18:23,448 - Episode 445: Steps=11, Reward=1571.82
2026-03-10 20:18:49,729 - Episode 446: Steps=11, Reward=1647.70
2026-03-10 20:19:15,853 - Episode 447: Steps=11, Reward=1568.41
2026-03-10 20:19:41,833 - Episode 448: Steps=11, Reward=1538.06
2026-03-10 20:20:08,124 - Episode 449: Steps=11, Reward=1623.91
2026-03-10 20:20:08,131 - Saved checkpoint at episode=449 (global_step=4950) to /home/sdc_joran/Journal/deeprl_signal_control/output_adversary/ppo_large/model
2026-03-10 20:20:34,125 - Episode 450: Steps=11, Reward=1607.42
2026-03-10 20:21:00,052 - Episode 451: Steps=11, Reward=1507.93
2026-03-10 20:21:26,195 - Episode 452: Steps=11, Reward=1617.93
2026-03-10 20:21:52,415 - Episode 453: Steps=11, Reward=1667.59
2026-03-10 20:22:18,552 - Episode 454: Steps=11, Reward=1629.49
2026-03-10 20:22:18,562 - Saved checkpoint at episode=454 (global_step=5005) to /home/sdc_joran/Journal/deeprl_signal_control/output_adversary/ppo_large/model
2026-03-10 20:22:44,697 - Episode 455: Steps=11, Reward=1586.02
2026-03-10 20:23:10,703 - Episode 456: Steps=11, Reward=1546.79
2026-03-10 20:23:36,676 - Episode 457: Steps=11, Reward=1581.33
2026-03-10 20:24:02,868 - Episode 458: Steps=11, Reward=1673.34
2026-03-10 20:24:28,856 - Episode 459: Steps=11, Reward=1641.60
2026-03-10 20:24:28,864 - Saved checkpoint at episode=459 (global_step=5060) to /home/sdc_joran/Journal/deeprl_signal_control/output_adversary/ppo_large/model
2026-03-10 20:24:54,832 - Episode 460: Steps=11, Reward=1638.48
2026-03-10 20:25:20,809 - Episode 461: Steps=11, Reward=1616.65
2026-03-10 20:25:46,958 - Episode 462: Steps=11, Reward=1583.51
2026-03-10 20:26:13,086 - Episode 463: Steps=11, Reward=1699.78
2026-03-10 20:26:39,293 - Episode 464: Steps=11, Reward=1718.16
2026-03-10 20:26:39,301 - Saved checkpoint at episode=464 (global_step=5115) to /home/sdc_joran/Journal/deeprl_signal_control/output_adversary/ppo_large/model
2026-03-10 20:27:05,254 - Episode 465: Steps=11, Reward=1501.27
2026-03-10 20:27:31,173 - Episode 466: Steps=11, Reward=1533.70
2026-03-10 20:27:57,331 - Episode 467: Steps=11, Reward=1669.68
2026-03-10 20:28:23,366 - Episode 468: Steps=11, Reward=1617.40
2026-03-10 20:28:49,314 - Episode 469: Steps=11, Reward=1600.03
2026-03-10 20:28:49,323 - Saved checkpoint at episode=469 (global_step=5170) to /home/sdc_joran/Journal/deeprl_signal_control/output_adversary/ppo_large/model
2026-03-10 20:29:15,481 - Episode 470: Steps=11, Reward=1607.33
2026-03-10 20:29:41,675 - Episode 471: Steps=11, Reward=1593.77
2026-03-10 20:30:07,687 - Episode 472: Steps=11, Reward=1589.66
2026-03-10 20:30:33,792 - Episode 473: Steps=11, Reward=1593.95
2026-03-10 20:30:59,719 - Episode 474: Steps=11, Reward=1597.82
2026-03-10 20:30:59,727 - Saved checkpoint at episode=474 (global_step=5225) to /home/sdc_joran/Journal/deeprl_signal_control/output_adversary/ppo_large/model
2026-03-10 20:31:25,776 - Episode 475: Steps=11, Reward=1662.07
2026-03-10 20:31:51,988 - Episode 476: Steps=11, Reward=1720.55
2026-03-10 20:32:18,080 - Episode 477: Steps=11, Reward=1575.12
2026-03-10 20:32:44,253 - Episode 478: Steps=11, Reward=1680.31
2026-03-10 20:33:10,630 - Episode 479: Steps=11, Reward=1557.42
2026-03-10 20:33:10,637 - Saved checkpoint at episode=479 (global_step=5280) to /home/sdc_joran/Journal/deeprl_signal_control/output_adversary/ppo_large/model
2026-03-10 20:33:36,985 - Episode 480: Steps=11, Reward=1630.97
2026-03-10 20:34:03,057 - Episode 481: Steps=11, Reward=1583.92
2026-03-10 20:34:29,223 - Episode 482: Steps=11, Reward=1687.31
2026-03-10 20:34:55,326 - Episode 483: Steps=11, Reward=1620.44
2026-03-10 20:35:21,449 - Episode 484: Steps=11, Reward=1572.78
2026-03-10 20:35:21,459 - Saved checkpoint at episode=484 (global_step=5335) to /home/sdc_joran/Journal/deeprl_signal_control/output_adversary/ppo_large/model
2026-03-10 20:35:47,532 - Episode 485: Steps=11, Reward=1613.97
2026-03-10 20:36:13,461 - Episode 486: Steps=11, Reward=1590.84
2026-03-10 20:36:39,520 - Episode 487: Steps=11, Reward=1584.42
2026-03-10 20:37:05,710 - Episode 488: Steps=11, Reward=1656.42
2026-03-10 20:37:32,123 - Episode 489: Steps=11, Reward=1622.73
2026-03-10 20:37:32,132 - Saved checkpoint at episode=489 (global_step=5390) to /home/sdc_joran/Journal/deeprl_signal_control/output_adversary/ppo_large/model
2026-03-10 20:37:58,441 - Episode 490: Steps=11, Reward=1618.85
2026-03-10 20:38:24,767 - Episode 491: Steps=11, Reward=1706.13
2026-03-10 20:38:50,919 - Episode 492: Steps=11, Reward=1668.85
2026-03-10 20:39:17,126 - Episode 493: Steps=11, Reward=1643.48
2026-03-10 20:39:43,149 - Episode 494: Steps=11, Reward=1572.31
2026-03-10 20:39:43,156 - Saved checkpoint at episode=494 (global_step=5445) to /home/sdc_joran/Journal/deeprl_signal_control/output_adversary/ppo_large/model
2026-03-10 20:40:09,377 - Episode 495: Steps=11, Reward=1646.07
2026-03-10 20:40:35,626 - Episode 496: Steps=11, Reward=1587.85
2026-03-10 20:41:01,764 - Episode 497: Steps=11, Reward=1574.92
2026-03-10 20:41:27,977 - Episode 498: Steps=11, Reward=1619.39
2026-03-10 20:41:54,145 - Episode 499: Steps=11, Reward=1669.49
2026-03-10 20:41:54,154 - Saved checkpoint at episode=499 (global_step=5500) to /home/sdc_joran/Journal/deeprl_signal_control/output_adversary/ppo_large/model
2026-03-10 20:41:55,187 - Training Finished.
