nohup: ignoring input
/home/sdc_joran/miniconda3/envs/deeprlsc/lib/python3.6/site-packages/tensorflow/python/framework/dtypes.py:523: FutureWarning: Passing (type, 1) or '1type' as a synonym of type is deprecated; in a future version of numpy, it will be understood as (type, (1,)) / '(1,)type'.
  _np_qint8 = np.dtype([("qint8", np.int8, 1)])
/home/sdc_joran/miniconda3/envs/deeprlsc/lib/python3.6/site-packages/tensorflow/python/framework/dtypes.py:524: FutureWarning: Passing (type, 1) or '1type' as a synonym of type is deprecated; in a future version of numpy, it will be understood as (type, (1,)) / '(1,)type'.
  _np_quint8 = np.dtype([("quint8", np.uint8, 1)])
/home/sdc_joran/miniconda3/envs/deeprlsc/lib/python3.6/site-packages/tensorflow/python/framework/dtypes.py:525: FutureWarning: Passing (type, 1) or '1type' as a synonym of type is deprecated; in a future version of numpy, it will be understood as (type, (1,)) / '(1,)type'.
  _np_qint16 = np.dtype([("qint16", np.int16, 1)])
/home/sdc_joran/miniconda3/envs/deeprlsc/lib/python3.6/site-packages/tensorflow/python/framework/dtypes.py:526: FutureWarning: Passing (type, 1) or '1type' as a synonym of type is deprecated; in a future version of numpy, it will be understood as (type, (1,)) / '(1,)type'.
  _np_quint16 = np.dtype([("quint16", np.uint16, 1)])
/home/sdc_joran/miniconda3/envs/deeprlsc/lib/python3.6/site-packages/tensorflow/python/framework/dtypes.py:527: FutureWarning: Passing (type, 1) or '1type' as a synonym of type is deprecated; in a future version of numpy, it will be understood as (type, (1,)) / '(1,)type'.
  _np_qint32 = np.dtype([("qint32", np.int32, 1)])
/home/sdc_joran/miniconda3/envs/deeprlsc/lib/python3.6/site-packages/tensorflow/python/framework/dtypes.py:532: FutureWarning: Passing (type, 1) or '1type' as a synonym of type is deprecated; in a future version of numpy, it will be understood as (type, (1,)) / '(1,)type'.
  np_resource = np.dtype([("resource", np.ubyte, 1)])
2026-02-19 11:49:32,776 [INFO] TraCI connection established on port 8000
2026-02-19 11:49:32,832 [INFO] Env: init 25 node information:
nt1:
	neigbor: ['nt6', 'nt2']
	ilds_in: ['nt6_nt1_0', 'nt2_nt1_0', 'nt2_nt1_1', 'np1_nt1_0', 'np20_nt1_0', 'np20_nt1_1']
nt10:
	neigbor: ['nt15', 'nt5', 'nt9']
	ilds_in: ['nt15_nt10_0', 'np7_nt10_0', 'np7_nt10_1', 'nt5_nt10_0', 'nt9_nt10_0', 'nt9_nt10_1']
nt11:
	neigbor: ['nt16', 'nt12', 'nt6']
	ilds_in: ['nt16_nt11_0', 'nt12_nt11_0', 'nt12_nt11_1', 'nt6_nt11_0', 'np18_nt11_0', 'np18_nt11_1']
nt12:
	neigbor: ['nt17', 'nt13', 'nt7', 'nt11']
	ilds_in: ['nt17_nt12_0', 'nt13_nt12_0', 'nt13_nt12_1', 'nt7_nt12_0', 'nt11_nt12_0', 'nt11_nt12_1']
nt13:
	neigbor: ['nt18', 'nt14', 'nt8', 'nt12']
	ilds_in: ['nt18_nt13_0', 'nt14_nt13_0', 'nt14_nt13_1', 'nt8_nt13_0', 'nt12_nt13_0', 'nt12_nt13_1']
nt14:
	neigbor: ['nt19', 'nt15', 'nt9', 'nt13']
	ilds_in: ['nt19_nt14_0', 'nt15_nt14_0', 'nt15_nt14_1', 'nt9_nt14_0', 'nt13_nt14_0', 'nt13_nt14_1']
nt15:
	neigbor: ['nt20', 'nt10', 'nt14']
	ilds_in: ['nt20_nt15_0', 'np8_nt15_0', 'np8_nt15_1', 'nt10_nt15_0', 'nt14_nt15_0', 'nt14_nt15_1']
nt16:
	neigbor: ['nt21', 'nt17', 'nt11']
	ilds_in: ['nt21_nt16_0', 'nt17_nt16_0', 'nt17_nt16_1', 'nt11_nt16_0', 'np17_nt16_0', 'np17_nt16_1']
nt17:
	neigbor: ['nt22', 'nt18', 'nt12', 'nt16']
	ilds_in: ['nt22_nt17_0', 'nt18_nt17_0', 'nt18_nt17_1', 'nt12_nt17_0', 'nt16_nt17_0', 'nt16_nt17_1']
nt18:
	neigbor: ['nt23', 'nt19', 'nt13', 'nt17']
	ilds_in: ['nt23_nt18_0', 'nt19_nt18_0', 'nt19_nt18_1', 'nt13_nt18_0', 'nt17_nt18_0', 'nt17_nt18_1']
nt19:
	neigbor: ['nt24', 'nt20', 'nt14', 'nt18']
	ilds_in: ['nt24_nt19_0', 'nt20_nt19_0', 'nt20_nt19_1', 'nt14_nt19_0', 'nt18_nt19_0', 'nt18_nt19_1']
nt2:
	neigbor: ['nt7', 'nt3', 'nt1']
	ilds_in: ['nt7_nt2_0', 'nt3_nt2_0', 'nt3_nt2_1', 'np2_nt2_0', 'nt1_nt2_0', 'nt1_nt2_1']
nt20:
	neigbor: ['nt25', 'nt15', 'nt19']
	ilds_in: ['nt25_nt20_0', 'np9_nt20_0', 'np9_nt20_1', 'nt15_nt20_0', 'nt19_nt20_0', 'nt19_nt20_1']
nt21:
	neigbor: ['nt22', 'nt16']
	ilds_in: ['np15_nt21_0', 'nt22_nt21_0', 'nt22_nt21_1', 'nt16_nt21_0', 'np16_nt21_0', 'np16_nt21_1']
nt22:
	neigbor: ['nt23', 'nt17', 'nt21']
	ilds_in: ['np14_nt22_0', 'nt23_nt22_0', 'nt23_nt22_1', 'nt17_nt22_0', 'nt21_nt22_0', 'nt21_nt22_1']
nt23:
	neigbor: ['nt24', 'nt18', 'nt22']
	ilds_in: ['np13_nt23_0', 'nt24_nt23_0', 'nt24_nt23_1', 'nt18_nt23_0', 'nt22_nt23_0', 'nt22_nt23_1']
nt24:
	neigbor: ['nt25', 'nt19', 'nt23']
	ilds_in: ['np12_nt24_0', 'nt25_nt24_0', 'nt25_nt24_1', 'nt19_nt24_0', 'nt23_nt24_0', 'nt23_nt24_1']
nt25:
	neigbor: ['nt20', 'nt24']
	ilds_in: ['np11_nt25_0', 'np10_nt25_0', 'np10_nt25_1', 'nt20_nt25_0', 'nt24_nt25_0', 'nt24_nt25_1']
nt3:
	neigbor: ['nt8', 'nt4', 'nt2']
	ilds_in: ['nt8_nt3_0', 'nt4_nt3_0', 'nt4_nt3_1', 'np3_nt3_0', 'nt2_nt3_0', 'nt2_nt3_1']
nt4:
	neigbor: ['nt9', 'nt5', 'nt3']
	ilds_in: ['nt9_nt4_0', 'nt5_nt4_0', 'nt5_nt4_1', 'np4_nt4_0', 'nt3_nt4_0', 'nt3_nt4_1']
nt5:
	neigbor: ['nt10', 'nt4']
	ilds_in: ['nt10_nt5_0', 'np6_nt5_0', 'np6_nt5_1', 'np5_nt5_0', 'nt4_nt5_0', 'nt4_nt5_1']
nt6:
	neigbor: ['nt11', 'nt7', 'nt1']
	ilds_in: ['nt11_nt6_0', 'nt7_nt6_0', 'nt7_nt6_1', 'nt1_nt6_0', 'np19_nt6_0', 'np19_nt6_1']
nt7:
	neigbor: ['nt12', 'nt8', 'nt2', 'nt6']
	ilds_in: ['nt12_nt7_0', 'nt8_nt7_0', 'nt8_nt7_1', 'nt2_nt7_0', 'nt6_nt7_0', 'nt6_nt7_1']
nt8:
	neigbor: ['nt13', 'nt9', 'nt3', 'nt7']
	ilds_in: ['nt13_nt8_0', 'nt9_nt8_0', 'nt9_nt8_1', 'nt3_nt8_0', 'nt7_nt8_0', 'nt7_nt8_1']
nt9:
	neigbor: ['nt14', 'nt10', 'nt4', 'nt8']
	ilds_in: ['nt14_nt9_0', 'nt10_nt9_0', 'nt10_nt9_1', 'nt4_nt9_0', 'nt8_nt9_0', 'nt8_nt9_1']

2026-02-19 11:49:32,837 [INFO] Found 11 adversarial scenarios: ['./data_traffic/demand_Center_to_Periphery.csv', './data_traffic/demand_E_to_W.csv', './data_traffic/demand_NE_to_SW.csv', './data_traffic/demand_NW_to_SE.csv', './data_traffic/demand_N_to_S.csv', './data_traffic/demand_Periphery_to_Center.csv', './data_traffic/demand_SE_to_NW.csv', './data_traffic/demand_SW_to_NE.csv', './data_traffic/demand_S_to_N.csv', './data_traffic/demand_Uniform.csv', './data_traffic/demand_W_to_E.csv']
2026-02-19 11:49:32,919 [INFO] Loaded Scenario 0 from demand_Center_to_Periphery.csv
2026-02-19 11:49:32,998 [INFO] Loaded Scenario 1 from demand_E_to_W.csv
2026-02-19 11:49:33,077 [INFO] Loaded Scenario 2 from demand_NE_to_SW.csv
2026-02-19 11:49:33,155 [INFO] Loaded Scenario 3 from demand_NW_to_SE.csv
2026-02-19 11:49:33,259 [INFO] Loaded Scenario 4 from demand_N_to_S.csv
2026-02-19 11:49:33,336 [INFO] Loaded Scenario 5 from demand_Periphery_to_Center.csv
2026-02-19 11:49:33,413 [INFO] Loaded Scenario 6 from demand_SE_to_NW.csv
2026-02-19 11:49:33,490 [INFO] Loaded Scenario 7 from demand_SW_to_NE.csv
2026-02-19 11:49:33,567 [INFO] Loaded Scenario 8 from demand_S_to_N.csv
2026-02-19 11:49:33,645 [INFO] Loaded Scenario 9 from demand_Uniform.csv
2026-02-19 11:49:33,724 [INFO] Loaded Scenario 10 from demand_W_to_E.csv
2026-02-19 11:49:33,724 [INFO] Loaded 11 scenarios.
2026-02-19 11:49:33,724 [INFO] Updated Episode Duration: 6600 seconds (110.0 mins).
2026-02-19 11:49:33,724 [INFO] Training: s dim: 780, a dim 298023223876953125, s dim ls: [24, 30, 30, 36, 36, 36, 30, 30, 36, 36, 36, 30, 30, 24, 30, 30, 30, 24, 30, 30, 24, 30, 36, 36, 36], a dim ls: [5, 5, 5, 5, 5, 5, 5, 5, 5, 5, 5, 5, 5, 5, 5, 5, 5, 5, 5, 5, 5, 5, 5, 5, 5]
2026-02-19 11:49:33.729121: I tensorflow/core/platform/cpu_feature_guard.cc:141] Your CPU supports instructions that this TensorFlow binary was not compiled to use: SSE4.1 SSE4.2 AVX AVX2 FMA
2026-02-19 11:49:33.733157: I tensorflow/core/common_runtime/process_util.cc:69] Creating new thread pool with default inter op setting: 2. Tune using inter_op_parallelism_threads for best performance.
2026-02-19 11:52:52,289 [WARNING] Error during cleanup: Connection already closed.
2026-02-19 11:52:54,657 [INFO] TraCI connection established on port 8000
2026-02-19 11:54:57,058 [INFO] Injecting traffic for Scenario 0 at t=0
2026-02-19 11:54:57,153 [INFO] Scenario 0: Scheduled 453 vehicles.
2026-02-19 12:03:30,927 [INFO] Injecting traffic for Scenario 1 at t=600
2026-02-19 12:03:30,983 [INFO] Scenario 1: Scheduled 499 vehicles.
2026-02-19 12:03:42,462 [INFO] Injecting traffic for Scenario 2 at t=1200
2026-02-19 12:03:42,510 [INFO] Scenario 2: Scheduled 497 vehicles.
2026-02-19 12:03:54,405 [INFO] Injecting traffic for Scenario 3 at t=1800
2026-02-19 12:03:54,474 [INFO] Scenario 3: Scheduled 448 vehicles.
2026-02-19 12:04:06,484 [INFO] Injecting traffic for Scenario 4 at t=2400
2026-02-19 12:04:06,555 [INFO] Scenario 4: Scheduled 492 vehicles.
2026-02-19 12:04:18,501 [INFO] Injecting traffic for Scenario 5 at t=3000
2026-02-19 12:04:18,599 [INFO] Scenario 5: Scheduled 476 vehicles.
2026-02-19 12:04:31,761 [INFO] Injecting traffic for Scenario 6 at t=3600
2026-02-19 12:04:31,791 [INFO] Scenario 6: Scheduled 516 vehicles.
2026-02-19 12:04:44,016 [INFO] Injecting traffic for Scenario 7 at t=4200
2026-02-19 12:04:44,068 [INFO] Scenario 7: Scheduled 475 vehicles.
2026-02-19 12:04:57,739 [INFO] Injecting traffic for Scenario 8 at t=4800
2026-02-19 12:04:57,800 [INFO] Scenario 8: Scheduled 493 vehicles.
2026-02-19 12:05:11,279 [INFO] Injecting traffic for Scenario 9 at t=5400
2026-02-19 12:05:11,359 [INFO] Scenario 9: Scheduled 502 vehicles.
2026-02-19 12:05:25,755 [INFO] Injecting traffic for Scenario 10 at t=6000
2026-02-19 12:05:25,823 [INFO] Scenario 10: Scheduled 517 vehicles.
2026-02-19 12:05:41,824 [WARNING] Error during cleanup: Connection already closed.
2026-02-19 12:05:44,013 [INFO] TraCI connection established on port 8000
2026-02-19 12:05:44,125 [INFO] Injecting traffic for Scenario 0 at t=0
2026-02-19 12:05:44,201 [INFO] Scenario 0: Scheduled 482 vehicles.
2026-02-19 12:05:56,293 [INFO] Injecting traffic for Scenario 1 at t=600
2026-02-19 12:05:56,370 [INFO] Scenario 1: Scheduled 515 vehicles.
2026-02-19 12:06:08,400 [INFO] Injecting traffic for Scenario 2 at t=1200
2026-02-19 12:06:08,465 [INFO] Scenario 2: Scheduled 468 vehicles.
2026-02-19 12:06:19,829 [INFO] Injecting traffic for Scenario 3 at t=1800
2026-02-19 12:06:19,893 [INFO] Scenario 3: Scheduled 508 vehicles.
2026-02-19 12:06:31,336 [INFO] Injecting traffic for Scenario 4 at t=2400
2026-02-19 12:06:31,388 [INFO] Scenario 4: Scheduled 515 vehicles.
2026-02-19 12:06:44,836 [INFO] Injecting traffic for Scenario 5 at t=3000
2026-02-19 12:06:44,938 [INFO] Scenario 5: Scheduled 497 vehicles.
2026-02-19 12:06:57,200 [INFO] Injecting traffic for Scenario 6 at t=3600
2026-02-19 12:06:57,229 [INFO] Scenario 6: Scheduled 503 vehicles.
2026-02-19 12:07:09,663 [INFO] Injecting traffic for Scenario 7 at t=4200
2026-02-19 12:07:09,719 [INFO] Scenario 7: Scheduled 506 vehicles.
2026-02-19 12:07:23,536 [INFO] Injecting traffic for Scenario 8 at t=4800
2026-02-19 12:07:23,599 [INFO] Scenario 8: Scheduled 485 vehicles.
2026-02-19 12:07:37,363 [INFO] Injecting traffic for Scenario 9 at t=5400
2026-02-19 12:07:37,446 [INFO] Scenario 9: Scheduled 492 vehicles.
2026-02-19 12:07:51,060 [INFO] Injecting traffic for Scenario 10 at t=6000
2026-02-19 12:07:51,126 [INFO] Scenario 10: Scheduled 520 vehicles.
2026-02-19 12:08:05,538 [WARNING] Error during cleanup: Connection already closed.
2026-02-19 12:08:07,733 [INFO] TraCI connection established on port 8000
2026-02-19 12:08:07,834 [INFO] Injecting traffic for Scenario 0 at t=0
2026-02-19 12:08:07,920 [INFO] Scenario 0: Scheduled 465 vehicles.
2026-02-19 12:08:19,092 [INFO] Injecting traffic for Scenario 1 at t=600
2026-02-19 12:08:19,154 [INFO] Scenario 1: Scheduled 507 vehicles.
2026-02-19 12:08:30,742 [INFO] Injecting traffic for Scenario 2 at t=1200
2026-02-19 12:08:30,815 [INFO] Scenario 2: Scheduled 506 vehicles.
2026-02-19 12:08:42,350 [INFO] Injecting traffic for Scenario 3 at t=1800
2026-02-19 12:08:42,421 [INFO] Scenario 3: Scheduled 508 vehicles.
2026-02-19 12:08:54,264 [INFO] Injecting traffic for Scenario 4 at t=2400
2026-02-19 12:08:54,310 [INFO] Scenario 4: Scheduled 483 vehicles.
2026-02-19 12:09:06,868 [INFO] Injecting traffic for Scenario 5 at t=3000
2026-02-19 12:09:06,965 [INFO] Scenario 5: Scheduled 530 vehicles.
2026-02-19 12:09:19,782 [INFO] Injecting traffic for Scenario 6 at t=3600
2026-02-19 12:09:19,840 [INFO] Scenario 6: Scheduled 512 vehicles.
2026-02-19 12:09:31,127 [INFO] Injecting traffic for Scenario 7 at t=4200
2026-02-19 12:09:31,190 [INFO] Scenario 7: Scheduled 482 vehicles.
