2026-02-25 15:38:39,000 [INFO] Using fast lane wait metric for state/reward computation.
2026-02-25 15:38:39,000 [INFO] Simulation heartbeat enabled every 300 sim-seconds.
2026-02-25 15:38:39,001 [INFO] Step probe: warn_if_stage_over=15.0s, watchdog=180s poll=10s, trainer_warn=60.0s
2026-02-25 15:38:41,008 [INFO] TraCI connection established on port 8000
2026-02-25 15:38:41,056 [INFO] Env: init 25 node information:
nt1:
	neigbor: ['nt6', 'nt2']
	ilds_in: ['nt6_nt1_0', 'nt2_nt1_0', 'nt2_nt1_1', 'np1_nt1_0', 'np20_nt1_0', 'np20_nt1_1']
nt10:
	neigbor: ['nt15', 'nt5', 'nt9']
	ilds_in: ['nt15_nt10_0', 'np7_nt10_0', 'np7_nt10_1', 'nt5_nt10_0', 'nt9_nt10_0', 'nt9_nt10_1']
nt11:
	neigbor: ['nt16', 'nt12', 'nt6']
	ilds_in: ['nt16_nt11_0', 'nt12_nt11_0', 'nt12_nt11_1', 'nt6_nt11_0', 'np18_nt11_0', 'np18_nt11_1']
nt12:
	neigbor: ['nt17', 'nt13', 'nt7', 'nt11']
	ilds_in: ['nt17_nt12_0', 'nt13_nt12_0', 'nt13_nt12_1', 'nt7_nt12_0', 'nt11_nt12_0', 'nt11_nt12_1']
nt13:
	neigbor: ['nt18', 'nt14', 'nt8', 'nt12']
	ilds_in: ['nt18_nt13_0', 'nt14_nt13_0', 'nt14_nt13_1', 'nt8_nt13_0', 'nt12_nt13_0', 'nt12_nt13_1']
nt14:
	neigbor: ['nt19', 'nt15', 'nt9', 'nt13']
	ilds_in: ['nt19_nt14_0', 'nt15_nt14_0', 'nt15_nt14_1', 'nt9_nt14_0', 'nt13_nt14_0', 'nt13_nt14_1']
nt15:
	neigbor: ['nt20', 'nt10', 'nt14']
	ilds_in: ['nt20_nt15_0', 'np8_nt15_0', 'np8_nt15_1', 'nt10_nt15_0', 'nt14_nt15_0', 'nt14_nt15_1']
nt16:
	neigbor: ['nt21', 'nt17', 'nt11']
	ilds_in: ['nt21_nt16_0', 'nt17_nt16_0', 'nt17_nt16_1', 'nt11_nt16_0', 'np17_nt16_0', 'np17_nt16_1']
nt17:
	neigbor: ['nt22', 'nt18', 'nt12', 'nt16']
	ilds_in: ['nt22_nt17_0', 'nt18_nt17_0', 'nt18_nt17_1', 'nt12_nt17_0', 'nt16_nt17_0', 'nt16_nt17_1']
nt18:
	neigbor: ['nt23', 'nt19', 'nt13', 'nt17']
	ilds_in: ['nt23_nt18_0', 'nt19_nt18_0', 'nt19_nt18_1', 'nt13_nt18_0', 'nt17_nt18_0', 'nt17_nt18_1']
nt19:
	neigbor: ['nt24', 'nt20', 'nt14', 'nt18']
	ilds_in: ['nt24_nt19_0', 'nt20_nt19_0', 'nt20_nt19_1', 'nt14_nt19_0', 'nt18_nt19_0', 'nt18_nt19_1']
nt2:
	neigbor: ['nt7', 'nt3', 'nt1']
	ilds_in: ['nt7_nt2_0', 'nt3_nt2_0', 'nt3_nt2_1', 'np2_nt2_0', 'nt1_nt2_0', 'nt1_nt2_1']
nt20:
	neigbor: ['nt25', 'nt15', 'nt19']
	ilds_in: ['nt25_nt20_0', 'np9_nt20_0', 'np9_nt20_1', 'nt15_nt20_0', 'nt19_nt20_0', 'nt19_nt20_1']
nt21:
	neigbor: ['nt22', 'nt16']
	ilds_in: ['np15_nt21_0', 'nt22_nt21_0', 'nt22_nt21_1', 'nt16_nt21_0', 'np16_nt21_0', 'np16_nt21_1']
nt22:
	neigbor: ['nt23', 'nt17', 'nt21']
	ilds_in: ['np14_nt22_0', 'nt23_nt22_0', 'nt23_nt22_1', 'nt17_nt22_0', 'nt21_nt22_0', 'nt21_nt22_1']
nt23:
	neigbor: ['nt24', 'nt18', 'nt22']
	ilds_in: ['np13_nt23_0', 'nt24_nt23_0', 'nt24_nt23_1', 'nt18_nt23_0', 'nt22_nt23_0', 'nt22_nt23_1']
nt24:
	neigbor: ['nt25', 'nt19', 'nt23']
	ilds_in: ['np12_nt24_0', 'nt25_nt24_0', 'nt25_nt24_1', 'nt19_nt24_0', 'nt23_nt24_0', 'nt23_nt24_1']
nt25:
	neigbor: ['nt20', 'nt24']
	ilds_in: ['np11_nt25_0', 'np10_nt25_0', 'np10_nt25_1', 'nt20_nt25_0', 'nt24_nt25_0', 'nt24_nt25_1']
nt3:
	neigbor: ['nt8', 'nt4', 'nt2']
	ilds_in: ['nt8_nt3_0', 'nt4_nt3_0', 'nt4_nt3_1', 'np3_nt3_0', 'nt2_nt3_0', 'nt2_nt3_1']
nt4:
	neigbor: ['nt9', 'nt5', 'nt3']
	ilds_in: ['nt9_nt4_0', 'nt5_nt4_0', 'nt5_nt4_1', 'np4_nt4_0', 'nt3_nt4_0', 'nt3_nt4_1']
nt5:
	neigbor: ['nt10', 'nt4']
	ilds_in: ['nt10_nt5_0', 'np6_nt5_0', 'np6_nt5_1', 'np5_nt5_0', 'nt4_nt5_0', 'nt4_nt5_1']
nt6:
	neigbor: ['nt11', 'nt7', 'nt1']
	ilds_in: ['nt11_nt6_0', 'nt7_nt6_0', 'nt7_nt6_1', 'nt1_nt6_0', 'np19_nt6_0', 'np19_nt6_1']
nt7:
	neigbor: ['nt12', 'nt8', 'nt2', 'nt6']
	ilds_in: ['nt12_nt7_0', 'nt8_nt7_0', 'nt8_nt7_1', 'nt2_nt7_0', 'nt6_nt7_0', 'nt6_nt7_1']
nt8:
	neigbor: ['nt13', 'nt9', 'nt3', 'nt7']
	ilds_in: ['nt13_nt8_0', 'nt9_nt8_0', 'nt9_nt8_1', 'nt3_nt8_0', 'nt7_nt8_0', 'nt7_nt8_1']
nt9:
	neigbor: ['nt14', 'nt10', 'nt4', 'nt8']
	ilds_in: ['nt14_nt9_0', 'nt10_nt9_0', 'nt10_nt9_1', 'nt4_nt9_0', 'nt8_nt9_0', 'nt8_nt9_1']

2026-02-25 15:38:41,064 [INFO] Found 11 adversarial scenarios: ['./data_traffic/demand_Center_to_Periphery.csv', './data_traffic/demand_E_to_W.csv', './data_traffic/demand_NE_to_SW.csv', './data_traffic/demand_NW_to_SE.csv', './data_traffic/demand_N_to_S.csv', './data_traffic/demand_Periphery_to_Center.csv', './data_traffic/demand_SE_to_NW.csv', './data_traffic/demand_SW_to_NE.csv', './data_traffic/demand_S_to_N.csv', './data_traffic/demand_Uniform.csv', './data_traffic/demand_W_to_E.csv']
2026-02-25 15:38:41,164 [INFO] Loaded Scenario 0 from demand_Center_to_Periphery.csv
2026-02-25 15:38:41,263 [INFO] Loaded Scenario 1 from demand_E_to_W.csv
2026-02-25 15:38:41,361 [INFO] Loaded Scenario 2 from demand_NE_to_SW.csv
2026-02-25 15:38:41,456 [INFO] Loaded Scenario 3 from demand_NW_to_SE.csv
2026-02-25 15:38:41,587 [INFO] Loaded Scenario 4 from demand_N_to_S.csv
2026-02-25 15:38:41,684 [INFO] Loaded Scenario 5 from demand_Periphery_to_Center.csv
2026-02-25 15:38:41,780 [INFO] Loaded Scenario 6 from demand_SE_to_NW.csv
2026-02-25 15:38:41,873 [INFO] Loaded Scenario 7 from demand_SW_to_NE.csv
2026-02-25 15:38:41,964 [INFO] Loaded Scenario 8 from demand_S_to_N.csv
2026-02-25 15:38:42,059 [INFO] Loaded Scenario 9 from demand_Uniform.csv
2026-02-25 15:38:42,160 [INFO] Loaded Scenario 10 from demand_W_to_E.csv
2026-02-25 15:38:42,160 [INFO] Loaded 11 scenarios.
2026-02-25 15:38:42,160 [INFO] Updated Episode Duration: 6600 seconds (110.0 mins), T=1320
2026-02-25 15:38:42,160 [INFO] Training: s dim: 1100, a dim 298023223876953125, s dim ls: [32, 42, 42, 52, 52, 52, 42, 42, 52, 52, 52, 42, 42, 32, 42, 42, 42, 32, 42, 42, 32, 42, 52, 52, 52], a dim ls: [5, 5, 5, 5, 5, 5, 5, 5, 5, 5, 5, 5, 5, 5, 5, 5, 5, 5, 5, 5, 5, 5, 5, 5, 5]
2026-02-25 15:40:59,943 [INFO] Manual stack dump enabled: send `kill -USR1 4134689` to write ./runs/ma2c_large_baseline/data/manual_signal_stacks.log
2026-02-25 15:40:59,944 [INFO] Watchdog enabled: stall=180s poll=10s dump_file=./runs/ma2c_large_baseline/data/stall_watchdog_stacks.log
2026-02-25 15:41:02,112 [INFO] TraCI connection established on port 8000
2026-02-25 15:41:02,145 [INFO] Training: episode 1 started at global step 0
2026-02-25 15:42:07,345 [WARNING] Training: slow forward 65.20s at global step 0
2026-02-25 15:42:07,347 [INFO] Injecting traffic for Scenario 0 at t=0
2026-02-25 15:42:07,410 [INFO] Scenario 0: Scheduled 456 vehicles.
2026-02-25 15:42:11,084 [INFO] Sim progress: t=300/6600, active_vehicles=129, wall=69.0s for +300s sim
2026-02-25 15:42:14,674 [INFO] Sim progress: t=600/6600, active_vehicles=180, wall=3.6s for +300s sim
2026-02-25 15:43:06,427 [WARNING] Training: slow explore chunk 124.28s at global step 120
2026-02-25 15:46:10,259 [WARNING] Watchdog: no training progress for 183.8s (stage=run:backward). Dumping stacks...
2026-02-25 15:47:16,734 [WARNING] Training: slow backward 250.31s at global step 120
2026-02-25 15:47:16,788 [INFO] Injecting traffic for Scenario 1 at t=600
2026-02-25 15:47:16,849 [INFO] Scenario 1: Scheduled 516 vehicles.
2026-02-25 15:47:20,408 [INFO] Sim progress: t=900/6600, active_vehicles=241, wall=305.7s for +300s sim
2026-02-25 15:47:24,428 [INFO] Sim progress: t=1200/6600, active_vehicles=287, wall=4.0s for +300s sim
2026-02-25 15:47:26,368 [INFO] Injecting traffic for Scenario 2 at t=1200
2026-02-25 15:47:26,438 [INFO] Scenario 2: Scheduled 528 vehicles.
2026-02-25 15:47:29,871 [INFO] Sim progress: t=1500/6600, active_vehicles=347, wall=5.4s for +300s sim
2026-02-25 15:47:33,996 [INFO] Sim progress: t=1800/6600, active_vehicles=369, wall=4.1s for +300s sim
2026-02-25 15:47:36,141 [INFO] Injecting traffic for Scenario 3 at t=1800
2026-02-25 15:47:36,203 [INFO] Scenario 3: Scheduled 487 vehicles.
2026-02-25 15:47:39,835 [INFO] Sim progress: t=2100/6600, active_vehicles=469, wall=5.8s for +300s sim
2026-02-25 15:47:43,778 [INFO] Sim progress: t=2400/6600, active_vehicles=515, wall=3.9s for +300s sim
2026-02-25 15:47:45,912 [INFO] Injecting traffic for Scenario 4 at t=2400
2026-02-25 15:47:45,977 [INFO] Scenario 4: Scheduled 504 vehicles.
2026-02-25 15:47:49,789 [INFO] Sim progress: t=2700/6600, active_vehicles=517, wall=6.0s for +300s sim
2026-02-25 15:47:53,847 [INFO] Sim progress: t=3000/6600, active_vehicles=504, wall=4.1s for +300s sim
2026-02-25 15:47:56,018 [INFO] Injecting traffic for Scenario 5 at t=3000
2026-02-25 15:47:56,118 [INFO] Scenario 5: Scheduled 486 vehicles.
2026-02-25 15:48:00,165 [INFO] Sim progress: t=3300/6600, active_vehicles=603, wall=6.3s for +300s sim
2026-02-25 15:48:04,019 [INFO] Sim progress: t=3600/6600, active_vehicles=645, wall=3.9s for +300s sim
2026-02-25 15:48:06,105 [INFO] Injecting traffic for Scenario 6 at t=3600
2026-02-25 15:48:06,167 [INFO] Scenario 6: Scheduled 466 vehicles.
2026-02-25 15:48:10,160 [INFO] Sim progress: t=3900/6600, active_vehicles=776, wall=6.1s for +300s sim
2026-02-25 15:48:14,090 [INFO] Sim progress: t=4200/6600, active_vehicles=908, wall=3.9s for +300s sim
2026-02-25 15:48:16,068 [INFO] Injecting traffic for Scenario 7 at t=4200
2026-02-25 15:48:16,133 [INFO] Scenario 7: Scheduled 496 vehicles.
2026-02-25 15:48:20,281 [INFO] Sim progress: t=4500/6600, active_vehicles=1043, wall=6.2s for +300s sim
2026-02-25 15:48:24,699 [INFO] Sim progress: t=4800/6600, active_vehicles=1164, wall=4.4s for +300s sim
2026-02-25 15:48:26,960 [INFO] Injecting traffic for Scenario 8 at t=4800
2026-02-25 15:48:27,025 [INFO] Scenario 8: Scheduled 529 vehicles.
2026-02-25 15:48:31,206 [INFO] Sim progress: t=5100/6600, active_vehicles=1198, wall=6.5s for +300s sim
2026-02-25 15:48:35,467 [INFO] Sim progress: t=5400/6600, active_vehicles=1249, wall=4.3s for +300s sim
2026-02-25 15:48:37,694 [INFO] Injecting traffic for Scenario 9 at t=5400
2026-02-25 15:48:37,764 [INFO] Scenario 9: Scheduled 496 vehicles.
2026-02-25 15:48:42,087 [INFO] Sim progress: t=5700/6600, active_vehicles=1317, wall=6.6s for +300s sim
2026-02-25 15:48:48,458 [INFO] Sim progress: t=6000/6600, active_vehicles=1382, wall=6.4s for +300s sim
2026-02-25 15:48:53,974 [INFO] Injecting traffic for Scenario 10 at t=6000
2026-02-25 15:48:54,002 [INFO] Scenario 10: Scheduled 532 vehicles.
2026-02-25 15:48:58,016 [INFO] Sim progress: t=6300/6600, active_vehicles=1379, wall=9.6s for +300s sim
2026-02-25 15:49:02,515 [INFO] Sim progress: t=6600/6600, active_vehicles=1394, wall=4.5s for +300s sim
2026-02-25 15:49:04,686 [INFO] Training: episode 1 done at global step 1320, terminating env ...
2026-02-25 15:49:04,750 [INFO] Training: env termination finished in 0.06s
2026-02-25 15:49:06,528 [INFO] Training: episode 1 finished in 486.58s (global step 1320, avg R -1939.83)
2026-02-25 15:49:08,730 [INFO] TraCI connection established on port 8000
2026-02-25 15:49:08,759 [INFO] Training: episode 2 started at global step 1320
2026-02-25 15:49:08,798 [INFO] Injecting traffic for Scenario 0 at t=0
2026-02-25 15:49:08,887 [INFO] Scenario 0: Scheduled 470 vehicles.
2026-02-25 15:49:12,801 [INFO] Sim progress: t=300/6600, active_vehicles=135, wall=4.1s for +300s sim
2026-02-25 15:49:16,472 [INFO] Sim progress: t=600/6600, active_vehicles=179, wall=3.7s for +300s sim
2026-02-25 15:49:18,910 [INFO] Injecting traffic for Scenario 1 at t=600
2026-02-25 15:49:18,975 [INFO] Scenario 1: Scheduled 479 vehicles.
2026-02-25 15:49:22,841 [INFO] Sim progress: t=900/6600, active_vehicles=253, wall=6.4s for +300s sim
2026-02-25 15:49:26,657 [INFO] Sim progress: t=1200/6600, active_vehicles=263, wall=3.8s for +300s sim
2026-02-25 15:49:29,126 [INFO] Injecting traffic for Scenario 2 at t=1200
2026-02-25 15:49:29,204 [INFO] Scenario 2: Scheduled 511 vehicles.
2026-02-25 15:49:32,982 [INFO] Sim progress: t=1500/6600, active_vehicles=349, wall=6.3s for +300s sim
2026-02-25 15:49:36,854 [INFO] Sim progress: t=1800/6600, active_vehicles=393, wall=3.9s for +300s sim
2026-02-25 15:49:39,626 [INFO] Injecting traffic for Scenario 3 at t=1800
2026-02-25 15:49:39,691 [INFO] Scenario 3: Scheduled 541 vehicles.
2026-02-25 15:49:43,575 [INFO] Sim progress: t=2100/6600, active_vehicles=509, wall=6.7s for +300s sim
2026-02-25 15:49:47,469 [INFO] Sim progress: t=2400/6600, active_vehicles=568, wall=3.9s for +300s sim
2026-02-25 15:49:50,319 [INFO] Injecting traffic for Scenario 4 at t=2400
2026-02-25 15:49:50,387 [INFO] Scenario 4: Scheduled 529 vehicles.
2026-02-25 15:49:54,427 [INFO] Sim progress: t=2700/6600, active_vehicles=559, wall=7.0s for +300s sim
2026-02-25 15:49:58,420 [INFO] Sim progress: t=3000/6600, active_vehicles=543, wall=4.0s for +300s sim
2026-02-25 15:50:01,367 [INFO] Injecting traffic for Scenario 5 at t=3000
2026-02-25 15:50:01,455 [INFO] Scenario 5: Scheduled 452 vehicles.
2026-02-25 15:50:05,495 [INFO] Sim progress: t=3300/6600, active_vehicles=575, wall=7.1s for +300s sim
2026-02-25 15:50:09,554 [INFO] Sim progress: t=3600/6600, active_vehicles=634, wall=4.1s for +300s sim
2026-02-25 15:50:12,223 [INFO] Injecting traffic for Scenario 6 at t=3600
2026-02-25 15:50:12,291 [INFO] Scenario 6: Scheduled 497 vehicles.
2026-02-25 15:50:16,379 [INFO] Sim progress: t=3900/6600, active_vehicles=759, wall=6.8s for +300s sim
2026-02-25 15:50:20,499 [INFO] Sim progress: t=4200/6600, active_vehicles=849, wall=4.1s for +300s sim
2026-02-25 15:53:20,690 [WARNING] Watchdog: no training progress for 180.1s (stage=run:backward). Dumping stacks...
2026-02-25 15:54:50,781 [WARNING] Watchdog: no training progress for 270.2s (stage=run:backward). Dumping stacks...
2026-02-25 15:56:20,872 [WARNING] Watchdog: no training progress for 360.3s (stage=run:backward). Dumping stacks...
2026-02-25 15:57:50,963 [WARNING] Watchdog: no training progress for 450.4s (stage=run:backward). Dumping stacks...
2026-02-25 15:59:21,054 [WARNING] Watchdog: no training progress for 540.5s (stage=run:backward). Dumping stacks...
2026-02-25 16:00:51,144 [WARNING] Watchdog: no training progress for 630.6s (stage=run:backward). Dumping stacks...
2026-02-25 16:02:21,235 [WARNING] Watchdog: no training progress for 720.7s (stage=run:backward). Dumping stacks...
2026-02-25 16:03:51,325 [WARNING] Watchdog: no training progress for 810.8s (stage=run:backward). Dumping stacks...
2026-02-25 16:05:21,417 [WARNING] Watchdog: no training progress for 900.9s (stage=run:backward). Dumping stacks...
2026-02-25 16:06:51,509 [WARNING] Watchdog: no training progress for 991.0s (stage=run:backward). Dumping stacks...
2026-02-25 16:08:21,600 [WARNING] Watchdog: no training progress for 1081.1s (stage=run:backward). Dumping stacks...
2026-02-25 16:09:51,691 [WARNING] Watchdog: no training progress for 1171.2s (stage=run:backward). Dumping stacks...
2026-02-25 16:11:21,781 [WARNING] Watchdog: no training progress for 1261.2s (stage=run:backward). Dumping stacks...
2026-02-25 16:12:51,872 [WARNING] Watchdog: no training progress for 1351.3s (stage=run:backward). Dumping stacks...
2026-02-25 16:14:21,964 [WARNING] Watchdog: no training progress for 1441.4s (stage=run:backward). Dumping stacks...
2026-02-25 16:15:52,055 [WARNING] Watchdog: no training progress for 1531.5s (stage=run:backward). Dumping stacks...
2026-02-25 16:17:22,146 [WARNING] Watchdog: no training progress for 1621.6s (stage=run:backward). Dumping stacks...
2026-02-25 16:18:52,237 [WARNING] Watchdog: no training progress for 1711.7s (stage=run:backward). Dumping stacks...
2026-02-25 16:20:22,328 [WARNING] Watchdog: no training progress for 1801.8s (stage=run:backward). Dumping stacks...
2026-02-25 16:21:52,414 [WARNING] Watchdog: no training progress for 1891.9s (stage=run:backward). Dumping stacks...
2026-02-25 16:23:22,505 [WARNING] Watchdog: no training progress for 1982.0s (stage=run:backward). Dumping stacks...
2026-02-25 16:24:52,595 [WARNING] Watchdog: no training progress for 2072.1s (stage=run:backward). Dumping stacks...
2026-02-25 16:26:22,687 [WARNING] Watchdog: no training progress for 2162.1s (stage=run:backward). Dumping stacks...
2026-02-25 16:27:52,778 [WARNING] Watchdog: no training progress for 2252.2s (stage=run:backward). Dumping stacks...
2026-02-25 16:29:22,868 [WARNING] Watchdog: no training progress for 2342.3s (stage=run:backward). Dumping stacks...
2026-02-25 16:30:52,959 [WARNING] Watchdog: no training progress for 2432.4s (stage=run:backward). Dumping stacks...
2026-02-25 16:32:23,049 [WARNING] Watchdog: no training progress for 2522.5s (stage=run:backward). Dumping stacks...
2026-02-25 16:33:53,141 [WARNING] Watchdog: no training progress for 2612.6s (stage=run:backward). Dumping stacks...
2026-02-25 16:35:23,231 [WARNING] Watchdog: no training progress for 2702.7s (stage=run:backward). Dumping stacks...
2026-02-25 16:36:53,325 [WARNING] Watchdog: no training progress for 2792.8s (stage=run:backward). Dumping stacks...
2026-02-25 16:38:23,416 [WARNING] Watchdog: no training progress for 2882.9s (stage=run:backward). Dumping stacks...
2026-02-25 16:39:53,507 [WARNING] Watchdog: no training progress for 2973.0s (stage=run:backward). Dumping stacks...
2026-02-25 16:41:23,598 [WARNING] Watchdog: no training progress for 3063.1s (stage=run:backward). Dumping stacks...
2026-02-25 16:42:53,688 [WARNING] Watchdog: no training progress for 3153.1s (stage=run:backward). Dumping stacks...
2026-02-25 16:44:23,779 [WARNING] Watchdog: no training progress for 3243.2s (stage=run:backward). Dumping stacks...
2026-02-25 16:45:53,869 [WARNING] Watchdog: no training progress for 3333.3s (stage=run:backward). Dumping stacks...
2026-02-25 16:47:23,959 [WARNING] Watchdog: no training progress for 3423.4s (stage=run:backward). Dumping stacks...
2026-02-25 16:48:54,022 [WARNING] Watchdog: no training progress for 3513.5s (stage=run:backward). Dumping stacks...
2026-02-25 16:50:24,105 [WARNING] Watchdog: no training progress for 3603.6s (stage=run:backward). Dumping stacks...
2026-02-25 16:51:54,178 [WARNING] Watchdog: no training progress for 3693.6s (stage=run:backward). Dumping stacks...
2026-02-25 16:53:24,245 [WARNING] Watchdog: no training progress for 3783.7s (stage=run:backward). Dumping stacks...
2026-02-25 16:54:54,320 [WARNING] Watchdog: no training progress for 3873.8s (stage=run:backward). Dumping stacks...
2026-02-25 16:56:24,380 [WARNING] Watchdog: no training progress for 3963.8s (stage=run:backward). Dumping stacks...
2026-02-25 16:57:54,464 [WARNING] Watchdog: no training progress for 4053.9s (stage=run:backward). Dumping stacks...
2026-02-25 16:59:24,530 [WARNING] Watchdog: no training progress for 4144.0s (stage=run:backward). Dumping stacks...
2026-02-25 17:00:54,611 [WARNING] Watchdog: no training progress for 4234.1s (stage=run:backward). Dumping stacks...
2026-02-25 17:02:24,695 [WARNING] Watchdog: no training progress for 4324.2s (stage=run:backward). Dumping stacks...
2026-02-25 17:03:54,774 [WARNING] Watchdog: no training progress for 4414.2s (stage=run:backward). Dumping stacks...
2026-02-25 17:05:24,829 [WARNING] Watchdog: no training progress for 4504.3s (stage=run:backward). Dumping stacks...
2026-02-25 17:06:54,914 [WARNING] Watchdog: no training progress for 4594.4s (stage=run:backward). Dumping stacks...
2026-02-25 17:08:24,998 [WARNING] Watchdog: no training progress for 4684.5s (stage=run:backward). Dumping stacks...
2026-02-25 17:09:55,087 [WARNING] Watchdog: no training progress for 4774.5s (stage=run:backward). Dumping stacks...
2026-02-25 17:11:25,168 [WARNING] Watchdog: no training progress for 4864.6s (stage=run:backward). Dumping stacks...
2026-02-25 17:12:55,239 [WARNING] Watchdog: no training progress for 4954.7s (stage=run:backward). Dumping stacks...
2026-02-25 17:14:25,306 [WARNING] Watchdog: no training progress for 5044.8s (stage=run:backward). Dumping stacks...
2026-02-25 17:15:55,381 [WARNING] Watchdog: no training progress for 5134.8s (stage=run:backward). Dumping stacks...
2026-02-25 17:17:25,473 [WARNING] Watchdog: no training progress for 5224.9s (stage=run:backward). Dumping stacks...
2026-02-25 17:18:55,539 [WARNING] Watchdog: no training progress for 5315.0s (stage=run:backward). Dumping stacks...
2026-02-25 17:20:25,618 [WARNING] Watchdog: no training progress for 5405.1s (stage=run:backward). Dumping stacks...
2026-02-25 17:21:55,697 [WARNING] Watchdog: no training progress for 5495.2s (stage=run:backward). Dumping stacks...
2026-02-25 17:23:25,753 [WARNING] Watchdog: no training progress for 5585.2s (stage=run:backward). Dumping stacks...
2026-02-25 17:24:55,806 [WARNING] Watchdog: no training progress for 5675.3s (stage=run:backward). Dumping stacks...
2026-02-25 17:26:25,871 [WARNING] Watchdog: no training progress for 5765.3s (stage=run:backward). Dumping stacks...
2026-02-25 17:27:55,933 [WARNING] Watchdog: no training progress for 5855.4s (stage=run:backward). Dumping stacks...
2026-02-25 17:29:26,026 [WARNING] Watchdog: no training progress for 5945.5s (stage=run:backward). Dumping stacks...
2026-02-25 17:30:56,111 [WARNING] Watchdog: no training progress for 6035.6s (stage=run:backward). Dumping stacks...
2026-02-25 17:32:26,170 [WARNING] Watchdog: no training progress for 6125.6s (stage=run:backward). Dumping stacks...
2026-02-25 17:33:56,234 [WARNING] Watchdog: no training progress for 6215.7s (stage=run:backward). Dumping stacks...
2026-02-25 17:35:26,318 [WARNING] Watchdog: no training progress for 6305.8s (stage=run:backward). Dumping stacks...
2026-02-25 17:36:56,407 [WARNING] Watchdog: no training progress for 6395.9s (stage=run:backward). Dumping stacks...
2026-02-25 17:38:26,491 [WARNING] Watchdog: no training progress for 6486.0s (stage=run:backward). Dumping stacks...
2026-02-25 17:39:56,570 [WARNING] Watchdog: no training progress for 6576.0s (stage=run:backward). Dumping stacks...
2026-02-25 17:41:26,627 [WARNING] Watchdog: no training progress for 6666.1s (stage=run:backward). Dumping stacks...
2026-02-25 17:42:56,708 [WARNING] Watchdog: no training progress for 6756.2s (stage=run:backward). Dumping stacks...
2026-02-25 17:44:26,781 [WARNING] Watchdog: no training progress for 6846.2s (stage=run:backward). Dumping stacks...
2026-02-25 17:45:56,844 [WARNING] Watchdog: no training progress for 6936.3s (stage=run:backward). Dumping stacks...
2026-02-25 17:47:26,933 [WARNING] Watchdog: no training progress for 7026.4s (stage=run:backward). Dumping stacks...
2026-02-25 17:48:57,017 [WARNING] Watchdog: no training progress for 7116.5s (stage=run:backward). Dumping stacks...
2026-02-25 17:50:27,105 [WARNING] Watchdog: no training progress for 7206.6s (stage=run:backward). Dumping stacks...
2026-02-25 17:51:57,165 [WARNING] Watchdog: no training progress for 7296.6s (stage=run:backward). Dumping stacks...
2026-02-25 17:53:27,237 [WARNING] Watchdog: no training progress for 7386.7s (stage=run:backward). Dumping stacks...
2026-02-25 17:54:57,311 [WARNING] Watchdog: no training progress for 7476.8s (stage=run:backward). Dumping stacks...
2026-02-25 17:56:27,378 [WARNING] Watchdog: no training progress for 7566.8s (stage=run:backward). Dumping stacks...
2026-02-25 17:57:57,461 [WARNING] Watchdog: no training progress for 7656.9s (stage=run:backward). Dumping stacks...
2026-02-25 17:59:27,540 [WARNING] Watchdog: no training progress for 7747.0s (stage=run:backward). Dumping stacks...
2026-02-25 18:00:57,617 [WARNING] Watchdog: no training progress for 7837.1s (stage=run:backward). Dumping stacks...
2026-02-25 18:02:27,702 [WARNING] Watchdog: no training progress for 7927.2s (stage=run:backward). Dumping stacks...
2026-02-25 18:03:57,780 [WARNING] Watchdog: no training progress for 8017.2s (stage=run:backward). Dumping stacks...
2026-02-25 18:05:27,841 [WARNING] Watchdog: no training progress for 8107.3s (stage=run:backward). Dumping stacks...
2026-02-25 18:06:57,924 [WARNING] Watchdog: no training progress for 8197.4s (stage=run:backward). Dumping stacks...
2026-02-25 18:08:27,989 [WARNING] Watchdog: no training progress for 8287.4s (stage=run:backward). Dumping stacks...
2026-02-25 18:09:58,070 [WARNING] Watchdog: no training progress for 8377.5s (stage=run:backward). Dumping stacks...
2026-02-25 18:11:28,155 [WARNING] Watchdog: no training progress for 8467.6s (stage=run:backward). Dumping stacks...
2026-02-25 18:12:58,232 [WARNING] Watchdog: no training progress for 8557.7s (stage=run:backward). Dumping stacks...
2026-02-25 18:14:28,316 [WARNING] Watchdog: no training progress for 8647.8s (stage=run:backward). Dumping stacks...
2026-02-25 18:15:58,396 [WARNING] Watchdog: no training progress for 8737.9s (stage=run:backward). Dumping stacks...
2026-02-25 18:17:28,466 [WARNING] Watchdog: no training progress for 8827.9s (stage=run:backward). Dumping stacks...
2026-02-25 18:18:58,543 [WARNING] Watchdog: no training progress for 8918.0s (stage=run:backward). Dumping stacks...
2026-02-25 18:20:28,619 [WARNING] Watchdog: no training progress for 9008.1s (stage=run:backward). Dumping stacks...
2026-02-25 18:21:58,710 [WARNING] Watchdog: no training progress for 9098.2s (stage=run:backward). Dumping stacks...
2026-02-25 18:23:28,801 [WARNING] Watchdog: no training progress for 9188.3s (stage=run:backward). Dumping stacks...
2026-02-25 18:24:58,861 [WARNING] Watchdog: no training progress for 9278.3s (stage=run:backward). Dumping stacks...
2026-02-25 18:26:28,940 [WARNING] Watchdog: no training progress for 9368.4s (stage=run:backward). Dumping stacks...
2026-02-25 18:27:59,015 [WARNING] Watchdog: no training progress for 9458.5s (stage=run:backward). Dumping stacks...
2026-02-25 18:29:29,091 [WARNING] Watchdog: no training progress for 9548.6s (stage=run:backward). Dumping stacks...
2026-02-25 18:30:59,162 [WARNING] Watchdog: no training progress for 9638.6s (stage=run:backward). Dumping stacks...
2026-02-25 18:32:29,237 [WARNING] Watchdog: no training progress for 9728.7s (stage=run:backward). Dumping stacks...
2026-02-25 18:33:59,303 [WARNING] Watchdog: no training progress for 9818.8s (stage=run:backward). Dumping stacks...
2026-02-25 18:35:29,377 [WARNING] Watchdog: no training progress for 9908.8s (stage=run:backward). Dumping stacks...
2026-02-25 18:36:59,470 [WARNING] Watchdog: no training progress for 9998.9s (stage=run:backward). Dumping stacks...
2026-02-25 18:38:29,544 [WARNING] Watchdog: no training progress for 10089.0s (stage=run:backward). Dumping stacks...
2026-02-25 18:39:59,625 [WARNING] Watchdog: no training progress for 10179.1s (stage=run:backward). Dumping stacks...
2026-02-25 18:41:29,698 [WARNING] Watchdog: no training progress for 10269.2s (stage=run:backward). Dumping stacks...
2026-02-25 18:42:59,771 [WARNING] Watchdog: no training progress for 10359.2s (stage=run:backward). Dumping stacks...
2026-02-25 18:44:29,846 [WARNING] Watchdog: no training progress for 10449.3s (stage=run:backward). Dumping stacks...
2026-02-25 18:45:59,920 [WARNING] Watchdog: no training progress for 10539.4s (stage=run:backward). Dumping stacks...
2026-02-25 18:47:30,005 [WARNING] Watchdog: no training progress for 10629.5s (stage=run:backward). Dumping stacks...
2026-02-25 18:49:00,086 [WARNING] Watchdog: no training progress for 10719.5s (stage=run:backward). Dumping stacks...
2026-02-25 18:50:30,170 [WARNING] Watchdog: no training progress for 10809.6s (stage=run:backward). Dumping stacks...
2026-02-25 18:52:00,254 [WARNING] Watchdog: no training progress for 10899.7s (stage=run:backward). Dumping stacks...
2026-02-25 18:53:30,336 [WARNING] Watchdog: no training progress for 10989.8s (stage=run:backward). Dumping stacks...
2026-02-25 18:55:00,402 [WARNING] Watchdog: no training progress for 11079.9s (stage=run:backward). Dumping stacks...
2026-02-25 18:56:30,483 [WARNING] Watchdog: no training progress for 11169.9s (stage=run:backward). Dumping stacks...
2026-02-25 18:58:00,556 [WARNING] Watchdog: no training progress for 11260.0s (stage=run:backward). Dumping stacks...
2026-02-25 18:59:30,630 [WARNING] Watchdog: no training progress for 11350.1s (stage=run:backward). Dumping stacks...
2026-02-25 19:01:00,697 [WARNING] Watchdog: no training progress for 11440.2s (stage=run:backward). Dumping stacks...
2026-02-25 19:02:30,769 [WARNING] Watchdog: no training progress for 11530.2s (stage=run:backward). Dumping stacks...
2026-02-25 19:04:00,857 [WARNING] Watchdog: no training progress for 11620.3s (stage=run:backward). Dumping stacks...
2026-02-25 19:05:30,926 [WARNING] Watchdog: no training progress for 11710.4s (stage=run:backward). Dumping stacks...
2026-02-25 19:07:01,007 [WARNING] Watchdog: no training progress for 11800.5s (stage=run:backward). Dumping stacks...
2026-02-25 19:08:31,094 [WARNING] Watchdog: no training progress for 11890.6s (stage=run:backward). Dumping stacks...
2026-02-25 19:10:01,178 [WARNING] Watchdog: no training progress for 11980.6s (stage=run:backward). Dumping stacks...
2026-02-25 19:11:31,255 [WARNING] Watchdog: no training progress for 12070.7s (stage=run:backward). Dumping stacks...
2026-02-25 19:13:01,339 [WARNING] Watchdog: no training progress for 12160.8s (stage=run:backward). Dumping stacks...
2026-02-25 19:14:31,405 [WARNING] Watchdog: no training progress for 12250.9s (stage=run:backward). Dumping stacks...
2026-02-25 19:16:01,488 [WARNING] Watchdog: no training progress for 12340.9s (stage=run:backward). Dumping stacks...
2026-02-25 19:17:31,575 [WARNING] Watchdog: no training progress for 12431.0s (stage=run:backward). Dumping stacks...
2026-02-25 19:19:01,656 [WARNING] Watchdog: no training progress for 12521.1s (stage=run:backward). Dumping stacks...
2026-02-25 19:20:31,733 [WARNING] Watchdog: no training progress for 12611.2s (stage=run:backward). Dumping stacks...
2026-02-25 19:22:01,819 [WARNING] Watchdog: no training progress for 12701.3s (stage=run:backward). Dumping stacks...
2026-02-25 19:23:31,902 [WARNING] Watchdog: no training progress for 12791.4s (stage=run:backward). Dumping stacks...
2026-02-25 19:25:01,992 [WARNING] Watchdog: no training progress for 12881.5s (stage=run:backward). Dumping stacks...
2026-02-25 19:26:32,073 [WARNING] Watchdog: no training progress for 12971.5s (stage=run:backward). Dumping stacks...
2026-02-25 19:28:02,133 [WARNING] Watchdog: no training progress for 13061.6s (stage=run:backward). Dumping stacks...
2026-02-25 19:29:32,198 [WARNING] Watchdog: no training progress for 13151.7s (stage=run:backward). Dumping stacks...
2026-02-25 19:31:02,284 [WARNING] Watchdog: no training progress for 13241.7s (stage=run:backward). Dumping stacks...
2026-02-25 19:32:32,356 [WARNING] Watchdog: no training progress for 13331.8s (stage=run:backward). Dumping stacks...
2026-02-25 19:34:02,439 [WARNING] Watchdog: no training progress for 13421.9s (stage=run:backward). Dumping stacks...
